{"C:\\Users\\blued\\gits\\llm-pdf-ingest\\mobile\\app\\index.tsx": {"path":"C:\\Users\\blued\\gits\\llm-pdf-ingest\\mobile\\app\\index.tsx","statementMap":{"0":{"start":{"line":8,"column":0},"end":{"line":8,"column":24}},"1":{"start":{"line":1,"column":0},"end":{"line":1,"column":68}},"2":{"start":{"line":2,"column":0},"end":{"line":2,"column":141}},"3":{"start":{"line":3,"column":0},"end":{"line":3,"column":37}},"4":{"start":{"line":4,"column":0},"end":{"line":4,"column":63}},"5":{"start":{"line":5,"column":0},"end":{"line":5,"column":44}},"6":{"start":{"line":6,"column":0},"end":{"line":6,"column":66}},"7":{"start":{"line":9,"column":56},"end":{"line":9,"column":73}},"8":{"start":{"line":10,"column":40},"end":{"line":10,"column":52}},"9":{"start":{"line":11,"column":52},"end":{"line":11,"column":67}},"10":{"start":{"line":12,"column":42},"end":{"line":12,"column":94}},"11":{"start":{"line":15,"column":48},"end":{"line":15,"column":77}},"12":{"start":{"line":16,"column":20},"end":{"line":16,"column":57}},"13":{"start":{"line":17,"column":19},"end":{"line":17,"column":56}},"14":{"start":{"line":19,"column":2},"end":{"line":24,"column":9}},"15":{"start":{"line":21,"column":4},"end":{"line":21,"column":29}},"16":{"start":{"line":22,"column":4},"end":{"line":22,"column":26}},"17":{"start":{"line":23,"column":4},"end":{"line":23,"column":25}},"18":{"start":{"line":26,"column":2},"end":{"line":34,"column":14}},"19":{"start":{"line":27,"column":4},"end":{"line":33,"column":5}},"20":{"start":{"line":28,"column":6},"end":{"line":32,"column":8}},"21":{"start":{"line":36,"column":29},"end":{"line":59,"column":3}},"22":{"start":{"line":37,"column":4},"end":{"line":37,"column":30}},"23":{"start":{"line":38,"column":4},"end":{"line":58,"column":7}},"24":{"start":{"line":51,"column":6},"end":{"line":51,"column":38}},"25":{"start":{"line":53,"column":6},"end":{"line":57,"column":14}},"26":{"start":{"line":54,"column":8},"end":{"line":54,"column":30}},"27":{"start":{"line":55,"column":8},"end":{"line":55,"column":29}},"28":{"start":{"line":56,"column":8},"end":{"line":56,"column":33}},"29":{"start":{"line":61,"column":28},"end":{"line":67,"column":30}},"30":{"start":{"line":62,"column":4},"end":{"line":62,"column":39}},"31":{"start":{"line":62,"column":22},"end":{"line":62,"column":39}},"32":{"start":{"line":63,"column":4},"end":{"line":66,"column":6}},"33":{"start":{"line":64,"column":6},"end":{"line":65,"column":82}},"34":{"start":{"line":69,"column":31},"end":{"line":144,"column":3}},"35":{"start":{"line":70,"column":21},"end":{"line":70,"column":86}},"36":{"start":{"line":72,"column":4},"end":{"line":89,"column":5}},"37":{"start":{"line":73,"column":20},"end":{"line":73,"column":51}},"38":{"start":{"line":74,"column":6},"end":{"line":74,"column":26}},"39":{"start":{"line":75,"column":6},"end":{"line":75,"column":59}},"40":{"start":{"line":76,"column":6},"end":{"line":86,"column":8}},"41":{"start":{"line":77,"column":21},"end":{"line":77,"column":40}},"42":{"start":{"line":78,"column":8},"end":{"line":85,"column":9}},"43":{"start":{"line":79,"column":27},"end":{"line":82,"column":12}},"44":{"start":{"line":83,"column":10},"end":{"line":83,"column":36}},"45":{"start":{"line":84,"column":10},"end":{"line":84,"column":37}},"46":{"start":{"line":87,"column":6},"end":{"line":87,"column":20}},"47":{"start":{"line":88,"column":6},"end":{"line":88,"column":13}},"48":{"start":{"line":91,"column":4},"end":{"line":112,"column":5}},"49":{"start":{"line":92,"column":6},"end":{"line":109,"column":7}},"50":{"start":{"line":93,"column":20},"end":{"line":93,"column":35}},"51":{"start":{"line":94,"column":23},"end":{"line":94,"column":50}},"52":{"start":{"line":95,"column":8},"end":{"line":108,"column":9}},"53":{"start":{"line":96,"column":22},"end":{"line":99,"column":12}},"54":{"start":{"line":100,"column":10},"end":{"line":107,"column":11}},"55":{"start":{"line":101,"column":12},"end":{"line":104,"column":14}},"56":{"start":{"line":106,"column":12},"end":{"line":106,"column":19}},"57":{"start":{"line":111,"column":6},"end":{"line":111,"column":64}},"58":{"start":{"line":114,"column":4},"end":{"line":114,"column":32}},"59":{"start":{"line":117,"column":4},"end":{"line":141,"column":5}},"60":{"start":{"line":118,"column":6},"end":{"line":139,"column":8}},"61":{"start":{"line":124,"column":27},"end":{"line":124,"column":93}},"62":{"start":{"line":128,"column":27},"end":{"line":128,"column":95}},"63":{"start":{"line":132,"column":27},"end":{"line":132,"column":93}},"64":{"start":{"line":140,"column":6},"end":{"line":140,"column":13}},"65":{"start":{"line":143,"column":4},"end":{"line":143,"column":31}},"66":{"start":{"line":146,"column":35},"end":{"line":193,"column":3}},"67":{"start":{"line":147,"column":4},"end":{"line":192,"column":5}},"68":{"start":{"line":148,"column":29},"end":{"line":148,"column":74}},"69":{"start":{"line":149,"column":25},"end":{"line":149,"column":51}},"70":{"start":{"line":151,"column":35},"end":{"line":151,"column":37}},"71":{"start":{"line":152,"column":6},"end":{"line":171,"column":7}},"72":{"start":{"line":153,"column":37},"end":{"line":155,"column":null}},"73":{"start":{"line":157,"column":8},"end":{"line":157,"column":66}},"74":{"start":{"line":159,"column":8},"end":{"line":170,"column":10}},"75":{"start":{"line":173,"column":23},"end":{"line":173,"column":42}},"76":{"start":{"line":174,"column":22},"end":{"line":174,"column":44}},"77":{"start":{"line":177,"column":6},"end":{"line":185,"column":9}},"78":{"start":{"line":187,"column":6},"end":{"line":187,"column":23}},"79":{"start":{"line":188,"column":6},"end":{"line":188,"column":64}},"80":{"start":{"line":190,"column":6},"end":{"line":190,"column":31}},"81":{"start":{"line":191,"column":6},"end":{"line":191,"column":49}},"82":{"start":{"line":195,"column":27},"end":{"line":268,"column":null}},"83":{"start":{"line":196,"column":4},"end":{"line":267,"column":null}},"84":{"start":{"line":200,"column":28},"end":{"line":200,"column":55}},"85":{"start":{"line":212,"column":14},"end":{"line":212,"column":42}},"86":{"start":{"line":213,"column":14},"end":{"line":213,"column":103}},"87":{"start":{"line":213,"column":32},"end":{"line":213,"column":103}},"88":{"start":{"line":228,"column":14},"end":{"line":228,"column":42}},"89":{"start":{"line":229,"column":14},"end":{"line":229,"column":105}},"90":{"start":{"line":229,"column":32},"end":{"line":229,"column":105}},"91":{"start":{"line":244,"column":14},"end":{"line":244,"column":42}},"92":{"start":{"line":245,"column":14},"end":{"line":245,"column":103}},"93":{"start":{"line":245,"column":32},"end":{"line":245,"column":103}},"94":{"start":{"line":260,"column":14},"end":{"line":260,"column":42}},"95":{"start":{"line":261,"column":14},"end":{"line":261,"column":36}},"96":{"start":{"line":271,"column":2},"end":{"line":351,"column":4}},"97":{"start":{"line":301,"column":74},"end":{"line":301,"column":92}},"98":{"start":{"line":312,"column":32},"end":{"line":312,"column":39}},"99":{"start":{"line":315,"column":33},"end":{"line":315,"column":60}},"100":{"start":{"line":316,"column":12},"end":{"line":332,"column":14}},"101":{"start":{"line":325,"column":33},"end":{"line":325,"column":60}},"102":{"start":{"line":354,"column":15},"end":{"line":576,"column":2}}},"fnMap":{"0":{"name":"LibraryScreen","decl":{"start":{"line":8,"column":24},"end":{"line":8,"column":37}},"loc":{"start":{"line":8,"column":37},"end":{"line":352,"column":1}}},"1":{"name":"(anonymous_10)","decl":{"start":{"line":19,"column":12},"end":{"line":19,"column":15}},"loc":{"start":{"line":19,"column":17},"end":{"line":24,"column":3}}},"2":{"name":"(anonymous_11)","decl":{"start":{"line":26,"column":12},"end":{"line":26,"column":15}},"loc":{"start":{"line":26,"column":17},"end":{"line":34,"column":3}}},"3":{"name":"(anonymous_12)","decl":{"start":{"line":36,"column":29},"end":{"line":36,"column":30}},"loc":{"start":{"line":36,"column":47},"end":{"line":59,"column":3}}},"4":{"name":"(anonymous_13)","decl":{"start":{"line":50,"column":13},"end":{"line":50,"column":16}},"loc":{"start":{"line":50,"column":18},"end":{"line":58,"column":5}}},"5":{"name":"(anonymous_14)","decl":{"start":{"line":53,"column":17},"end":{"line":53,"column":20}},"loc":{"start":{"line":53,"column":22},"end":{"line":57,"column":7}}},"6":{"name":"(anonymous_15)","decl":{"start":{"line":61,"column":36},"end":{"line":61,"column":39}},"loc":{"start":{"line":61,"column":41},"end":{"line":67,"column":3}}},"7":{"name":"(anonymous_16)","decl":{"start":{"line":63,"column":28},"end":{"line":63,"column":31}},"loc":{"start":{"line":64,"column":6},"end":{"line":65,"column":82}}},"8":{"name":"(anonymous_17)","decl":{"start":{"line":69,"column":31},"end":{"line":69,"column":36}},"loc":{"start":{"line":69,"column":42},"end":{"line":144,"column":3}}},"9":{"name":"(anonymous_18)","decl":{"start":{"line":76,"column":23},"end":{"line":76,"column":28}},"loc":{"start":{"line":76,"column":40},"end":{"line":86,"column":7}}},"10":{"name":"(anonymous_19)","decl":{"start":{"line":124,"column":21},"end":{"line":124,"column":24}},"loc":{"start":{"line":124,"column":27},"end":{"line":124,"column":93}}},"11":{"name":"(anonymous_20)","decl":{"start":{"line":128,"column":21},"end":{"line":128,"column":24}},"loc":{"start":{"line":128,"column":27},"end":{"line":128,"column":95}}},"12":{"name":"(anonymous_21)","decl":{"start":{"line":132,"column":21},"end":{"line":132,"column":24}},"loc":{"start":{"line":132,"column":27},"end":{"line":132,"column":93}}},"13":{"name":"(anonymous_22)","decl":{"start":{"line":146,"column":35},"end":{"line":146,"column":40}},"loc":{"start":{"line":146,"column":117},"end":{"line":193,"column":3}}},"14":{"name":"(anonymous_23)","decl":{"start":{"line":195,"column":27},"end":{"line":195,"column":30}},"loc":{"start":{"line":196,"column":4},"end":{"line":267,"column":null}}},"15":{"name":"(anonymous_24)","decl":{"start":{"line":200,"column":22},"end":{"line":200,"column":25}},"loc":{"start":{"line":200,"column":28},"end":{"line":200,"column":55}}},"16":{"name":"(anonymous_25)","decl":{"start":{"line":211,"column":21},"end":{"line":211,"column":24}},"loc":{"start":{"line":211,"column":26},"end":{"line":214,"column":13}}},"17":{"name":"(anonymous_26)","decl":{"start":{"line":227,"column":21},"end":{"line":227,"column":24}},"loc":{"start":{"line":227,"column":26},"end":{"line":230,"column":13}}},"18":{"name":"(anonymous_27)","decl":{"start":{"line":243,"column":21},"end":{"line":243,"column":24}},"loc":{"start":{"line":243,"column":26},"end":{"line":246,"column":13}}},"19":{"name":"(anonymous_28)","decl":{"start":{"line":259,"column":21},"end":{"line":259,"column":24}},"loc":{"start":{"line":259,"column":26},"end":{"line":262,"column":13}}},"20":{"name":"(anonymous_29)","decl":{"start":{"line":301,"column":68},"end":{"line":301,"column":71}},"loc":{"start":{"line":301,"column":74},"end":{"line":301,"column":92}}},"21":{"name":"(anonymous_30)","decl":{"start":{"line":312,"column":24},"end":{"line":312,"column":28}},"loc":{"start":{"line":312,"column":32},"end":{"line":312,"column":39}}},"22":{"name":"(anonymous_31)","decl":{"start":{"line":314,"column":22},"end":{"line":314,"column":23}},"loc":{"start":{"line":314,"column":35},"end":{"line":333,"column":11}}},"23":{"name":"(anonymous_32)","decl":{"start":{"line":325,"column":27},"end":{"line":325,"column":30}},"loc":{"start":{"line":325,"column":33},"end":{"line":325,"column":60}}}},"branchMap":{"0":{"loc":{"start":{"line":27,"column":4},"end":{"line":33,"column":5}},"type":"if","locations":[{"start":{"line":27,"column":4},"end":{"line":33,"column":5}}]},"1":{"loc":{"start":{"line":62,"column":4},"end":{"line":62,"column":39}},"type":"if","locations":[{"start":{"line":62,"column":4},"end":{"line":62,"column":39}}]},"2":{"loc":{"start":{"line":64,"column":6},"end":{"line":65,"column":82}},"type":"binary-expr","locations":[{"start":{"line":64,"column":7},"end":{"line":64,"column":16}},{"start":{"line":64,"column":20},"end":{"line":64,"column":79}},{"start":{"line":65,"column":7},"end":{"line":65,"column":17}},{"start":{"line":65,"column":21},"end":{"line":65,"column":81}}]},"3":{"loc":{"start":{"line":72,"column":4},"end":{"line":89,"column":5}},"type":"if","locations":[{"start":{"line":72,"column":4},"end":{"line":89,"column":5}}]},"4":{"loc":{"start":{"line":72,"column":8},"end":{"line":72,"column":64}},"type":"binary-expr","locations":[{"start":{"line":72,"column":8},"end":{"line":72,"column":29}},{"start":{"line":72,"column":33},"end":{"line":72,"column":64}}]},"5":{"loc":{"start":{"line":78,"column":8},"end":{"line":85,"column":9}},"type":"if","locations":[{"start":{"line":78,"column":8},"end":{"line":85,"column":9}}]},"6":{"loc":{"start":{"line":92,"column":6},"end":{"line":109,"column":7}},"type":"if","locations":[{"start":{"line":92,"column":6},"end":{"line":109,"column":7}}]},"7":{"loc":{"start":{"line":95,"column":8},"end":{"line":108,"column":9}},"type":"if","locations":[{"start":{"line":95,"column":8},"end":{"line":108,"column":9}}]},"8":{"loc":{"start":{"line":95,"column":12},"end":{"line":95,"column":67}},"type":"binary-expr","locations":[{"start":{"line":95,"column":12},"end":{"line":95,"column":18}},{"start":{"line":95,"column":22},"end":{"line":95,"column":67}}]},"9":{"loc":{"start":{"line":100,"column":10},"end":{"line":107,"column":11}},"type":"if","locations":[{"start":{"line":100,"column":10},"end":{"line":107,"column":11}},{"start":{"line":105,"column":17},"end":{"line":107,"column":11}}]},"10":{"loc":{"start":{"line":100,"column":14},"end":{"line":100,"column":73}},"type":"binary-expr","locations":[{"start":{"line":100,"column":14},"end":{"line":100,"column":17}},{"start":{"line":100,"column":21},"end":{"line":100,"column":34}},{"start":{"line":100,"column":38},"end":{"line":100,"column":48}},{"start":{"line":100,"column":52},"end":{"line":100,"column":73}}]},"11":{"loc":{"start":{"line":117,"column":4},"end":{"line":141,"column":5}},"type":"if","locations":[{"start":{"line":117,"column":4},"end":{"line":141,"column":5}}]},"12":{"loc":{"start":{"line":152,"column":6},"end":{"line":171,"column":7}},"type":"if","locations":[{"start":{"line":152,"column":6},"end":{"line":171,"column":7}},{"start":{"line":158,"column":13},"end":{"line":171,"column":7}}]},"13":{"loc":{"start":{"line":213,"column":14},"end":{"line":213,"column":103}},"type":"if","locations":[{"start":{"line":213,"column":14},"end":{"line":213,"column":103}}]},"14":{"loc":{"start":{"line":229,"column":14},"end":{"line":229,"column":105}},"type":"if","locations":[{"start":{"line":229,"column":14},"end":{"line":229,"column":105}}]},"15":{"loc":{"start":{"line":245,"column":14},"end":{"line":245,"column":103}},"type":"if","locations":[{"start":{"line":245,"column":14},"end":{"line":245,"column":103}}]},"16":{"loc":{"start":{"line":274,"column":9},"end":{"line":284,"column":null}},"type":"binary-expr","locations":[{"start":{"line":274,"column":9},"end":{"line":274,"column":14}},{"start":{"line":275,"column":10},"end":{"line":283,"column":null}}]},"17":{"loc":{"start":{"line":300,"column":13},"end":{"line":303,"column":null}},"type":"binary-expr","locations":[{"start":{"line":300,"column":13},"end":{"line":300,"column":35}},{"start":{"line":301,"column":14},"end":{"line":302,"column":null}}]},"18":{"loc":{"start":{"line":319,"column":27},"end":{"line":319,"column":54}},"type":"cond-expr","locations":[{"start":{"line":319,"column":42},"end":{"line":319,"column":43}},{"start":{"line":319,"column":46},"end":{"line":319,"column":54}}]},"19":{"loc":{"start":{"line":320,"column":39},"end":{"line":320,"column":67}},"type":"cond-expr","locations":[{"start":{"line":320,"column":54},"end":{"line":320,"column":63}},{"start":{"line":320,"column":66},"end":{"line":320,"column":67}}]},"20":{"loc":{"start":{"line":329,"column":50},"end":{"line":329,"column":81}},"type":"binary-expr","locations":[{"start":{"line":329,"column":50},"end":{"line":329,"column":61}},{"start":{"line":329,"column":65},"end":{"line":329,"column":81}}]},"21":{"loc":{"start":{"line":456,"column":15},"end":{"line":456,"column":46}},"type":"cond-expr","locations":[{"start":{"line":456,"column":39},"end":{"line":456,"column":41}},{"start":{"line":456,"column":44},"end":{"line":456,"column":46}}]},"22":{"loc":{"start":{"line":558,"column":16},"end":{"line":558,"column":62}},"type":"cond-expr","locations":[{"start":{"line":558,"column":40},"end":{"line":558,"column":51}},{"start":{"line":558,"column":54},"end":{"line":558,"column":62}}]}},"s":{"0":1,"1":1,"2":1,"3":1,"4":1,"5":1,"6":1,"7":12,"8":12,"9":11,"10":11,"11":11,"12":11,"13":11,"14":11,"15":6,"16":6,"17":6,"18":11,"19":6,"20":0,"21":11,"22":1,"23":1,"24":1,"25":1,"26":0,"27":0,"28":0,"29":11,"30":6,"31":6,"32":0,"33":0,"34":11,"35":4,"36":4,"37":0,"38":0,"39":0,"40":0,"41":0,"42":0,"43":0,"44":0,"45":0,"46":0,"47":0,"48":4,"49":4,"50":4,"51":4,"52":0,"53":0,"54":0,"55":0,"56":0,"57":4,"58":4,"59":4,"60":4,"61":1,"62":0,"63":2,"64":4,"65":0,"66":11,"67":3,"68":3,"69":2,"70":2,"71":2,"72":1,"73":1,"74":1,"75":2,"76":2,"77":2,"78":2,"79":2,"80":1,"81":1,"82":11,"83":11,"84":0,"85":0,"86":0,"87":0,"88":0,"89":0,"90":0,"91":0,"92":0,"93":0,"94":0,"95":0,"96":11,"97":0,"98":0,"99":20,"100":20,"101":1,"102":1},"f":{"0":12,"1":6,"2":6,"3":1,"4":1,"5":0,"6":6,"7":0,"8":4,"9":0,"10":1,"11":0,"12":2,"13":3,"14":11,"15":0,"16":0,"17":0,"18":0,"19":0,"20":0,"21":0,"22":20,"23":1},"b":{"0":[0],"1":[6],"2":[0,0,0,0],"3":[0],"4":[4,0],"5":[0],"6":[4],"7":[0],"8":[0,0],"9":[0,0],"10":[0,0,0,0],"11":[4],"12":[1,1],"13":[0],"14":[0],"15":[0],"16":[11,0],"17":[11,0],"18":[0,20],"19":[0,20],"20":[20,0],"21":[0,1],"22":[0,1]}}
,"C:\\Users\\blued\\gits\\llm-pdf-ingest\\mobile\\app\\reader\\[id].tsx": {"path":"C:\\Users\\blued\\gits\\llm-pdf-ingest\\mobile\\app\\reader\\[id].tsx","statementMap":{"0":{"start":{"line":116,"column":0},"end":{"line":116,"column":24}},"1":{"start":{"line":1,"column":0},"end":{"line":1,"column":68}},"2":{"start":{"line":2,"column":0},"end":{"line":2,"column":null}},"3":{"start":{"line":19,"column":0},"end":{"line":21,"column":1}},"4":{"start":{"line":20,"column":2},"end":{"line":20,"column":56}},"5":{"start":{"line":22,"column":0},"end":{"line":22,"column":59}},"6":{"start":{"line":23,"column":0},"end":{"line":23,"column":68}},"7":{"start":{"line":24,"column":0},"end":{"line":24,"column":70}},"8":{"start":{"line":26,"column":0},"end":{"line":26,"column":null}},"9":{"start":{"line":33,"column":0},"end":{"line":33,"column":55}},"10":{"start":{"line":35,"column":0},"end":{"line":35,"column":66}},"11":{"start":{"line":36,"column":0},"end":{"line":36,"column":47}},"12":{"start":{"line":37,"column":0},"end":{"line":37,"column":97}},"13":{"start":{"line":38,"column":0},"end":{"line":38,"column":63}},"14":{"start":{"line":40,"column":13},"end":{"line":89,"column":2}},"15":{"start":{"line":91,"column":24},"end":{"line":114,"column":1}},"16":{"start":{"line":92,"column":18},"end":{"line":92,"column":55}},"17":{"start":{"line":93,"column":16},"end":{"line":93,"column":55}},"18":{"start":{"line":94,"column":2},"end":{"line":108,"column":23}},"19":{"start":{"line":95,"column":4},"end":{"line":107,"column":15}},"20":{"start":{"line":109,"column":2},"end":{"line":113,"column":4}},"21":{"start":{"line":117,"column":17},"end":{"line":117,"column":55}},"22":{"start":{"line":118,"column":20},"end":{"line":118,"column":41}},"23":{"start":{"line":119,"column":19},"end":{"line":119,"column":39}},"24":{"start":{"line":120,"column":66},"end":{"line":120,"column":83}},"25":{"start":{"line":122,"column":20},"end":{"line":122,"column":84}},"26":{"start":{"line":122,"column":34},"end":{"line":122,"column":66}},"27":{"start":{"line":122,"column":54},"end":{"line":122,"column":65}},"28":{"start":{"line":124,"column":48},"end":{"line":124,"column":92}},"29":{"start":{"line":125,"column":34},"end":{"line":125,"column":54}},"30":{"start":{"line":126,"column":38},"end":{"line":126,"column":64}},"31":{"start":{"line":127,"column":58},"end":{"line":127,"column":79}},"32":{"start":{"line":128,"column":40},"end":{"line":128,"column":87}},"33":{"start":{"line":129,"column":50},"end":{"line":129,"column":88}},"34":{"start":{"line":130,"column":60},"end":{"line":130,"column":93}},"35":{"start":{"line":132,"column":22},"end":{"line":132,"column":79}},"36":{"start":{"line":132,"column":36},"end":{"line":132,"column":59}},"37":{"start":{"line":134,"column":38},"end":{"line":134,"column":98}},"38":{"start":{"line":137,"column":2},"end":{"line":139,"column":39}},"39":{"start":{"line":138,"column":4},"end":{"line":138,"column":77}},"40":{"start":{"line":141,"column":48},"end":{"line":141,"column":77}},"41":{"start":{"line":142,"column":54},"end":{"line":142,"column":91}},"42":{"start":{"line":143,"column":40},"end":{"line":143,"column":66}},"43":{"start":{"line":144,"column":26},"end":{"line":144,"column":64}},"44":{"start":{"line":146,"column":44},"end":{"line":146,"column":72}},"45":{"start":{"line":147,"column":50},"end":{"line":147,"column":83}},"46":{"start":{"line":148,"column":50},"end":{"line":148,"column":65}},"47":{"start":{"line":151,"column":42},"end":{"line":151,"column":54}},"48":{"start":{"line":152,"column":58},"end":{"line":152,"column":86}},"49":{"start":{"line":155,"column":52},"end":{"line":155,"column":70}},"50":{"start":{"line":156,"column":54},"end":{"line":156,"column":72}},"51":{"start":{"line":157,"column":50},"end":{"line":157,"column":64}},"52":{"start":{"line":160,"column":2},"end":{"line":163,"column":17}},"53":{"start":{"line":161,"column":4},"end":{"line":161,"column":35}},"54":{"start":{"line":162,"column":4},"end":{"line":162,"column":36}},"55":{"start":{"line":168,"column":58},"end":{"line":168,"column":73}},"56":{"start":{"line":169,"column":20},"end":{"line":169,"column":59}},"57":{"start":{"line":171,"column":29},"end":{"line":178,"column":3}},"58":{"start":{"line":172,"column":4},"end":{"line":172,"column":34}},"59":{"start":{"line":173,"column":4},"end":{"line":177,"column":15}},"60":{"start":{"line":180,"column":30},"end":{"line":189,"column":3}},"61":{"start":{"line":181,"column":4},"end":{"line":188,"column":7}},"62":{"start":{"line":186,"column":6},"end":{"line":186,"column":37}},"63":{"start":{"line":187,"column":6},"end":{"line":187,"column":31}},"64":{"start":{"line":187,"column":20},"end":{"line":187,"column":31}},"65":{"start":{"line":192,"column":30},"end":{"line":192,"column":70}},"66":{"start":{"line":193,"column":30},"end":{"line":193,"column":67}},"67":{"start":{"line":194,"column":31},"end":{"line":194,"column":70}},"68":{"start":{"line":195,"column":31},"end":{"line":195,"column":68}},"69":{"start":{"line":197,"column":2},"end":{"line":214,"column":36}},"70":{"start":{"line":198,"column":4},"end":{"line":213,"column":5}},"71":{"start":{"line":199,"column":6},"end":{"line":199,"column":41}},"72":{"start":{"line":200,"column":6},"end":{"line":200,"column":38}},"73":{"start":{"line":201,"column":6},"end":{"line":212,"column":17}},"74":{"start":{"line":216,"column":2},"end":{"line":233,"column":37}},"75":{"start":{"line":217,"column":4},"end":{"line":232,"column":5}},"76":{"start":{"line":218,"column":6},"end":{"line":218,"column":41}},"77":{"start":{"line":219,"column":6},"end":{"line":219,"column":39}},"78":{"start":{"line":220,"column":6},"end":{"line":231,"column":17}},"79":{"start":{"line":235,"column":26},"end":{"line":254,"column":3}},"80":{"start":{"line":236,"column":4},"end":{"line":239,"column":5}},"81":{"start":{"line":237,"column":6},"end":{"line":237,"column":34}},"82":{"start":{"line":238,"column":6},"end":{"line":238,"column":13}},"83":{"start":{"line":240,"column":4},"end":{"line":253,"column":7}},"84":{"start":{"line":252,"column":6},"end":{"line":252,"column":34}},"85":{"start":{"line":256,"column":27},"end":{"line":275,"column":3}},"86":{"start":{"line":257,"column":4},"end":{"line":260,"column":5}},"87":{"start":{"line":258,"column":6},"end":{"line":258,"column":35}},"88":{"start":{"line":259,"column":6},"end":{"line":259,"column":13}},"89":{"start":{"line":261,"column":4},"end":{"line":274,"column":7}},"90":{"start":{"line":273,"column":6},"end":{"line":273,"column":35}},"91":{"start":{"line":277,"column":25},"end":{"line":284,"column":3}},"92":{"start":{"line":278,"column":4},"end":{"line":278,"column":73}},"93":{"start":{"line":279,"column":4},"end":{"line":283,"column":5}},"94":{"start":{"line":280,"column":6},"end":{"line":280,"column":24}},"95":{"start":{"line":282,"column":6},"end":{"line":282,"column":53}},"96":{"start":{"line":282,"column":46},"end":{"line":282,"column":51}},"97":{"start":{"line":286,"column":26},"end":{"line":293,"column":3}},"98":{"start":{"line":287,"column":4},"end":{"line":287,"column":73}},"99":{"start":{"line":288,"column":4},"end":{"line":292,"column":5}},"100":{"start":{"line":289,"column":6},"end":{"line":289,"column":25}},"101":{"start":{"line":291,"column":6},"end":{"line":291,"column":54}},"102":{"start":{"line":291,"column":47},"end":{"line":291,"column":52}},"103":{"start":{"line":295,"column":31},"end":{"line":298,"column":3}},"104":{"start":{"line":296,"column":4},"end":{"line":296,"column":73}},"105":{"start":{"line":297,"column":4},"end":{"line":297,"column":50}},"106":{"start":{"line":297,"column":43},"end":{"line":297,"column":48}},"107":{"start":{"line":301,"column":27},"end":{"line":301,"column":102}},"108":{"start":{"line":302,"column":29},"end":{"line":302,"column":102}},"109":{"start":{"line":303,"column":28},"end":{"line":303,"column":104}},"110":{"start":{"line":304,"column":30},"end":{"line":304,"column":104}},"111":{"start":{"line":307,"column":54},"end":{"line":307,"column":67}},"112":{"start":{"line":308,"column":26},"end":{"line":308,"column":63}},"113":{"start":{"line":309,"column":27},"end":{"line":309,"column":64}},"114":{"start":{"line":311,"column":2},"end":{"line":324,"column":36}},"115":{"start":{"line":312,"column":4},"end":{"line":323,"column":15}},"116":{"start":{"line":326,"column":2},"end":{"line":339,"column":37}},"117":{"start":{"line":327,"column":4},"end":{"line":338,"column":15}},"118":{"start":{"line":341,"column":2},"end":{"line":354,"column":45}},"119":{"start":{"line":342,"column":4},"end":{"line":353,"column":15}},"120":{"start":{"line":357,"column":38},"end":{"line":357,"column":58}},"121":{"start":{"line":358,"column":36},"end":{"line":358,"column":56}},"122":{"start":{"line":359,"column":52},"end":{"line":359,"column":67}},"123":{"start":{"line":360,"column":50},"end":{"line":360,"column":65}},"124":{"start":{"line":362,"column":48},"end":{"line":362,"column":63}},"125":{"start":{"line":363,"column":42},"end":{"line":363,"column":57}},"126":{"start":{"line":366,"column":25},"end":{"line":366,"column":50}},"127":{"start":{"line":368,"column":2},"end":{"line":372,"column":11}},"128":{"start":{"line":369,"column":4},"end":{"line":371,"column":5}},"129":{"start":{"line":370,"column":6},"end":{"line":370,"column":34}},"130":{"start":{"line":374,"column":2},"end":{"line":378,"column":17}},"131":{"start":{"line":375,"column":4},"end":{"line":377,"column":5}},"132":{"start":{"line":376,"column":6},"end":{"line":376,"column":41}},"133":{"start":{"line":380,"column":32},"end":{"line":404,"column":3}},"134":{"start":{"line":381,"column":4},"end":{"line":403,"column":5}},"135":{"start":{"line":382,"column":21},"end":{"line":384,"column":null}},"136":{"start":{"line":387,"column":6},"end":{"line":387,"column":72}},"137":{"start":{"line":387,"column":37},"end":{"line":387,"column":69}},"138":{"start":{"line":390,"column":23},"end":{"line":390,"column":77}},"139":{"start":{"line":390,"column":39},"end":{"line":390,"column":43}},"140":{"start":{"line":390,"column":56},"end":{"line":390,"column":66}},"141":{"start":{"line":391,"column":6},"end":{"line":400,"column":7}},"142":{"start":{"line":392,"column":21},"end":{"line":392,"column":118}},"143":{"start":{"line":393,"column":8},"end":{"line":399,"column":11}},"144":{"start":{"line":394,"column":27},"end":{"line":394,"column":36}},"145":{"start":{"line":395,"column":10},"end":{"line":397,"column":13}},"146":{"start":{"line":396,"column":12},"end":{"line":396,"column":69}},"147":{"start":{"line":396,"column":36},"end":{"line":396,"column":49}},"148":{"start":{"line":396,"column":52},"end":{"line":396,"column":69}},"149":{"start":{"line":398,"column":10},"end":{"line":398,"column":26}},"150":{"start":{"line":402,"column":6},"end":{"line":402,"column":49}},"151":{"start":{"line":406,"column":2},"end":{"line":410,"column":24}},"152":{"start":{"line":407,"column":4},"end":{"line":409,"column":5}},"153":{"start":{"line":408,"column":6},"end":{"line":408,"column":45}},"154":{"start":{"line":412,"column":24},"end":{"line":415,"column":43}},"155":{"start":{"line":413,"column":4},"end":{"line":413,"column":76}},"156":{"start":{"line":413,"column":66},"end":{"line":413,"column":76}},"157":{"start":{"line":414,"column":4},"end":{"line":414,"column":47}},"158":{"start":{"line":418,"column":2},"end":{"line":471,"column":22}},"159":{"start":{"line":419,"column":4},"end":{"line":419,"column":71}},"160":{"start":{"line":419,"column":64},"end":{"line":419,"column":71}},"161":{"start":{"line":421,"column":34},"end":{"line":465,"column":5}},"162":{"start":{"line":422,"column":24},"end":{"line":422,"column":45}},"163":{"start":{"line":423,"column":6},"end":{"line":464,"column":7}},"164":{"start":{"line":424,"column":21},"end":{"line":424,"column":48}},"165":{"start":{"line":425,"column":8},"end":{"line":425,"column":30}},"166":{"start":{"line":428,"column":19},"end":{"line":428,"column":39}},"167":{"start":{"line":429,"column":42},"end":{"line":429,"column":46}},"168":{"start":{"line":430,"column":8},"end":{"line":439,"column":9}},"169":{"start":{"line":431,"column":10},"end":{"line":437,"column":11}},"170":{"start":{"line":432,"column":28},"end":{"line":432,"column":68}},"171":{"start":{"line":433,"column":12},"end":{"line":436,"column":13}},"172":{"start":{"line":434,"column":14},"end":{"line":434,"column":63}},"173":{"start":{"line":435,"column":14},"end":{"line":435,"column":20}},"174":{"start":{"line":438,"column":10},"end":{"line":438,"column":33}},"175":{"start":{"line":441,"column":8},"end":{"line":453,"column":9}},"176":{"start":{"line":442,"column":10},"end":{"line":442,"column":37}},"177":{"start":{"line":443,"column":10},"end":{"line":452,"column":11}},"178":{"start":{"line":444,"column":12},"end":{"line":450,"column":13}},"179":{"start":{"line":445,"column":30},"end":{"line":445,"column":70}},"180":{"start":{"line":446,"column":14},"end":{"line":449,"column":15}},"181":{"start":{"line":447,"column":16},"end":{"line":447,"column":65}},"182":{"start":{"line":448,"column":16},"end":{"line":448,"column":22}},"183":{"start":{"line":451,"column":12},"end":{"line":451,"column":35}},"184":{"start":{"line":455,"column":8},"end":{"line":460,"column":9}},"185":{"start":{"line":456,"column":24},"end":{"line":456,"column":70}},"186":{"start":{"line":456,"column":48},"end":{"line":456,"column":69}},"187":{"start":{"line":457,"column":10},"end":{"line":459,"column":11}},"188":{"start":{"line":458,"column":12},"end":{"line":458,"column":43}},"189":{"start":{"line":462,"column":8},"end":{"line":462,"column":28}},"190":{"start":{"line":463,"column":8},"end":{"line":463,"column":38}},"191":{"start":{"line":467,"column":4},"end":{"line":467,"column":72}},"192":{"start":{"line":468,"column":4},"end":{"line":470,"column":6}},"193":{"start":{"line":469,"column":6},"end":{"line":469,"column":77}},"194":{"start":{"line":473,"column":28},"end":{"line":473,"column":106}},"195":{"start":{"line":473,"column":42},"end":{"line":473,"column":90}},"196":{"start":{"line":473,"column":68},"end":{"line":473,"column":89}},"197":{"start":{"line":476,"column":30},"end":{"line":478,"column":33}},"198":{"start":{"line":477,"column":4},"end":{"line":477,"column":65}},"199":{"start":{"line":477,"column":37},"end":{"line":477,"column":63}},"200":{"start":{"line":480,"column":25},"end":{"line":482,"column":37}},"201":{"start":{"line":481,"column":4},"end":{"line":481,"column":49}},"202":{"start":{"line":484,"column":22},"end":{"line":487,"column":37}},"203":{"start":{"line":485,"column":4},"end":{"line":485,"column":74}},"204":{"start":{"line":485,"column":33},"end":{"line":485,"column":74}},"205":{"start":{"line":486,"column":4},"end":{"line":486,"column":16}},"206":{"start":{"line":489,"column":22},"end":{"line":492,"column":37}},"207":{"start":{"line":490,"column":4},"end":{"line":490,"column":120}},"208":{"start":{"line":490,"column":79},"end":{"line":490,"column":120}},"209":{"start":{"line":491,"column":4},"end":{"line":491,"column":16}},"210":{"start":{"line":494,"column":27},"end":{"line":512,"column":3}},"211":{"start":{"line":495,"column":4},"end":{"line":498,"column":5}},"212":{"start":{"line":497,"column":6},"end":{"line":497,"column":13}},"213":{"start":{"line":500,"column":4},"end":{"line":500,"column":28}},"214":{"start":{"line":501,"column":4},"end":{"line":511,"column":5}},"215":{"start":{"line":502,"column":6},"end":{"line":502,"column":47}},"216":{"start":{"line":503,"column":6},"end":{"line":508,"column":7}},"217":{"start":{"line":504,"column":8},"end":{"line":504,"column":41}},"218":{"start":{"line":506,"column":8},"end":{"line":506,"column":34}},"219":{"start":{"line":507,"column":8},"end":{"line":507,"column":36}},"220":{"start":{"line":510,"column":6},"end":{"line":510,"column":52}},"221":{"start":{"line":514,"column":36},"end":{"line":530,"column":3}},"222":{"start":{"line":515,"column":4},"end":{"line":515,"column":57}},"223":{"start":{"line":515,"column":50},"end":{"line":515,"column":57}},"224":{"start":{"line":516,"column":16},"end":{"line":516,"column":37}},"225":{"start":{"line":517,"column":4},"end":{"line":517,"column":35}},"226":{"start":{"line":518,"column":4},"end":{"line":518,"column":29}},"227":{"start":{"line":520,"column":4},"end":{"line":529,"column":5}},"228":{"start":{"line":521,"column":6},"end":{"line":525,"column":7}},"229":{"start":{"line":522,"column":8},"end":{"line":522,"column":29}},"230":{"start":{"line":524,"column":8},"end":{"line":524,"column":41}},"231":{"start":{"line":527,"column":6},"end":{"line":527,"column":32}},"232":{"start":{"line":528,"column":6},"end":{"line":528,"column":34}},"233":{"start":{"line":532,"column":31},"end":{"line":567,"column":3}},"234":{"start":{"line":533,"column":4},"end":{"line":533,"column":52}},"235":{"start":{"line":533,"column":45},"end":{"line":533,"column":52}},"236":{"start":{"line":535,"column":19},"end":{"line":535,"column":70}},"237":{"start":{"line":535,"column":41},"end":{"line":535,"column":69}},"238":{"start":{"line":536,"column":42},"end":{"line":536,"column":178}},"239":{"start":{"line":538,"column":4},"end":{"line":554,"column":5}},"240":{"start":{"line":539,"column":6},"end":{"line":551,"column":7}},"241":{"start":{"line":540,"column":8},"end":{"line":543,"column":10}},"242":{"start":{"line":544,"column":8},"end":{"line":544,"column":99}},"243":{"start":{"line":544,"column":44},"end":{"line":544,"column":96}},"244":{"start":{"line":546,"column":8},"end":{"line":549,"column":10}},"245":{"start":{"line":550,"column":8},"end":{"line":550,"column":60}},"246":{"start":{"line":553,"column":6},"end":{"line":553,"column":72}},"247":{"start":{"line":556,"column":4},"end":{"line":564,"column":5}},"248":{"start":{"line":557,"column":6},"end":{"line":561,"column":7}},"249":{"start":{"line":558,"column":8},"end":{"line":558,"column":30}},"250":{"start":{"line":560,"column":8},"end":{"line":560,"column":40}},"251":{"start":{"line":563,"column":6},"end":{"line":563,"column":33}},"252":{"start":{"line":565,"column":4},"end":{"line":565,"column":27}},"253":{"start":{"line":566,"column":4},"end":{"line":566,"column":30}},"254":{"start":{"line":569,"column":33},"end":{"line":587,"column":3}},"255":{"start":{"line":570,"column":4},"end":{"line":570,"column":34}},"256":{"start":{"line":570,"column":27},"end":{"line":570,"column":34}},"257":{"start":{"line":571,"column":4},"end":{"line":574,"column":18}},"258":{"start":{"line":572,"column":6},"end":{"line":572,"column":87}},"259":{"start":{"line":573,"column":6},"end":{"line":573,"column":76}},"260":{"start":{"line":573,"column":45},"end":{"line":573,"column":73}},"261":{"start":{"line":576,"column":4},"end":{"line":584,"column":5}},"262":{"start":{"line":577,"column":6},"end":{"line":581,"column":7}},"263":{"start":{"line":578,"column":8},"end":{"line":578,"column":30}},"264":{"start":{"line":580,"column":8},"end":{"line":580,"column":40}},"265":{"start":{"line":583,"column":6},"end":{"line":583,"column":33}},"266":{"start":{"line":585,"column":4},"end":{"line":585,"column":27}},"267":{"start":{"line":586,"column":4},"end":{"line":586,"column":30}},"268":{"start":{"line":590,"column":32},"end":{"line":599,"column":3}},"269":{"start":{"line":591,"column":4},"end":{"line":598,"column":5}},"270":{"start":{"line":592,"column":19},"end":{"line":592,"column":42}},"271":{"start":{"line":593,"column":6},"end":{"line":593,"column":37}},"272":{"start":{"line":594,"column":6},"end":{"line":594,"column":35}},"273":{"start":{"line":595,"column":6},"end":{"line":595,"column":32}},"274":{"start":{"line":597,"column":6},"end":{"line":597,"column":57}},"275":{"start":{"line":602,"column":29},"end":{"line":619,"column":3}},"276":{"start":{"line":603,"column":4},"end":{"line":603,"column":27}},"277":{"start":{"line":603,"column":20},"end":{"line":603,"column":27}},"278":{"start":{"line":604,"column":4},"end":{"line":618,"column":5}},"279":{"start":{"line":605,"column":28},"end":{"line":609,"column":null}},"280":{"start":{"line":611,"column":6},"end":{"line":615,"column":8}},"281":{"start":{"line":617,"column":6},"end":{"line":617,"column":48}},"282":{"start":{"line":622,"column":29},"end":{"line":668,"column":3}},"283":{"start":{"line":623,"column":4},"end":{"line":667,"column":6}},"284":{"start":{"line":630,"column":12},"end":{"line":630,"column":35}},"285":{"start":{"line":630,"column":28},"end":{"line":630,"column":35}},"286":{"start":{"line":631,"column":12},"end":{"line":649,"column":13}},"287":{"start":{"line":632,"column":30},"end":{"line":641,"column":16}},"288":{"start":{"line":642,"column":14},"end":{"line":642,"column":53}},"289":{"start":{"line":643,"column":14},"end":{"line":645,"column":15}},"290":{"start":{"line":644,"column":16},"end":{"line":644,"column":55}},"291":{"start":{"line":646,"column":14},"end":{"line":646,"column":124}},"292":{"start":{"line":648,"column":14},"end":{"line":648,"column":55}},"293":{"start":{"line":655,"column":12},"end":{"line":659,"column":14}},"294":{"start":{"line":670,"column":32},"end":{"line":838,"column":3}},"295":{"start":{"line":671,"column":4},"end":{"line":837,"column":6}},"296":{"start":{"line":674,"column":43},"end":{"line":674,"column":69}},"297":{"start":{"line":690,"column":29},"end":{"line":690,"column":72}},"298":{"start":{"line":690,"column":49},"end":{"line":690,"column":71}},"299":{"start":{"line":698,"column":16},"end":{"line":705,"column":null}},"300":{"start":{"line":719,"column":29},"end":{"line":719,"column":72}},"301":{"start":{"line":719,"column":49},"end":{"line":719,"column":71}},"302":{"start":{"line":735,"column":14},"end":{"line":754,"column":null}},"303":{"start":{"line":737,"column":31},"end":{"line":737,"column":56}},"304":{"start":{"line":766,"column":14},"end":{"line":783,"column":null}},"305":{"start":{"line":768,"column":31},"end":{"line":768,"column":65}},"306":{"start":{"line":795,"column":14},"end":{"line":807,"column":null}},"307":{"start":{"line":797,"column":31},"end":{"line":797,"column":69}},"308":{"start":{"line":819,"column":14},"end":{"line":831,"column":null}},"309":{"start":{"line":821,"column":31},"end":{"line":821,"column":69}},"310":{"start":{"line":840,"column":32},"end":{"line":917,"column":3}},"311":{"start":{"line":841,"column":4},"end":{"line":841,"column":62}},"312":{"start":{"line":841,"column":50},"end":{"line":841,"column":62}},"313":{"start":{"line":842,"column":22},"end":{"line":842,"column":50}},"314":{"start":{"line":844,"column":4},"end":{"line":916,"column":6}},"315":{"start":{"line":864,"column":29},"end":{"line":864,"column":59}},"316":{"start":{"line":893,"column":16},"end":{"line":900,"column":null}},"317":{"start":{"line":919,"column":2},"end":{"line":939,"column":3}},"318":{"start":{"line":920,"column":4},"end":{"line":938,"column":6}},"319":{"start":{"line":932,"column":27},"end":{"line":932,"column":46}},"320":{"start":{"line":941,"column":2},"end":{"line":943,"column":3}},"321":{"start":{"line":942,"column":4},"end":{"line":942,"column":143}},"322":{"start":{"line":945,"column":2},"end":{"line":1544,"column":4}},"323":{"start":{"line":973,"column":27},"end":{"line":973,"column":46}},"324":{"start":{"line":984,"column":30},"end":{"line":984,"column":49}},"325":{"start":{"line":985,"column":14},"end":{"line":985,"column":32}},"326":{"start":{"line":986,"column":14},"end":{"line":991,"column":15}},"327":{"start":{"line":988,"column":16},"end":{"line":988,"column":43}},"328":{"start":{"line":989,"column":16},"end":{"line":989,"column":39}},"329":{"start":{"line":990,"column":16},"end":{"line":990,"column":42}},"330":{"start":{"line":1023,"column":22},"end":{"line":1030,"column":null}},"331":{"start":{"line":1025,"column":39},"end":{"line":1025,"column":65}},"332":{"start":{"line":1055,"column":36},"end":{"line":1055,"column":63}},"333":{"start":{"line":1056,"column":26},"end":{"line":1058,"column":27}},"334":{"start":{"line":1057,"column":28},"end":{"line":1057,"column":53}},"335":{"start":{"line":1061,"column":177},"end":{"line":1061,"column":248}},"336":{"start":{"line":1064,"column":177},"end":{"line":1064,"column":201}},"337":{"start":{"line":1067,"column":177},"end":{"line":1067,"column":203}},"338":{"start":{"line":1079,"column":41},"end":{"line":1079,"column":75}},"339":{"start":{"line":1112,"column":32},"end":{"line":1112,"column":62}},"340":{"start":{"line":1121,"column":18},"end":{"line":1127,"column":19}},"341":{"start":{"line":1122,"column":20},"end":{"line":1122,"column":55}},"342":{"start":{"line":1123,"column":20},"end":{"line":1123,"column":51}},"343":{"start":{"line":1124,"column":25},"end":{"line":1127,"column":19}},"344":{"start":{"line":1125,"column":20},"end":{"line":1125,"column":55}},"345":{"start":{"line":1126,"column":20},"end":{"line":1126,"column":51}},"346":{"start":{"line":1138,"column":34},"end":{"line":1138,"column":54}},"347":{"start":{"line":1139,"column":40},"end":{"line":1139,"column":77}},"348":{"start":{"line":1140,"column":40},"end":{"line":1140,"column":52}},"349":{"start":{"line":1142,"column":47},"end":{"line":1155,"column":22}},"350":{"start":{"line":1157,"column":20},"end":{"line":1157,"column":48}},"351":{"start":{"line":1158,"column":20},"end":{"line":1158,"column":44}},"352":{"start":{"line":1161,"column":20},"end":{"line":1163,"column":21}},"353":{"start":{"line":1162,"column":22},"end":{"line":1162,"column":63}},"354":{"start":{"line":1164,"column":20},"end":{"line":1164,"column":40}},"355":{"start":{"line":1165,"column":20},"end":{"line":1165,"column":50}},"356":{"start":{"line":1167,"column":20},"end":{"line":1176,"column":21}},"357":{"start":{"line":1168,"column":22},"end":{"line":1172,"column":23}},"358":{"start":{"line":1169,"column":24},"end":{"line":1169,"column":45}},"359":{"start":{"line":1171,"column":24},"end":{"line":1171,"column":57}},"360":{"start":{"line":1174,"column":22},"end":{"line":1174,"column":48}},"361":{"start":{"line":1175,"column":22},"end":{"line":1175,"column":50}},"362":{"start":{"line":1214,"column":33},"end":{"line":1214,"column":59}},"363":{"start":{"line":1215,"column":44},"end":{"line":1215,"column":46}},"364":{"start":{"line":1232,"column":45},"end":{"line":1232,"column":89}},"365":{"start":{"line":1232,"column":69},"end":{"line":1232,"column":88}},"366":{"start":{"line":1236,"column":37},"end":{"line":1236,"column":81}},"367":{"start":{"line":1236,"column":61},"end":{"line":1236,"column":80}},"368":{"start":{"line":1238,"column":40},"end":{"line":1238,"column":86}},"369":{"start":{"line":1238,"column":64},"end":{"line":1238,"column":85}},"370":{"start":{"line":1239,"column":26},"end":{"line":1250,"column":28}},"371":{"start":{"line":1243,"column":45},"end":{"line":1243,"column":84}},"372":{"start":{"line":1261,"column":86},"end":{"line":1261,"column":90}},"373":{"start":{"line":1274,"column":47},"end":{"line":1274,"column":51}},"374":{"start":{"line":1288,"column":22},"end":{"line":1298,"column":null}},"375":{"start":{"line":1291,"column":26},"end":{"line":1291,"column":53}},"376":{"start":{"line":1292,"column":26},"end":{"line":1292,"column":44}},"377":{"start":{"line":1315,"column":179},"end":{"line":1315,"column":197}},"378":{"start":{"line":1315,"column":198},"end":{"line":1315,"column":270}},"379":{"start":{"line":1318,"column":179},"end":{"line":1318,"column":197}},"380":{"start":{"line":1318,"column":198},"end":{"line":1318,"column":223}},"381":{"start":{"line":1321,"column":179},"end":{"line":1321,"column":197}},"382":{"start":{"line":1321,"column":198},"end":{"line":1321,"column":225}},"383":{"start":{"line":1324,"column":179},"end":{"line":1324,"column":197}},"384":{"start":{"line":1324,"column":198},"end":{"line":1324,"column":219}},"385":{"start":{"line":1327,"column":179},"end":{"line":1327,"column":197}},"386":{"start":{"line":1327,"column":198},"end":{"line":1327,"column":219}},"387":{"start":{"line":1333,"column":41},"end":{"line":1333,"column":75}},"388":{"start":{"line":1348,"column":87},"end":{"line":1348,"column":91}},"389":{"start":{"line":1361,"column":47},"end":{"line":1361,"column":51}},"390":{"start":{"line":1375,"column":41},"end":{"line":1375,"column":85}},"391":{"start":{"line":1375,"column":65},"end":{"line":1375,"column":84}},"392":{"start":{"line":1379,"column":33},"end":{"line":1379,"column":77}},"393":{"start":{"line":1379,"column":57},"end":{"line":1379,"column":76}},"394":{"start":{"line":1381,"column":36},"end":{"line":1381,"column":82}},"395":{"start":{"line":1381,"column":60},"end":{"line":1381,"column":81}},"396":{"start":{"line":1382,"column":22},"end":{"line":1396,"column":24}},"397":{"start":{"line":1387,"column":28},"end":{"line":1387,"column":68}},"398":{"start":{"line":1388,"column":28},"end":{"line":1388,"column":47}},"399":{"start":{"line":1423,"column":33},"end":{"line":1423,"column":64}},"400":{"start":{"line":1424,"column":44},"end":{"line":1424,"column":46}},"401":{"start":{"line":1433,"column":87},"end":{"line":1433,"column":91}},"402":{"start":{"line":1433,"column":119},"end":{"line":1433,"column":140}},"403":{"start":{"line":1441,"column":47},"end":{"line":1441,"column":51}},"404":{"start":{"line":1454,"column":35},"end":{"line":1454,"column":56}},"405":{"start":{"line":1455,"column":46},"end":{"line":1455,"column":48}},"406":{"start":{"line":1468,"column":32},"end":{"line":1468,"column":59}},"407":{"start":{"line":1492,"column":82},"end":{"line":1492,"column":110}},"408":{"start":{"line":1492,"column":111},"end":{"line":1492,"column":138}},"409":{"start":{"line":1504,"column":32},"end":{"line":1504,"column":57}},"410":{"start":{"line":1513,"column":75},"end":{"line":1513,"column":96}},"411":{"start":{"line":1525,"column":22},"end":{"line":1525,"column":48}},"412":{"start":{"line":1526,"column":22},"end":{"line":1526,"column":45}},"413":{"start":{"line":1527,"column":22},"end":{"line":1527,"column":164}},"414":{"start":{"line":1535,"column":82},"end":{"line":1535,"column":108}},"415":{"start":{"line":1535,"column":109},"end":{"line":1535,"column":132}},"416":{"start":{"line":1547,"column":15},"end":{"line":2015,"column":2}}},"fnMap":{"0":{"name":"(anonymous_9)","decl":{"start":{"line":91,"column":24},"end":{"line":91,"column":25}},"loc":{"start":{"line":91,"column":92},"end":{"line":114,"column":1}}},"1":{"name":"(anonymous_10)","decl":{"start":{"line":94,"column":12},"end":{"line":94,"column":15}},"loc":{"start":{"line":94,"column":17},"end":{"line":108,"column":3}}},"2":{"name":"ReadingScreen","decl":{"start":{"line":116,"column":24},"end":{"line":116,"column":37}},"loc":{"start":{"line":116,"column":37},"end":{"line":1545,"column":1}}},"3":{"name":"(anonymous_12)","decl":{"start":{"line":122,"column":28},"end":{"line":122,"column":31}},"loc":{"start":{"line":122,"column":34},"end":{"line":122,"column":66}}},"4":{"name":"(anonymous_13)","decl":{"start":{"line":122,"column":49},"end":{"line":122,"column":50}},"loc":{"start":{"line":122,"column":54},"end":{"line":122,"column":65}}},"5":{"name":"(anonymous_14)","decl":{"start":{"line":132,"column":30},"end":{"line":132,"column":33}},"loc":{"start":{"line":132,"column":36},"end":{"line":132,"column":59}}},"6":{"name":"(anonymous_15)","decl":{"start":{"line":137,"column":12},"end":{"line":137,"column":15}},"loc":{"start":{"line":137,"column":17},"end":{"line":139,"column":3}}},"7":{"name":"(anonymous_16)","decl":{"start":{"line":160,"column":12},"end":{"line":160,"column":15}},"loc":{"start":{"line":160,"column":17},"end":{"line":163,"column":3}}},"8":{"name":"(anonymous_17)","decl":{"start":{"line":171,"column":29},"end":{"line":171,"column":32}},"loc":{"start":{"line":171,"column":34},"end":{"line":178,"column":3}}},"9":{"name":"(anonymous_18)","decl":{"start":{"line":180,"column":30},"end":{"line":180,"column":31}},"loc":{"start":{"line":180,"column":56},"end":{"line":189,"column":3}}},"10":{"name":"(anonymous_19)","decl":{"start":{"line":185,"column":13},"end":{"line":185,"column":16}},"loc":{"start":{"line":185,"column":18},"end":{"line":188,"column":5}}},"11":{"name":"(anonymous_20)","decl":{"start":{"line":197,"column":12},"end":{"line":197,"column":15}},"loc":{"start":{"line":197,"column":17},"end":{"line":214,"column":3}}},"12":{"name":"(anonymous_21)","decl":{"start":{"line":216,"column":12},"end":{"line":216,"column":15}},"loc":{"start":{"line":216,"column":17},"end":{"line":233,"column":3}}},"13":{"name":"(anonymous_22)","decl":{"start":{"line":235,"column":26},"end":{"line":235,"column":29}},"loc":{"start":{"line":235,"column":31},"end":{"line":254,"column":3}}},"14":{"name":"(anonymous_23)","decl":{"start":{"line":251,"column":13},"end":{"line":251,"column":16}},"loc":{"start":{"line":251,"column":18},"end":{"line":253,"column":5}}},"15":{"name":"(anonymous_24)","decl":{"start":{"line":256,"column":27},"end":{"line":256,"column":30}},"loc":{"start":{"line":256,"column":32},"end":{"line":275,"column":3}}},"16":{"name":"(anonymous_25)","decl":{"start":{"line":272,"column":13},"end":{"line":272,"column":16}},"loc":{"start":{"line":272,"column":18},"end":{"line":274,"column":5}}},"17":{"name":"(anonymous_26)","decl":{"start":{"line":277,"column":25},"end":{"line":277,"column":28}},"loc":{"start":{"line":277,"column":30},"end":{"line":284,"column":3}}},"18":{"name":"(anonymous_27)","decl":{"start":{"line":282,"column":27},"end":{"line":282,"column":28}},"loc":{"start":{"line":282,"column":46},"end":{"line":282,"column":51}}},"19":{"name":"(anonymous_28)","decl":{"start":{"line":286,"column":26},"end":{"line":286,"column":29}},"loc":{"start":{"line":286,"column":31},"end":{"line":293,"column":3}}},"20":{"name":"(anonymous_29)","decl":{"start":{"line":291,"column":28},"end":{"line":291,"column":29}},"loc":{"start":{"line":291,"column":47},"end":{"line":291,"column":52}}},"21":{"name":"(anonymous_30)","decl":{"start":{"line":295,"column":31},"end":{"line":295,"column":34}},"loc":{"start":{"line":295,"column":36},"end":{"line":298,"column":3}}},"22":{"name":"(anonymous_31)","decl":{"start":{"line":297,"column":24},"end":{"line":297,"column":25}},"loc":{"start":{"line":297,"column":43},"end":{"line":297,"column":48}}},"23":{"name":"(anonymous_32)","decl":{"start":{"line":311,"column":12},"end":{"line":311,"column":15}},"loc":{"start":{"line":311,"column":17},"end":{"line":324,"column":3}}},"24":{"name":"(anonymous_33)","decl":{"start":{"line":326,"column":12},"end":{"line":326,"column":15}},"loc":{"start":{"line":326,"column":17},"end":{"line":339,"column":3}}},"25":{"name":"(anonymous_34)","decl":{"start":{"line":341,"column":12},"end":{"line":341,"column":15}},"loc":{"start":{"line":341,"column":17},"end":{"line":354,"column":3}}},"26":{"name":"(anonymous_35)","decl":{"start":{"line":368,"column":12},"end":{"line":368,"column":15}},"loc":{"start":{"line":368,"column":17},"end":{"line":372,"column":3}}},"27":{"name":"(anonymous_36)","decl":{"start":{"line":374,"column":12},"end":{"line":374,"column":15}},"loc":{"start":{"line":374,"column":17},"end":{"line":378,"column":3}}},"28":{"name":"(anonymous_37)","decl":{"start":{"line":380,"column":32},"end":{"line":380,"column":37}},"loc":{"start":{"line":380,"column":60},"end":{"line":404,"column":3}}},"29":{"name":"(anonymous_38)","decl":{"start":{"line":387,"column":28},"end":{"line":387,"column":32}},"loc":{"start":{"line":387,"column":37},"end":{"line":387,"column":69}}},"30":{"name":"(anonymous_39)","decl":{"start":{"line":390,"column":34},"end":{"line":390,"column":35}},"loc":{"start":{"line":390,"column":39},"end":{"line":390,"column":43}}},"31":{"name":"(anonymous_40)","decl":{"start":{"line":390,"column":49},"end":{"line":390,"column":52}},"loc":{"start":{"line":390,"column":56},"end":{"line":390,"column":66}}},"32":{"name":"(anonymous_41)","decl":{"start":{"line":393,"column":23},"end":{"line":393,"column":27}},"loc":{"start":{"line":393,"column":30},"end":{"line":399,"column":9}}},"33":{"name":"(anonymous_42)","decl":{"start":{"line":395,"column":23},"end":{"line":395,"column":24}},"loc":{"start":{"line":395,"column":27},"end":{"line":397,"column":11}}},"34":{"name":"(anonymous_43)","decl":{"start":{"line":396,"column":31},"end":{"line":396,"column":32}},"loc":{"start":{"line":396,"column":36},"end":{"line":396,"column":49}}},"35":{"name":"(anonymous_44)","decl":{"start":{"line":406,"column":12},"end":{"line":406,"column":15}},"loc":{"start":{"line":406,"column":17},"end":{"line":410,"column":3}}},"36":{"name":"(anonymous_45)","decl":{"start":{"line":412,"column":32},"end":{"line":412,"column":35}},"loc":{"start":{"line":412,"column":37},"end":{"line":415,"column":3}}},"37":{"name":"(anonymous_46)","decl":{"start":{"line":418,"column":12},"end":{"line":418,"column":15}},"loc":{"start":{"line":418,"column":17},"end":{"line":471,"column":3}}},"38":{"name":"(anonymous_47)","decl":{"start":{"line":421,"column":34},"end":{"line":421,"column":37}},"loc":{"start":{"line":421,"column":39},"end":{"line":465,"column":5}}},"39":{"name":"(anonymous_48)","decl":{"start":{"line":456,"column":43},"end":{"line":456,"column":44}},"loc":{"start":{"line":456,"column":48},"end":{"line":456,"column":69}}},"40":{"name":"(anonymous_49)","decl":{"start":{"line":468,"column":11},"end":{"line":468,"column":14}},"loc":{"start":{"line":468,"column":16},"end":{"line":470,"column":5}}},"41":{"name":"(anonymous_50)","decl":{"start":{"line":473,"column":36},"end":{"line":473,"column":39}},"loc":{"start":{"line":473,"column":42},"end":{"line":473,"column":90}}},"42":{"name":"(anonymous_51)","decl":{"start":{"line":473,"column":61},"end":{"line":473,"column":64}},"loc":{"start":{"line":473,"column":68},"end":{"line":473,"column":89}}},"43":{"name":"(anonymous_52)","decl":{"start":{"line":476,"column":38},"end":{"line":476,"column":41}},"loc":{"start":{"line":476,"column":43},"end":{"line":478,"column":3}}},"44":{"name":"(anonymous_53)","decl":{"start":{"line":477,"column":30},"end":{"line":477,"column":33}},"loc":{"start":{"line":477,"column":37},"end":{"line":477,"column":63}}},"45":{"name":"(anonymous_54)","decl":{"start":{"line":480,"column":33},"end":{"line":480,"column":36}},"loc":{"start":{"line":480,"column":38},"end":{"line":482,"column":3}}},"46":{"name":"(anonymous_55)","decl":{"start":{"line":484,"column":30},"end":{"line":484,"column":33}},"loc":{"start":{"line":484,"column":35},"end":{"line":487,"column":3}}},"47":{"name":"(anonymous_56)","decl":{"start":{"line":489,"column":30},"end":{"line":489,"column":33}},"loc":{"start":{"line":489,"column":35},"end":{"line":492,"column":3}}},"48":{"name":"(anonymous_57)","decl":{"start":{"line":494,"column":27},"end":{"line":494,"column":28}},"loc":{"start":{"line":494,"column":76},"end":{"line":512,"column":3}}},"49":{"name":"(anonymous_58)","decl":{"start":{"line":514,"column":36},"end":{"line":514,"column":39}},"loc":{"start":{"line":514,"column":41},"end":{"line":530,"column":3}}},"50":{"name":"(anonymous_59)","decl":{"start":{"line":532,"column":31},"end":{"line":532,"column":36}},"loc":{"start":{"line":532,"column":118},"end":{"line":567,"column":3}}},"51":{"name":"(anonymous_60)","decl":{"start":{"line":535,"column":36},"end":{"line":535,"column":37}},"loc":{"start":{"line":535,"column":41},"end":{"line":535,"column":69}}},"52":{"name":"(anonymous_61)","decl":{"start":{"line":544,"column":39},"end":{"line":544,"column":40}},"loc":{"start":{"line":544,"column":44},"end":{"line":544,"column":96}}},"53":{"name":"(anonymous_62)","decl":{"start":{"line":569,"column":33},"end":{"line":569,"column":38}},"loc":{"start":{"line":569,"column":44},"end":{"line":587,"column":3}}},"54":{"name":"(anonymous_63)","decl":{"start":{"line":573,"column":40},"end":{"line":573,"column":41}},"loc":{"start":{"line":573,"column":45},"end":{"line":573,"column":73}}},"55":{"name":"(anonymous_64)","decl":{"start":{"line":590,"column":32},"end":{"line":590,"column":35}},"loc":{"start":{"line":590,"column":37},"end":{"line":599,"column":3}}},"56":{"name":"(anonymous_65)","decl":{"start":{"line":602,"column":29},"end":{"line":602,"column":32}},"loc":{"start":{"line":602,"column":34},"end":{"line":619,"column":3}}},"57":{"name":"(anonymous_66)","decl":{"start":{"line":622,"column":29},"end":{"line":622,"column":32}},"loc":{"start":{"line":622,"column":34},"end":{"line":668,"column":3}}},"58":{"name":"(anonymous_67)","decl":{"start":{"line":629,"column":19},"end":{"line":629,"column":24}},"loc":{"start":{"line":629,"column":30},"end":{"line":650,"column":11}}},"59":{"name":"(anonymous_68)","decl":{"start":{"line":654,"column":19},"end":{"line":654,"column":22}},"loc":{"start":{"line":654,"column":24},"end":{"line":660,"column":11}}},"60":{"name":"(anonymous_69)","decl":{"start":{"line":670,"column":32},"end":{"line":670,"column":35}},"loc":{"start":{"line":670,"column":37},"end":{"line":838,"column":3}}},"61":{"name":"(anonymous_70)","decl":{"start":{"line":674,"column":37},"end":{"line":674,"column":40}},"loc":{"start":{"line":674,"column":43},"end":{"line":674,"column":69}}},"62":{"name":"(anonymous_71)","decl":{"start":{"line":690,"column":23},"end":{"line":690,"column":26}},"loc":{"start":{"line":690,"column":29},"end":{"line":690,"column":72}}},"63":{"name":"(anonymous_72)","decl":{"start":{"line":690,"column":41},"end":{"line":690,"column":45}},"loc":{"start":{"line":690,"column":49},"end":{"line":690,"column":71}}},"64":{"name":"(anonymous_73)","decl":{"start":{"line":697,"column":52},"end":{"line":697,"column":56}},"loc":{"start":{"line":698,"column":16},"end":{"line":705,"column":null}}},"65":{"name":"(anonymous_74)","decl":{"start":{"line":719,"column":23},"end":{"line":719,"column":26}},"loc":{"start":{"line":719,"column":29},"end":{"line":719,"column":72}}},"66":{"name":"(anonymous_75)","decl":{"start":{"line":719,"column":41},"end":{"line":719,"column":45}},"loc":{"start":{"line":719,"column":49},"end":{"line":719,"column":71}}},"67":{"name":"(anonymous_76)","decl":{"start":{"line":734,"column":18},"end":{"line":734,"column":22}},"loc":{"start":{"line":735,"column":14},"end":{"line":754,"column":null}}},"68":{"name":"(anonymous_77)","decl":{"start":{"line":737,"column":25},"end":{"line":737,"column":28}},"loc":{"start":{"line":737,"column":31},"end":{"line":737,"column":56}}},"69":{"name":"(anonymous_78)","decl":{"start":{"line":765,"column":18},"end":{"line":765,"column":19}},"loc":{"start":{"line":766,"column":14},"end":{"line":783,"column":null}}},"70":{"name":"(anonymous_79)","decl":{"start":{"line":768,"column":25},"end":{"line":768,"column":28}},"loc":{"start":{"line":768,"column":31},"end":{"line":768,"column":65}}},"71":{"name":"(anonymous_80)","decl":{"start":{"line":794,"column":18},"end":{"line":794,"column":25}},"loc":{"start":{"line":795,"column":14},"end":{"line":807,"column":null}}},"72":{"name":"(anonymous_81)","decl":{"start":{"line":797,"column":25},"end":{"line":797,"column":28}},"loc":{"start":{"line":797,"column":31},"end":{"line":797,"column":69}}},"73":{"name":"(anonymous_82)","decl":{"start":{"line":818,"column":18},"end":{"line":818,"column":27}},"loc":{"start":{"line":819,"column":14},"end":{"line":831,"column":null}}},"74":{"name":"(anonymous_83)","decl":{"start":{"line":821,"column":25},"end":{"line":821,"column":28}},"loc":{"start":{"line":821,"column":31},"end":{"line":821,"column":69}}},"75":{"name":"(anonymous_84)","decl":{"start":{"line":840,"column":32},"end":{"line":840,"column":35}},"loc":{"start":{"line":840,"column":37},"end":{"line":917,"column":3}}},"76":{"name":"(anonymous_85)","decl":{"start":{"line":864,"column":23},"end":{"line":864,"column":26}},"loc":{"start":{"line":864,"column":29},"end":{"line":864,"column":59}}},"77":{"name":"(anonymous_86)","decl":{"start":{"line":892,"column":29},"end":{"line":892,"column":30}},"loc":{"start":{"line":893,"column":16},"end":{"line":900,"column":null}}},"78":{"name":"(anonymous_87)","decl":{"start":{"line":932,"column":21},"end":{"line":932,"column":24}},"loc":{"start":{"line":932,"column":27},"end":{"line":932,"column":46}}},"79":{"name":"(anonymous_88)","decl":{"start":{"line":973,"column":21},"end":{"line":973,"column":24}},"loc":{"start":{"line":973,"column":27},"end":{"line":973,"column":46}}},"80":{"name":"(anonymous_89)","decl":{"start":{"line":983,"column":21},"end":{"line":983,"column":24}},"loc":{"start":{"line":983,"column":26},"end":{"line":992,"column":13}}},"81":{"name":"(anonymous_90)","decl":{"start":{"line":1022,"column":34},"end":{"line":1022,"column":37}},"loc":{"start":{"line":1023,"column":22},"end":{"line":1030,"column":null}}},"82":{"name":"(anonymous_91)","decl":{"start":{"line":1025,"column":33},"end":{"line":1025,"column":36}},"loc":{"start":{"line":1025,"column":39},"end":{"line":1025,"column":65}}},"83":{"name":"(anonymous_92)","decl":{"start":{"line":1054,"column":34},"end":{"line":1054,"column":35}},"loc":{"start":{"line":1054,"column":40},"end":{"line":1059,"column":25}}},"84":{"name":"(anonymous_93)","decl":{"start":{"line":1061,"column":171},"end":{"line":1061,"column":174}},"loc":{"start":{"line":1061,"column":177},"end":{"line":1061,"column":248}}},"85":{"name":"(anonymous_94)","decl":{"start":{"line":1064,"column":171},"end":{"line":1064,"column":174}},"loc":{"start":{"line":1064,"column":177},"end":{"line":1064,"column":201}}},"86":{"name":"(anonymous_95)","decl":{"start":{"line":1067,"column":171},"end":{"line":1067,"column":174}},"loc":{"start":{"line":1067,"column":177},"end":{"line":1067,"column":203}}},"87":{"name":"(anonymous_96)","decl":{"start":{"line":1079,"column":35},"end":{"line":1079,"column":38}},"loc":{"start":{"line":1079,"column":41},"end":{"line":1079,"column":75}}},"88":{"name":"(anonymous_97)","decl":{"start":{"line":1105,"column":39},"end":{"line":1105,"column":44}},"loc":{"start":{"line":1105,"column":50},"end":{"line":1105,"column":53}}},"89":{"name":"(anonymous_98)","decl":{"start":{"line":1112,"column":26},"end":{"line":1112,"column":29}},"loc":{"start":{"line":1112,"column":32},"end":{"line":1112,"column":62}}},"90":{"name":"(anonymous_99)","decl":{"start":{"line":1120,"column":28},"end":{"line":1120,"column":29}},"loc":{"start":{"line":1120,"column":42},"end":{"line":1128,"column":17}}},"91":{"name":"(anonymous_100)","decl":{"start":{"line":1137,"column":27},"end":{"line":1137,"column":30}},"loc":{"start":{"line":1137,"column":32},"end":{"line":1177,"column":19}}},"92":{"name":"(anonymous_101)","decl":{"start":{"line":1214,"column":27},"end":{"line":1214,"column":30}},"loc":{"start":{"line":1214,"column":33},"end":{"line":1214,"column":59}}},"93":{"name":"(anonymous_102)","decl":{"start":{"line":1215,"column":32},"end":{"line":1215,"column":37}},"loc":{"start":{"line":1215,"column":44},"end":{"line":1215,"column":46}}},"94":{"name":"(anonymous_103)","decl":{"start":{"line":1232,"column":40},"end":{"line":1232,"column":41}},"loc":{"start":{"line":1232,"column":45},"end":{"line":1232,"column":89}}},"95":{"name":"(anonymous_104)","decl":{"start":{"line":1232,"column":64},"end":{"line":1232,"column":65}},"loc":{"start":{"line":1232,"column":69},"end":{"line":1232,"column":88}}},"96":{"name":"(anonymous_105)","decl":{"start":{"line":1236,"column":32},"end":{"line":1236,"column":33}},"loc":{"start":{"line":1236,"column":37},"end":{"line":1236,"column":81}}},"97":{"name":"(anonymous_106)","decl":{"start":{"line":1236,"column":56},"end":{"line":1236,"column":57}},"loc":{"start":{"line":1236,"column":61},"end":{"line":1236,"column":80}}},"98":{"name":"(anonymous_107)","decl":{"start":{"line":1237,"column":29},"end":{"line":1237,"column":30}},"loc":{"start":{"line":1237,"column":37},"end":{"line":1251,"column":25}}},"99":{"name":"(anonymous_108)","decl":{"start":{"line":1238,"column":59},"end":{"line":1238,"column":60}},"loc":{"start":{"line":1238,"column":64},"end":{"line":1238,"column":85}}},"100":{"name":"(anonymous_109)","decl":{"start":{"line":1243,"column":39},"end":{"line":1243,"column":42}},"loc":{"start":{"line":1243,"column":45},"end":{"line":1243,"column":84}}},"101":{"name":"(anonymous_110)","decl":{"start":{"line":1261,"column":80},"end":{"line":1261,"column":83}},"loc":{"start":{"line":1261,"column":86},"end":{"line":1261,"column":90}}},"102":{"name":"(anonymous_111)","decl":{"start":{"line":1274,"column":41},"end":{"line":1274,"column":44}},"loc":{"start":{"line":1274,"column":47},"end":{"line":1274,"column":51}}},"103":{"name":"(anonymous_112)","decl":{"start":{"line":1287,"column":34},"end":{"line":1287,"column":37}},"loc":{"start":{"line":1288,"column":22},"end":{"line":1298,"column":null}}},"104":{"name":"(anonymous_113)","decl":{"start":{"line":1290,"column":33},"end":{"line":1290,"column":36}},"loc":{"start":{"line":1290,"column":38},"end":{"line":1293,"column":25}}},"105":{"name":"(anonymous_114)","decl":{"start":{"line":1315,"column":171},"end":{"line":1315,"column":174}},"loc":{"start":{"line":1315,"column":176},"end":{"line":1315,"column":272}}},"106":{"name":"(anonymous_115)","decl":{"start":{"line":1318,"column":171},"end":{"line":1318,"column":174}},"loc":{"start":{"line":1318,"column":176},"end":{"line":1318,"column":225}}},"107":{"name":"(anonymous_116)","decl":{"start":{"line":1321,"column":171},"end":{"line":1321,"column":174}},"loc":{"start":{"line":1321,"column":176},"end":{"line":1321,"column":227}}},"108":{"name":"(anonymous_117)","decl":{"start":{"line":1324,"column":171},"end":{"line":1324,"column":174}},"loc":{"start":{"line":1324,"column":176},"end":{"line":1324,"column":221}}},"109":{"name":"(anonymous_118)","decl":{"start":{"line":1327,"column":171},"end":{"line":1327,"column":174}},"loc":{"start":{"line":1327,"column":176},"end":{"line":1327,"column":221}}},"110":{"name":"(anonymous_119)","decl":{"start":{"line":1333,"column":35},"end":{"line":1333,"column":38}},"loc":{"start":{"line":1333,"column":41},"end":{"line":1333,"column":75}}},"111":{"name":"(anonymous_120)","decl":{"start":{"line":1348,"column":81},"end":{"line":1348,"column":84}},"loc":{"start":{"line":1348,"column":87},"end":{"line":1348,"column":91}}},"112":{"name":"(anonymous_121)","decl":{"start":{"line":1361,"column":41},"end":{"line":1361,"column":44}},"loc":{"start":{"line":1361,"column":47},"end":{"line":1361,"column":51}}},"113":{"name":"(anonymous_122)","decl":{"start":{"line":1375,"column":36},"end":{"line":1375,"column":37}},"loc":{"start":{"line":1375,"column":41},"end":{"line":1375,"column":85}}},"114":{"name":"(anonymous_123)","decl":{"start":{"line":1375,"column":60},"end":{"line":1375,"column":61}},"loc":{"start":{"line":1375,"column":65},"end":{"line":1375,"column":84}}},"115":{"name":"(anonymous_124)","decl":{"start":{"line":1379,"column":28},"end":{"line":1379,"column":29}},"loc":{"start":{"line":1379,"column":33},"end":{"line":1379,"column":77}}},"116":{"name":"(anonymous_125)","decl":{"start":{"line":1379,"column":52},"end":{"line":1379,"column":53}},"loc":{"start":{"line":1379,"column":57},"end":{"line":1379,"column":76}}},"117":{"name":"(anonymous_126)","decl":{"start":{"line":1380,"column":25},"end":{"line":1380,"column":26}},"loc":{"start":{"line":1380,"column":33},"end":{"line":1397,"column":21}}},"118":{"name":"(anonymous_127)","decl":{"start":{"line":1381,"column":55},"end":{"line":1381,"column":56}},"loc":{"start":{"line":1381,"column":60},"end":{"line":1381,"column":81}}},"119":{"name":"(anonymous_128)","decl":{"start":{"line":1386,"column":35},"end":{"line":1386,"column":38}},"loc":{"start":{"line":1386,"column":40},"end":{"line":1389,"column":27}}},"120":{"name":"(anonymous_129)","decl":{"start":{"line":1423,"column":27},"end":{"line":1423,"column":30}},"loc":{"start":{"line":1423,"column":33},"end":{"line":1423,"column":64}}},"121":{"name":"(anonymous_130)","decl":{"start":{"line":1424,"column":32},"end":{"line":1424,"column":37}},"loc":{"start":{"line":1424,"column":44},"end":{"line":1424,"column":46}}},"122":{"name":"(anonymous_131)","decl":{"start":{"line":1433,"column":81},"end":{"line":1433,"column":84}},"loc":{"start":{"line":1433,"column":87},"end":{"line":1433,"column":91}}},"123":{"name":"(anonymous_132)","decl":{"start":{"line":1433,"column":113},"end":{"line":1433,"column":116}},"loc":{"start":{"line":1433,"column":119},"end":{"line":1433,"column":140}}},"124":{"name":"(anonymous_133)","decl":{"start":{"line":1441,"column":41},"end":{"line":1441,"column":44}},"loc":{"start":{"line":1441,"column":47},"end":{"line":1441,"column":51}}},"125":{"name":"(anonymous_134)","decl":{"start":{"line":1454,"column":29},"end":{"line":1454,"column":32}},"loc":{"start":{"line":1454,"column":35},"end":{"line":1454,"column":56}}},"126":{"name":"(anonymous_135)","decl":{"start":{"line":1455,"column":34},"end":{"line":1455,"column":39}},"loc":{"start":{"line":1455,"column":46},"end":{"line":1455,"column":48}}},"127":{"name":"(anonymous_136)","decl":{"start":{"line":1468,"column":26},"end":{"line":1468,"column":29}},"loc":{"start":{"line":1468,"column":32},"end":{"line":1468,"column":59}}},"128":{"name":"(anonymous_137)","decl":{"start":{"line":1492,"column":74},"end":{"line":1492,"column":77}},"loc":{"start":{"line":1492,"column":79},"end":{"line":1492,"column":140}}},"129":{"name":"(anonymous_138)","decl":{"start":{"line":1504,"column":26},"end":{"line":1504,"column":29}},"loc":{"start":{"line":1504,"column":32},"end":{"line":1504,"column":57}}},"130":{"name":"(anonymous_139)","decl":{"start":{"line":1513,"column":69},"end":{"line":1513,"column":72}},"loc":{"start":{"line":1513,"column":75},"end":{"line":1513,"column":96}}},"131":{"name":"(anonymous_140)","decl":{"start":{"line":1524,"column":29},"end":{"line":1524,"column":32}},"loc":{"start":{"line":1524,"column":34},"end":{"line":1528,"column":21}}},"132":{"name":"(anonymous_141)","decl":{"start":{"line":1535,"column":74},"end":{"line":1535,"column":77}},"loc":{"start":{"line":1535,"column":79},"end":{"line":1535,"column":134}}}},"branchMap":{"0":{"loc":{"start":{"line":19,"column":0},"end":{"line":21,"column":1}},"type":"if","locations":[{"start":{"line":19,"column":0},"end":{"line":21,"column":1}}]},"1":{"loc":{"start":{"line":19,"column":4},"end":{"line":19,"column":80}},"type":"binary-expr","locations":[{"start":{"line":19,"column":4},"end":{"line":19,"column":29}},{"start":{"line":19,"column":33},"end":{"line":19,"column":80}}]},"2":{"loc":{"start":{"line":187,"column":6},"end":{"line":187,"column":31}},"type":"if","locations":[{"start":{"line":187,"column":6},"end":{"line":187,"column":31}}]},"3":{"loc":{"start":{"line":198,"column":4},"end":{"line":213,"column":5}},"type":"if","locations":[{"start":{"line":198,"column":4},"end":{"line":213,"column":5}}]},"4":{"loc":{"start":{"line":198,"column":8},"end":{"line":198,"column":38}},"type":"binary-expr","locations":[{"start":{"line":198,"column":8},"end":{"line":198,"column":25}},{"start":{"line":198,"column":29},"end":{"line":198,"column":38}}]},"5":{"loc":{"start":{"line":217,"column":4},"end":{"line":232,"column":5}},"type":"if","locations":[{"start":{"line":217,"column":4},"end":{"line":232,"column":5}}]},"6":{"loc":{"start":{"line":217,"column":8},"end":{"line":217,"column":39}},"type":"binary-expr","locations":[{"start":{"line":217,"column":8},"end":{"line":217,"column":26}},{"start":{"line":217,"column":30},"end":{"line":217,"column":39}}]},"7":{"loc":{"start":{"line":236,"column":4},"end":{"line":239,"column":5}},"type":"if","locations":[{"start":{"line":236,"column":4},"end":{"line":239,"column":5}}]},"8":{"loc":{"start":{"line":257,"column":4},"end":{"line":260,"column":5}},"type":"if","locations":[{"start":{"line":257,"column":4},"end":{"line":260,"column":5}}]},"9":{"loc":{"start":{"line":279,"column":4},"end":{"line":283,"column":5}},"type":"if","locations":[{"start":{"line":279,"column":4},"end":{"line":283,"column":5}},{"start":{"line":281,"column":11},"end":{"line":283,"column":5}}]},"10":{"loc":{"start":{"line":279,"column":8},"end":{"line":279,"column":38}},"type":"binary-expr","locations":[{"start":{"line":279,"column":8},"end":{"line":279,"column":17}},{"start":{"line":279,"column":21},"end":{"line":279,"column":38}}]},"11":{"loc":{"start":{"line":288,"column":4},"end":{"line":292,"column":5}},"type":"if","locations":[{"start":{"line":288,"column":4},"end":{"line":292,"column":5}},{"start":{"line":290,"column":11},"end":{"line":292,"column":5}}]},"12":{"loc":{"start":{"line":288,"column":8},"end":{"line":288,"column":39}},"type":"binary-expr","locations":[{"start":{"line":288,"column":8},"end":{"line":288,"column":17}},{"start":{"line":288,"column":21},"end":{"line":288,"column":39}}]},"13":{"loc":{"start":{"line":301,"column":53},"end":{"line":301,"column":92}},"type":"cond-expr","locations":[{"start":{"line":301,"column":85},"end":{"line":301,"column":88}},{"start":{"line":301,"column":91},"end":{"line":301,"column":92}}]},"14":{"loc":{"start":{"line":301,"column":53},"end":{"line":301,"column":82}},"type":"binary-expr","locations":[{"start":{"line":301,"column":53},"end":{"line":301,"column":61}},{"start":{"line":301,"column":65},"end":{"line":301,"column":82}}]},"15":{"loc":{"start":{"line":302,"column":55},"end":{"line":302,"column":92}},"type":"cond-expr","locations":[{"start":{"line":302,"column":87},"end":{"line":302,"column":88}},{"start":{"line":302,"column":91},"end":{"line":302,"column":92}}]},"16":{"loc":{"start":{"line":302,"column":55},"end":{"line":302,"column":84}},"type":"binary-expr","locations":[{"start":{"line":302,"column":55},"end":{"line":302,"column":63}},{"start":{"line":302,"column":67},"end":{"line":302,"column":84}}]},"17":{"loc":{"start":{"line":303,"column":54},"end":{"line":303,"column":94}},"type":"cond-expr","locations":[{"start":{"line":303,"column":87},"end":{"line":303,"column":90}},{"start":{"line":303,"column":93},"end":{"line":303,"column":94}}]},"18":{"loc":{"start":{"line":303,"column":54},"end":{"line":303,"column":84}},"type":"binary-expr","locations":[{"start":{"line":303,"column":54},"end":{"line":303,"column":62}},{"start":{"line":303,"column":66},"end":{"line":303,"column":84}}]},"19":{"loc":{"start":{"line":304,"column":56},"end":{"line":304,"column":94}},"type":"cond-expr","locations":[{"start":{"line":304,"column":89},"end":{"line":304,"column":90}},{"start":{"line":304,"column":93},"end":{"line":304,"column":94}}]},"20":{"loc":{"start":{"line":304,"column":56},"end":{"line":304,"column":86}},"type":"binary-expr","locations":[{"start":{"line":304,"column":56},"end":{"line":304,"column":64}},{"start":{"line":304,"column":68},"end":{"line":304,"column":86}}]},"21":{"loc":{"start":{"line":314,"column":17},"end":{"line":314,"column":58}},"type":"cond-expr","locations":[{"start":{"line":314,"column":51},"end":{"line":314,"column":54}},{"start":{"line":314,"column":57},"end":{"line":314,"column":58}}]},"22":{"loc":{"start":{"line":314,"column":18},"end":{"line":314,"column":47}},"type":"binary-expr","locations":[{"start":{"line":314,"column":18},"end":{"line":314,"column":35}},{"start":{"line":314,"column":39},"end":{"line":314,"column":47}}]},"23":{"loc":{"start":{"line":319,"column":17},"end":{"line":319,"column":56}},"type":"cond-expr","locations":[{"start":{"line":319,"column":51},"end":{"line":319,"column":52}},{"start":{"line":319,"column":55},"end":{"line":319,"column":56}}]},"24":{"loc":{"start":{"line":319,"column":18},"end":{"line":319,"column":47}},"type":"binary-expr","locations":[{"start":{"line":319,"column":18},"end":{"line":319,"column":35}},{"start":{"line":319,"column":39},"end":{"line":319,"column":47}}]},"25":{"loc":{"start":{"line":329,"column":17},"end":{"line":329,"column":59}},"type":"cond-expr","locations":[{"start":{"line":329,"column":52},"end":{"line":329,"column":55}},{"start":{"line":329,"column":58},"end":{"line":329,"column":59}}]},"26":{"loc":{"start":{"line":329,"column":18},"end":{"line":329,"column":48}},"type":"binary-expr","locations":[{"start":{"line":329,"column":18},"end":{"line":329,"column":36}},{"start":{"line":329,"column":40},"end":{"line":329,"column":48}}]},"27":{"loc":{"start":{"line":334,"column":17},"end":{"line":334,"column":57}},"type":"cond-expr","locations":[{"start":{"line":334,"column":52},"end":{"line":334,"column":53}},{"start":{"line":334,"column":56},"end":{"line":334,"column":57}}]},"28":{"loc":{"start":{"line":334,"column":18},"end":{"line":334,"column":48}},"type":"binary-expr","locations":[{"start":{"line":334,"column":18},"end":{"line":334,"column":36}},{"start":{"line":334,"column":40},"end":{"line":334,"column":48}}]},"29":{"loc":{"start":{"line":344,"column":17},"end":{"line":344,"column":58}},"type":"cond-expr","locations":[{"start":{"line":344,"column":36},"end":{"line":344,"column":37}},{"start":{"line":344,"column":40},"end":{"line":344,"column":58}}]},"30":{"loc":{"start":{"line":349,"column":17},"end":{"line":349,"column":41}},"type":"cond-expr","locations":[{"start":{"line":349,"column":36},"end":{"line":349,"column":37}},{"start":{"line":349,"column":40},"end":{"line":349,"column":41}}]},"31":{"loc":{"start":{"line":369,"column":4},"end":{"line":371,"column":5}},"type":"if","locations":[{"start":{"line":369,"column":4},"end":{"line":371,"column":5}}]},"32":{"loc":{"start":{"line":375,"column":4},"end":{"line":377,"column":5}},"type":"if","locations":[{"start":{"line":375,"column":4},"end":{"line":377,"column":5}}]},"33":{"loc":{"start":{"line":375,"column":8},"end":{"line":375,"column":47}},"type":"binary-expr","locations":[{"start":{"line":375,"column":8},"end":{"line":375,"column":27}},{"start":{"line":375,"column":31},"end":{"line":375,"column":47}}]},"34":{"loc":{"start":{"line":391,"column":6},"end":{"line":400,"column":7}},"type":"if","locations":[{"start":{"line":391,"column":6},"end":{"line":400,"column":7}}]},"35":{"loc":{"start":{"line":396,"column":12},"end":{"line":396,"column":69}},"type":"if","locations":[{"start":{"line":396,"column":12},"end":{"line":396,"column":69}}]},"36":{"loc":{"start":{"line":407,"column":4},"end":{"line":409,"column":5}},"type":"if","locations":[{"start":{"line":407,"column":4},"end":{"line":409,"column":5}}]},"37":{"loc":{"start":{"line":407,"column":8},"end":{"line":407,"column":63}},"type":"binary-expr","locations":[{"start":{"line":407,"column":8},"end":{"line":407,"column":23}},{"start":{"line":407,"column":27},"end":{"line":407,"column":63}}]},"38":{"loc":{"start":{"line":413,"column":4},"end":{"line":413,"column":76}},"type":"if","locations":[{"start":{"line":413,"column
[...]
4,"column":30}},{"start":{"line":44,"column":33},"end":{"line":44,"column":37}}]},"2":{"loc":{"start":{"line":54,"column":4},"end":{"line":56,"column":5}},"type":"if","locations":[{"start":{"line":54,"column":4},"end":{"line":56,"column":5}}]},"3":{"loc":{"start":{"line":60,"column":4},"end":{"line":63,"column":5}},"type":"if","locations":[{"start":{"line":60,"column":4},"end":{"line":63,"column":5}}]},"4":{"loc":{"start":{"line":61,"column":6},"end":{"line":61,"column":38}},"type":"if","locations":[{"start":{"line":61,"column":6},"end":{"line":61,"column":38}}]},"5":{"loc":{"start":{"line":69,"column":6},"end":{"line":71,"column":7}},"type":"if","locations":[{"start":{"line":69,"column":6},"end":{"line":71,"column":7}}]},"6":{"loc":{"start":{"line":83,"column":6},"end":{"line":85,"column":7}},"type":"if","locations":[{"start":{"line":83,"column":6},"end":{"line":85,"column":7}}]},"7":{"loc":{"start":{"line":83,"column":10},"end":{"line":83,"column":32}},"type":"binary-expr","locations":[{"start":{"line":83,"column":10},"end":{"line":83,"column":17}},{"start":{"line":83,"column":21},"end":{"line":83,"column":32}}]},"8":{"loc":{"start":{"line":88,"column":6},"end":{"line":88,"column":38}},"type":"if","locations":[{"start":{"line":88,"column":6},"end":{"line":88,"column":38}}]},"9":{"loc":{"start":{"line":92,"column":48},"end":{"line":92,"column":62}},"type":"binary-expr","locations":[{"start":{"line":92,"column":48},"end":{"line":92,"column":57}},{"start":{"line":92,"column":61},"end":{"line":92,"column":62}}]},"10":{"loc":{"start":{"line":102,"column":6},"end":{"line":105,"column":7}},"type":"if","locations":[{"start":{"line":102,"column":6},"end":{"line":105,"column":7}}]}},"s":{"0":1,"1":1,"2":1,"3":1,"4":1,"5":1,"6":4,"7":4,"8":4,"9":2,"10":2,"11":2,"12":2,"13":0,"14":0,"15":2,"16":2,"17":2,"18":2,"19":0,"20":2,"21":2,"22":1,"23":1,"24":1,"25":1,"26":1,"27":0,"28":0,"29":0,"30":1,"31":1,"32":1,"33":1,"34":0,"35":1,"36":1,"37":1,"38":1,"39":0,"40":0,"41":2,"42":2,"43":2,"44":1,"45":1,"46":0},"f":{"0":4,"1":2,"2":2,"3":0,"4":2},"b":{"0":[2],"1":[1,1],"2":[0],"3":[1],"4":[1],"5":[0],"6":[0],"7":[1,1],"8":[1],"9":[0,0],"10":[1]}}
,"C:\\Users\\blued\\gits\\llm-pdf-ingest\\mobile\\src\\utils\\packer.ts": {"path":"C:\\Users\\blued\\gits\\llm-pdf-ingest\\mobile\\src\\utils\\packer.ts","statementMap":{"0":{"start":{"line":22,"column":0},"end":{"line":22,"column":16}},"1":{"start":{"line":72,"column":0},"end":{"line":72,"column":16}},"2":{"start":{"line":149,"column":0},"end":{"line":149,"column":7}},"3":{"start":{"line":204,"column":0},"end":{"line":204,"column":7}},"4":{"start":{"line":1,"column":0},"end":{"line":1,"column":41}},"5":{"start":{"line":2,"column":0},"end":{"line":2,"column":119}},"6":{"start":{"line":3,"column":0},"end":{"line":3,"column":60}},"7":{"start":{"line":6,"column":22},"end":{"line":6,"column":26}},"8":{"start":{"line":7,"column":0},"end":{"line":11,"column":1}},"9":{"start":{"line":8,"column":2},"end":{"line":8,"column":43}},"10":{"start":{"line":23,"column":2},"end":{"line":23,"column":31}},"11":{"start":{"line":23,"column":21},"end":{"line":23,"column":31}},"12":{"start":{"line":24,"column":45},"end":{"line":24,"column":47}},"13":{"start":{"line":25,"column":2},"end":{"line":27,"column":3}},"14":{"start":{"line":25,"column":15},"end":{"line":25,"column":16}},"15":{"start":{"line":26,"column":4},"end":{"line":26,"column":43}},"16":{"start":{"line":29,"column":10},"end":{"line":29,"column":12}},"17":{"start":{"line":30,"column":27},"end":{"line":30,"column":29}},"18":{"start":{"line":31,"column":17},"end":{"line":31,"column":20}},"19":{"start":{"line":33,"column":2},"end":{"line":45,"column":3}},"20":{"start":{"line":33,"column":15},"end":{"line":33,"column":16}},"21":{"start":{"line":34,"column":14},"end":{"line":34,"column":29}},"22":{"start":{"line":35,"column":15},"end":{"line":35,"column":20}},"23":{"start":{"line":36,"column":4},"end":{"line":44,"column":5}},"24":{"start":{"line":37,"column":6},"end":{"line":37,"column":13}},"25":{"start":{"line":39,"column":6},"end":{"line":39,"column":33}},"26":{"start":{"line":40,"column":6},"end":{"line":42,"column":7}},"27":{"start":{"line":41,"column":8},"end":{"line":41,"column":36}},"28":{"start":{"line":43,"column":6},"end":{"line":43,"column":12}},"29":{"start":{"line":47,"column":2},"end":{"line":49,"column":3}},"30":{"start":{"line":48,"column":4},"end":{"line":48,"column":31}},"31":{"start":{"line":52,"column":17},"end":{"line":52,"column":48}},"32":{"start":{"line":53,"column":2},"end":{"line":55,"column":3}},"33":{"start":{"line":53,"column":15},"end":{"line":53,"column":16}},"34":{"start":{"line":54,"column":4},"end":{"line":54,"column":43}},"35":{"start":{"line":57,"column":2},"end":{"line":64,"column":3}},"36":{"start":{"line":58,"column":4},"end":{"line":63,"column":6}},"37":{"start":{"line":66,"column":2},"end":{"line":66,"column":35}},"38":{"start":{"line":73,"column":2},"end":{"line":73,"column":35}},"39":{"start":{"line":73,"column":25},"end":{"line":73,"column":35}},"40":{"start":{"line":74,"column":17},"end":{"line":74,"column":56}},"41":{"start":{"line":75,"column":31},"end":{"line":75,"column":33}},"42":{"start":{"line":76,"column":2},"end":{"line":78,"column":3}},"43":{"start":{"line":76,"column":15},"end":{"line":76,"column":16}},"44":{"start":{"line":77,"column":4},"end":{"line":77,"column":44}},"45":{"start":{"line":80,"column":31},"end":{"line":80,"column":33}},"46":{"start":{"line":81,"column":2},"end":{"line":83,"column":3}},"47":{"start":{"line":81,"column":15},"end":{"line":81,"column":16}},"48":{"start":{"line":82,"column":4},"end":{"line":82,"column":43}},"49":{"start":{"line":85,"column":10},"end":{"line":85,"column":44}},"50":{"start":{"line":86,"column":15},"end":{"line":86,"column":16}},"51":{"start":{"line":87,"column":17},"end":{"line":87,"column":20}},"52":{"start":{"line":89,"column":2},"end":{"line":107,"column":3}},"53":{"start":{"line":89,"column":15},"end":{"line":89,"column":16}},"54":{"start":{"line":90,"column":14},"end":{"line":90,"column":27}},"55":{"start":{"line":91,"column":16},"end":{"line":91,"column":18}},"56":{"start":{"line":92,"column":4},"end":{"line":98,"column":5}},"57":{"start":{"line":93,"column":6},"end":{"line":93,"column":28}},"58":{"start":{"line":94,"column":11},"end":{"line":98,"column":5}},"59":{"start":{"line":95,"column":6},"end":{"line":95,"column":23}},"60":{"start":{"line":97,"column":6},"end":{"line":97,"column":68}},"61":{"start":{"line":100,"column":4},"end":{"line":100,"column":20}},"62":{"start":{"line":102,"column":4},"end":{"line":104,"column":5}},"63":{"start":{"line":103,"column":6},"end":{"line":103,"column":44}},"64":{"start":{"line":106,"column":4},"end":{"line":106,"column":14}},"65":{"start":{"line":109,"column":2},"end":{"line":116,"column":3}},"66":{"start":{"line":110,"column":4},"end":{"line":115,"column":6}},"67":{"start":{"line":118,"column":2},"end":{"line":118,"column":16}},"68":{"start":{"line":125,"column":17},"end":{"line":125,"column":34}},"69":{"start":{"line":126,"column":16},"end":{"line":126,"column":49}},"70":{"start":{"line":128,"column":2},"end":{"line":141,"column":5}},"71":{"start":{"line":129,"column":4},"end":{"line":134,"column":5}},"72":{"start":{"line":131,"column":6},"end":{"line":133,"column":7}},"73":{"start":{"line":132,"column":8},"end":{"line":132,"column":29}},"74":{"start":{"line":135,"column":4},"end":{"line":140,"column":5}},"75":{"start":{"line":137,"column":6},"end":{"line":139,"column":7}},"76":{"start":{"line":138,"column":8},"end":{"line":138,"column":29}},"77":{"start":{"line":143,"column":2},"end":{"line":143,"column":16}},"78":{"start":{"line":156,"column":19},"end":{"line":156,"column":97}},"79":{"start":{"line":159,"column":21},"end":{"line":159,"column":49}},"80":{"start":{"line":160,"column":41},"end":{"line":160,"column":43}},"81":{"start":{"line":162,"column":2},"end":{"line":183,"column":3}},"82":{"start":{"line":163,"column":19},"end":{"line":163,"column":69}},"83":{"start":{"line":164,"column":4},"end":{"line":177,"column":5}},"84":{"start":{"line":165,"column":22},"end":{"line":165,"column":45}},"85":{"start":{"line":166,"column":6},"end":{"line":176,"column":7}},"86":{"start":{"line":167,"column":25},"end":{"line":167,"column":63}},"87":{"start":{"line":168,"column":8},"end":{"line":173,"column":9}},"88":{"start":{"line":169,"column":25},"end":{"line":171,"column":12}},"89":{"start":{"line":172,"column":10},"end":{"line":172,"column":37}},"90":{"start":{"line":175,"column":8},"end":{"line":175,"column":75}},"91":{"start":{"line":180,"column":4},"end":{"line":182,"column":5}},"92":{"start":{"line":181,"column":6},"end":{"line":181,"column":49}},"93":{"start":{"line":186,"column":34},"end":{"line":186,"column":54}},"94":{"start":{"line":187,"column":18},"end":{"line":187,"column":43}},"95":{"start":{"line":189,"column":2},"end":{"line":196,"column":3}},"96":{"start":{"line":190,"column":4},"end":{"line":195,"column":6}},"97":{"start":{"line":198,"column":2},"end":{"line":198,"column":30}},"98":{"start":{"line":209,"column":18},"end":{"line":209,"column":52}},"99":{"start":{"line":210,"column":34},"end":{"line":210,"column":53}},"100":{"start":{"line":211,"column":31},"end":{"line":211,"column":40}},"101":{"start":{"line":213,"column":2},"end":{"line":220,"column":3}},"102":{"start":{"line":214,"column":4},"end":{"line":219,"column":6}},"103":{"start":{"line":224,"column":2},"end":{"line":240,"column":3}},"104":{"start":{"line":225,"column":31},"end":{"line":229,"column":6}},"105":{"start":{"line":230,"column":20},"end":{"line":230,"column":109}},"106":{"start":{"line":231,"column":4},"end":{"line":239,"column":5}},"107":{"start":{"line":232,"column":6},"end":{"line":238,"column":8}},"108":{"start":{"line":243,"column":2},"end":{"line":260,"column":3}},"109":{"start":{"line":244,"column":19},"end":{"line":244,"column":69}},"110":{"start":{"line":246,"column":4},"end":{"line":248,"column":18}},"111":{"start":{"line":247,"column":6},"end":{"line":247,"column":75}},"112":{"start":{"line":250,"column":4},"end":{"line":259,"column":5}},"113":{"start":{"line":251,"column":22},"end":{"line":251,"column":45}},"114":{"start":{"line":252,"column":6},"end":{"line":258,"column":7}},"115":{"start":{"line":253,"column":8},"end":{"line":255,"column":11}},"116":{"start":{"line":257,"column":8},"end":{"line":257,"column":76}},"117":{"start":{"line":263,"column":2},"end":{"line":263,"column":57}}},"fnMap":{"0":{"name":"compressLZW","decl":{"start":{"line":22,"column":16},"end":{"line":22,"column":27}},"loc":{"start":{"line":22,"column":48},"end":{"line":67,"column":1}}},"1":{"name":"decompressLZW","decl":{"start":{"line":72,"column":16},"end":{"line":72,"column":29}},"loc":{"start":{"line":72,"column":54},"end":{"line":119,"column":1}}},"2":{"name":"scanForLocalAssets","decl":{"start":{"line":124,"column":9},"end":{"line":124,"column":27}},"loc":{"start":{"line":124,"column":50},"end":{"line":144,"column":1}}},"3":{"name":"(anonymous_3)","decl":{"start":{"line":128,"column":30},"end":{"line":128,"column":31}},"loc":{"start":{"line":128,"column":38},"end":{"line":141,"column":3}}},"4":{"name":"packNotesBackup","decl":{"start":{"line":149,"column":22},"end":{"line":149,"column":37}},"loc":{"start":{"line":153,"column":23},"end":{"line":199,"column":1}}},"5":{"name":"unpackNotesBackup","decl":{"start":{"line":204,"column":22},"end":{"line":204,"column":39}},"loc":{"start":{"line":206,"column":29},"end":{"line":264,"column":1}}}},"branchMap":{"0":{"loc":{"start":{"line":23,"column":2},"end":{"line":23,"column":31}},"type":"if","locations":[{"start":{"line":23,"column":2},"end":{"line":23,"column":31}}]},"1":{"loc":{"start":{"line":36,"column":4},"end":{"line":44,"column":5}},"type":"if","locations":[{"start":{"line":36,"column":4},"end":{"line":44,"column":5}},{"start":{"line":38,"column":11},"end":{"line":44,"column":5}}]},"2":{"loc":{"start":{"line":40,"column":6},"end":{"line":42,"column":7}},"type":"if","locations":[{"start":{"line":40,"column":6},"end":{"line":42,"column":7}}]},"3":{"loc":{"start":{"line":47,"column":2},"end":{"line":49,"column":3}},"type":"if","locations":[{"start":{"line":47,"column":2},"end":{"line":49,"column":3}}]},"4":{"loc":{"start":{"line":57,"column":2},"end":{"line":64,"column":3}},"type":"if","locations":[{"start":{"line":57,"column":2},"end":{"line":64,"column":3}}]},"5":{"loc":{"start":{"line":73,"column":2},"end":{"line":73,"column":35}},"type":"if","locations":[{"start":{"line":73,"column":2},"end":{"line":73,"column":35}}]},"6":{"loc":{"start":{"line":92,"column":4},"end":{"line":98,"column":5}},"type":"if","locations":[{"start":{"line":92,"column":4},"end":{"line":98,"column":5}},{"start":{"line":94,"column":11},"end":{"line":98,"column":5}}]},"7":{"loc":{"start":{"line":94,"column":11},"end":{"line":98,"column":5}},"type":"if","locations":[{"start":{"line":94,"column":11},"end":{"line":98,"column":5}},{"start":{"line":96,"column":11},"end":{"line":98,"column":5}}]},"8":{"loc":{"start":{"line":102,"column":4},"end":{"line":104,"column":5}},"type":"if","locations":[{"start":{"line":102,"column":4},"end":{"line":104,"column":5}}]},"9":{"loc":{"start":{"line":109,"column":2},"end":{"line":116,"column":3}},"type":"if","locations":[{"start":{"line":109,"column":2},"end":{"line":116,"column":3}}]},"10":{"loc":{"start":{"line":129,"column":4},"end":{"line":134,"column":5}},"type":"if","locations":[{"start":{"line":129,"column":4},"end":{"line":134,"column":5}}]},"11":{"loc":{"start":{"line":135,"column":4},"end":{"line":140,"column":5}},"type":"if","locations":[{"start":{"line":135,"column":4},"end":{"line":140,"column":5}}]},"12":{"loc":{"start":{"line":162,"column":2},"end":{"line":183,"column":3}},"type":"if","locations":[{"start":{"line":162,"column":2},"end":{"line":183,"column":3}},{"start":{"line":178,"column":9},"end":{"line":183,"column":3}}]},"13":{"loc":{"start":{"line":162,"column":6},"end":{"line":162,"column":48}},"type":"binary-expr","locations":[{"start":{"line":162,"column":6},"end":{"line":162,"column":16}},{"start":{"line":162,"column":20},"end":{"line":162,"column":48}}]},"14":{"loc":{"start":{"line":168,"column":8},"end":{"line":173,"column":9}},"type":"if","locations":[{"start":{"line":168,"column":8},"end":{"line":173,"column":9}}]},"15":{"loc":{"start":{"line":189,"column":2},"end":{"line":196,"column":3}},"type":"if","locations":[{"start":{"line":189,"column":2},"end":{"line":196,"column":3}}]},"16":{"loc":{"start":{"line":213,"column":2},"end":{"line":220,"column":3}},"type":"if","locations":[{"start":{"line":213,"column":2},"end":{"line":220,"column":3}}]},"17":{"loc":{"start":{"line":224,"column":2},"end":{"line":240,"column":3}},"type":"if","locations":[{"start":{"line":224,"column":2},"end":{"line":240,"column":3}}]},"18":{"loc":{"start":{"line":224,"column":6},"end":{"line":224,"column":46}},"type":"binary-expr","locations":[{"start":{"line":224,"column":6},"end":{"line":224,"column":24}},{"start":{"line":224,"column":28},"end":{"line":224,"column":46}}]},"19":{"loc":{"start":{"line":231,"column":4},"end":{"line":239,"column":5}},"type":"if","locations":[{"start":{"line":231,"column":4},"end":{"line":239,"column":5}}]},"20":{"loc":{"start":{"line":243,"column":2},"end":{"line":260,"column":3}},"type":"if","locations":[{"start":{"line":243,"column":2},"end":{"line":260,"column":3}}]},"21":{"loc":{"start":{"line":243,"column":6},"end":{"line":243,"column":48}},"type":"binary-expr","locations":[{"start":{"line":243,"column":6},"end":{"line":243,"column":16}},{"start":{"line":243,"column":20},"end":{"line":243,"column":48}}]}},"s":{"0":2,"1":2,"2":2,"3":2,"4":2,"5":2,"6":2,"7":2,"8":2,"9":2,"10":9,"11":1,"12":8,"13":8,"14":8,"15":2048,"16":8,"17":8,"18":8,"19":8,"20":8,"21":4707,"22":4707,"23":4707,"24":1575,"25":3132,"26":3132,"27":3132,"28":3132,"29":8,"30":8,"31":8,"32":8,"33":8,"34":3140,"35":8,"36":0,"37":8,"38":8,"39":1,"40":7,"41":7,"42":7,"43":7,"44":2788,"45":7,"46":7,"47":7,"48":1792,"49":7,"50":7,"51":7,"52":7,"53":7,"54":2781,"55":2781,"56":2781,"57":2766,"58":15,"59":15,"60":0,"61":2781,"62":2781,"63":2781,"64":2781,"65":7,"66":0,"67":7,"68":2,"69":2,"70":2,"71":2,"72":2,"73":2,"74":2,"75":2,"76":0,"77":2,"78":2,"79":2,"80":2,"81":2,"82":0,"83":0,"84":0,"85":0,"86":0,"87":0,"88":0,"89":0,"90":0,"91":2,"92":2,"93":2,"94":2,"95":2,"96":0,"97":2,"98":2,"99":2,"100":2,"101":2,"102":0,"103":2,"104":2,"105":2,"106":2,"107":1,"108":1,"109":0,"110":0,"111":0,"112":0,"113":0,"114":0,"115":0,"116":0,"117":1},"f":{"0":9,"1":8,"2":2,"3":2,"4":2,"5":2},"b":{"0":[1],"1":[1575,3132],"2":[3132],"3":[8],"4":[0],"5":[1],"6":[2766,15],"7":[15,0],"8":[2781],"9":[0],"10":[2],"11":[2],"12":[0,2],"13":[2,0],"14":[0],"15":[0],"16":[0],"17":[2],"18":[2,2],"19":[1],"20":[0],"21":[1,0]}}
,"C:\\Users\\blued\\gits\\llm-pdf-ingest\\mobile\\src\\utils\\sharing.ts": {"path":"C:\\Users\\blued\\gits\\llm-pdf-ingest\\mobile\\src\\utils\\sharing.ts","statementMap":{"0":{"start":{"line":7,"column":0},"end":{"line":7,"column":7}},"1":{"start":{"line":21,"column":0},"end":{"line":21,"column":7}},"2":{"start":{"line":44,"column":0},"end":{"line":44,"column":7}},"3":{"start":{"line":1,"column":0},"end":{"line":1,"column":40}},"4":{"start":{"line":2,"column":0},"end":{"line":2,"column":47}},"5":{"start":{"line":8,"column":2},"end":{"line":15,"column":3}},"6":{"start":{"line":9,"column":4},"end":{"line":11,"column":5}},"7":{"start":{"line":10,"column":6},"end":{"line":10,"column":19}},"8":{"start":{"line":12,"column":4},"end":{"line":12,"column":44}},"9":{"start":{"line":14,"column":4},"end":{"line":14,"column":17}},"10":{"start":{"line":22,"column":22},"end":{"line":22,"column":48}},"11":{"start":{"line":23,"column":19},"end":{"line":23,"column":69}},"12":{"start":{"line":24,"column":18},"end":{"line":24,"column":42}},"13":{"start":{"line":26,"column":2},"end":{"line":28,"column":5}},"14":{"start":{"line":30,"column":2},"end":{"line":36,"column":3}},"15":{"start":{"line":31,"column":4},"end":{"line":35,"column":7}},"16":{"start":{"line":38,"column":2},"end":{"line":38,"column":17}},"17":{"start":{"line":45,"column":18},"end":{"line":47,"column":4}},"18":{"start":{"line":48,"column":2},"end":{"line":48,"column":29}}},"fnMap":{"0":{"name":"isSharingAvailable","decl":{"start":{"line":7,"column":22},"end":{"line":7,"column":40}},"loc":{"start":{"line":7,"column":40},"end":{"line":16,"column":1}}},"1":{"name":"exportNotesShareSheet","decl":{"start":{"line":21,"column":22},"end":{"line":21,"column":43}},"loc":{"start":{"line":21,"column":96},"end":{"line":39,"column":1}}},"2":{"name":"importNotesFromUri","decl":{"start":{"line":44,"column":22},"end":{"line":44,"column":40}},"loc":{"start":{"line":44,"column":56},"end":{"line":49,"column":1}}}},"branchMap":{"0":{"loc":{"start":{"line":9,"column":4},"end":{"line":11,"column":5}},"type":"if","locations":[{"start":{"line":9,"column":4},"end":{"line":11,"column":5}}]},"1":{"loc":{"start":{"line":9,"column":8},"end":{"line":9,"column":66}},"type":"binary-expr","locations":[{"start":{"line":9,"column":8},"end":{"line":9,"column":16}},{"start":{"line":9,"column":20},"end":{"line":9,"column":66}}]},"2":{"loc":{"start":{"line":21,"column":58},"end":{"line":21,"column":96}},"type":"default-arg","locations":[{"start":{"line":21,"column":77},"end":{"line":21,"column":96}}]},"3":{"loc":{"start":{"line":23,"column":19},"end":{"line":23,"column":69}},"type":"binary-expr","locations":[{"start":{"line":23,"column":19},"end":{"line":23,"column":44}},{"start":{"line":23,"column":48},"end":{"line":23,"column":69}}]},"4":{"loc":{"start":{"line":30,"column":2},"end":{"line":36,"column":3}},"type":"if","locations":[{"start":{"line":30,"column":2},"end":{"line":36,"column":3}}]}},"s":{"0":1,"1":1,"2":1,"3":1,"4":1,"5":2,"6":2,"7":0,"8":2,"9":0,"10":1,"11":1,"12":1,"13":1,"14":1,"15":1,"16":1,"17":1,"18":1},"f":{"0":2,"1":1,"2":1},"b":{"0":[0],"1":[2,2],"2":[0],"3":[1,0],"4":[1]}}
}
