TN:
SF:app\index.tsx
FN:8,LibraryScreen
FN:19,(anonymous_10)
FN:26,(anonymous_11)
FN:36,(anonymous_12)
FN:50,(anonymous_13)
FN:53,(anonymous_14)
FN:61,(anonymous_15)
FN:63,(anonymous_16)
FN:69,(anonymous_17)
FN:76,(anonymous_18)
FN:124,(anonymous_19)
FN:128,(anonymous_20)
FN:132,(anonymous_21)
FN:146,(anonymous_22)
FN:195,(anonymous_23)
FN:200,(anonymous_24)
FN:211,(anonymous_25)
FN:227,(anonymous_26)
FN:243,(anonymous_27)
FN:259,(anonymous_28)
FN:301,(anonymous_29)
FN:312,(anonymous_30)
FN:314,(anonymous_31)
FN:325,(anonymous_32)
FNF:24
FNH:13
FNDA:12,LibraryScreen
FNDA:6,(anonymous_10)
FNDA:6,(anonymous_11)
FNDA:1,(anonymous_12)
FNDA:1,(anonymous_13)
FNDA:0,(anonymous_14)
FNDA:6,(anonymous_15)
FNDA:0,(anonymous_16)
FNDA:4,(anonymous_17)
FNDA:0,(anonymous_18)
FNDA:1,(anonymous_19)
FNDA:0,(anonymous_20)
FNDA:2,(anonymous_21)
FNDA:3,(anonymous_22)
FNDA:11,(anonymous_23)
FNDA:0,(anonymous_24)
FNDA:0,(anonymous_25)
FNDA:0,(anonymous_26)
FNDA:0,(anonymous_27)
FNDA:0,(anonymous_28)
FNDA:0,(anonymous_29)
FNDA:0,(anonymous_30)
FNDA:20,(anonymous_31)
FNDA:1,(anonymous_32)
DA:1,1
DA:2,1
DA:3,1
DA:4,1
DA:5,1
DA:6,1
DA:8,1
DA:9,12
DA:10,12
DA:11,11
DA:12,11
DA:15,11
DA:16,11
DA:17,11
DA:19,11
DA:21,6
DA:22,6
DA:23,6
DA:26,11
DA:27,6
DA:28,0
DA:36,11
DA:37,1
DA:38,1
DA:51,1
DA:53,1
DA:54,0
DA:55,0
DA:56,0
DA:61,11
DA:62,6
DA:63,0
DA:64,0
DA:69,11
DA:70,4
DA:72,4
DA:73,0
DA:74,0
DA:75,0
DA:76,0
DA:77,0
DA:78,0
DA:79,0
DA:83,0
DA:84,0
DA:87,0
DA:88,0
DA:91,4
DA:92,4
DA:93,4
DA:94,4
DA:95,0
DA:96,0
DA:100,0
DA:101,0
DA:106,0
DA:111,4
DA:114,4
DA:117,4
DA:118,4
DA:124,1
DA:128,0
DA:132,2
DA:140,4
DA:143,0
DA:146,11
DA:147,3
DA:148,3
DA:149,2
DA:151,2
DA:152,2
DA:153,1
DA:157,1
DA:159,1
DA:173,2
DA:174,2
DA:177,2
DA:187,2
DA:188,2
DA:190,1
DA:191,1
DA:195,11
DA:196,11
DA:200,0
DA:212,0
DA:213,0
DA:228,0
DA:229,0
DA:244,0
DA:245,0
DA:260,0
DA:261,0
DA:271,11
DA:301,0
DA:312,0
DA:315,20
DA:316,20
DA:325,1
DA:354,1
LF:99
LH:64
BRDA:27,0,0,0
BRDA:62,1,0,6
BRDA:64,2,0,0
BRDA:64,2,1,0
BRDA:64,2,2,0
BRDA:64,2,3,0
BRDA:72,3,0,0
BRDA:72,4,0,4
BRDA:72,4,1,0
BRDA:78,5,0,0
BRDA:92,6,0,4
BRDA:95,7,0,0
BRDA:95,8,0,0
BRDA:95,8,1,0
BRDA:100,9,0,0
BRDA:100,9,1,0
BRDA:100,10,0,0
BRDA:100,10,1,0
BRDA:100,10,2,0
BRDA:100,10,3,0
BRDA:117,11,0,4
BRDA:152,12,0,1
BRDA:152,12,1,1
BRDA:213,13,0,0
BRDA:229,14,0,0
BRDA:245,15,0,0
BRDA:274,16,0,11
BRDA:274,16,1,0
BRDA:300,17,0,11
BRDA:300,17,1,0
BRDA:319,18,0,0
BRDA:319,18,1,20
BRDA:320,19,0,0
BRDA:320,19,1,20
BRDA:329,20,0,20
BRDA:329,20,1,0
BRDA:456,21,0,0
BRDA:456,21,1,1
BRDA:558,22,0,0
BRDA:558,22,1,1
BRF:40
BRH:13
end_of_record
TN:
SF:app\reader\[id].tsx
FN:91,(anonymous_9)
FN:94,(anonymous_10)
FN:116,ReadingScreen
FN:122,(anonymous_12)
FN:122,(anonymous_13)
FN:132,(anonymous_14)
FN:137,(anonymous_15)
FN:160,(anonymous_16)
FN:171,(anonymous_17)
FN:180,(anonymous_18)
FN:185,(anonymous_19)
FN:197,(anonymous_20)
FN:216,(anonymous_21)
FN:235,(anonymous_22)
FN:251,(anonymous_23)
FN:256,(anonymous_24)
FN:272,(anonymous_25)
FN:277,(anonymous_26)
FN:282,(anonymous_27)
FN:286,(anonymous_28)
FN:291,(anonymous_29)
FN:295,(anonymous_30)
FN:297,(anonymous_31)
FN:311,(anonymous_32)
FN:326,(anonymous_33)
FN:341,(anonymous_34)
FN:368,(anonymous_35)
FN:374,(anonymous_36)
FN:380,(anonymous_37)
FN:387,(anonymous_38)
FN:390,(anonymous_39)
FN:390,(anonymous_40)
FN:393,(anonymous_41)
FN:395,(anonymous_42)
FN:396,(anonymous_43)
FN:406,(anonymous_44)
FN:412,(anonymous_45)
FN:418,(anonymous_46)
FN:421,(anonymous_47)
FN:456,(anonymous_48)
FN:468,(anonymous_49)
FN:473,(anonymous_50)
FN:473,(anonymous_51)
FN:476,(anonymous_52)
FN:477,(anonymous_53)
FN:480,(anonymous_54)
FN:484,(anonymous_55)
FN:489,(anonymous_56)
FN:494,(anonymous_57)
FN:514,(anonymous_58)
FN:532,(anonymous_59)
FN:535,(anonymous_60)
FN:544,(anonymous_61)
FN:569,(anonymous_62)
FN:573,(anonymous_63)
FN:590,(anonymous_64)
FN:602,(anonymous_65)
FN:622,(anonymous_66)
FN:629,(anonymous_67)
FN:654,(anonymous_68)
FN:670,(anonymous_69)
FN:674,(anonymous_70)
FN:690,(anonymous_71)
FN:690,(anonymous_72)
FN:697,(anonymous_73)
FN:719,(anonymous_74)
FN:719,(anonymous_75)
FN:734,(anonymous_76)
FN:737,(anonymous_77)
FN:765,(anonymous_78)
FN:768,(anonymous_79)
FN:794,(anonymous_80)
FN:797,(anonymous_81)
FN:818,(anonymous_82)
FN:821,(anonymous_83)
FN:840,(anonymous_84)
FN:864,(anonymous_85)
FN:892,(anonymous_86)
FN:932,(anonymous_87)
FN:973,(anonymous_88)
FN:983,(anonymous_89)
FN:1022,(anonymous_90)
FN:1025,(anonymous_91)
FN:1054,(anonymous_92)
FN:1061,(anonymous_93)
FN:1064,(anonymous_94)
FN:1067,(anonymous_95)
FN:1079,(anonymous_96)
FN:1105,(anonymous_97)
FN:1112,(anonymous_98)
FN:1120,(anonymous_99)
FN:1137,(anonymous_100)
FN:1214,(anonymous_101)
FN:1215,(anonymous_102)
FN:1232,(anonymous_103)
FN:1232,(anonymous_104)
FN:1236,(anonymous_105)
FN:1236,(anonymous_106)
FN:1237,(anonymous_107)
FN:1238,(anonymous_108)
FN:1243,(anonymous_109)
FN:1261,(anonymous_110)
FN:1274,(anonymous_111)
FN:1287,(anonymous_112)
FN:1290,(anonymous_113)
FN:1315,(anonymous_114)
FN:1318,(anonymous_115)
FN:1321,(anonymous_116)
FN:1324,(anonymous_117)
FN:1327,(anonymous_118)
FN:1333,(anonymous_119)
FN:1348,(anonymous_120)
FN:1361,(anonymous_121)
FN:1375,(anonymous_122)
FN:1375,(anonymous_123)
FN:1379,(anonymous_124)
FN:1379,(anonymous_125)
FN:1380,(anonymous_126)
FN:1381,(anonymous_127)
FN:1386,(anonymous_128)
FN:1423,(anonymous_129)
FN:1424,(anonymous_130)
FN:1433,(anonymous_131)
FN:1433,(anonymous_132)
FN:1441,(anonymous_133)
FN:1454,(anonymous_134)
FN:1455,(anonymous_135)
FN:1468,(anonymous_136)
FN:1492,(anonymous_137)
FN:1504,(anonymous_138)
FN:1513,(anonymous_139)
FN:1524,(anonymous_140)
FN:1535,(anonymous_141)
FNF:133
FNH:45
FNDA:3,(anonymous_9)
FNDA:3,(anonymous_10)
FNDA:50,ReadingScreen
FNDA:9,(anonymous_12)
FNDA:9,(anonymous_13)
FNDA:9,(anonymous_14)
FNDA:9,(anonymous_15)
FNDA:9,(anonymous_16)
FNDA:0,(anonymous_17)
FNDA:0,(anonymous_18)
FNDA:0,(anonymous_19)
FNDA:9,(anonymous_20)
FNDA:9,(anonymous_21)
FNDA:0,(anonymous_22)
FNDA:0,(anonymous_23)
FNDA:0,(anonymous_24)
FNDA:0,(anonymous_25)
FNDA:0,(anonymous_26)
FNDA:0,(anonymous_27)
FNDA:0,(anonymous_28)
FNDA:0,(anonymous_29)
FNDA:0,(anonymous_30)
FNDA:0,(anonymous_31)
FNDA:9,(anonymous_32)
FNDA:9,(anonymous_33)
FNDA:9,(anonymous_34)
FNDA:9,(anonymous_35)
FNDA:9,(anonymous_36)
FNDA:9,(anonymous_37)
FNDA:9,(anonymous_38)
FNDA:6,(anonymous_39)
FNDA:6,(anonymous_40)
FNDA:6,(anonymous_41)
FNDA:6,(anonymous_42)
FNDA:0,(anonymous_43)
FNDA:18,(anonymous_44)
FNDA:27,(anonymous_45)
FNDA:27,(anonymous_46)
FNDA:3,(anonymous_47)
FNDA:3,(anonymous_48)
FNDA:18,(anonymous_49)
FNDA:18,(anonymous_50)
FNDA:9,(anonymous_51)
FNDA:18,(anonymous_52)
FNDA:27,(anonymous_53)
FNDA:18,(anonymous_54)
FNDA:18,(anonymous_55)
FNDA:18,(anonymous_56)
FNDA:2,(anonymous_57)
FNDA:0,(anonymous_58)
FNDA:2,(anonymous_59)
FNDA:2,(anonymous_60)
FNDA:1,(anonymous_61)
FNDA:1,(anonymous_62)
FNDA:1,(anonymous_63)
FNDA:0,(anonymous_64)
FNDA:0,(anonymous_65)
FNDA:0,(anonymous_66)
FNDA:0,(anonymous_67)
FNDA:0,(anonymous_68)
FNDA:0,(anonymous_69)
FNDA:0,(anonymous_70)
FNDA:0,(anonymous_71)
FNDA:0,(anonymous_72)
FNDA:0,(anonymous_73)
FNDA:0,(anonymous_74)
FNDA:0,(anonymous_75)
FNDA:0,(anonymous_76)
FNDA:0,(anonymous_77)
FNDA:0,(anonymous_78)
FNDA:0,(anonymous_79)
FNDA:0,(anonymous_80)
FNDA:0,(anonymous_81)
FNDA:0,(anonymous_82)
FNDA:0,(anonymous_83)
FNDA:50,(anonymous_84)
FNDA:0,(anonymous_85)
FNDA:0,(anonymous_86)
FNDA:0,(anonymous_87)
FNDA:0,(anonymous_88)
FNDA:0,(anonymous_89)
FNDA:18,(anonymous_90)
FNDA:0,(anonymous_91)
FNDA:0,(anonymous_92)
FNDA:0,(anonymous_93)
FNDA:0,(anonymous_94)
FNDA:0,(anonymous_95)
FNDA:0,(anonymous_96)
FNDA:0,(anonymous_97)
FNDA:0,(anonymous_98)
FNDA:0,(anonymous_99)
FNDA:3,(anonymous_100)
FNDA:0,(anonymous_101)
FNDA:0,(anonymous_102)
FNDA:2,(anonymous_103)
FNDA:2,(anonymous_104)
FNDA:0,(anonymous_105)
FNDA:0,(anonymous_106)
FNDA:0,(anonymous_107)
FNDA:0,(anonymous_108)
FNDA:0,(anonymous_109)
FNDA:0,(anonymous_110)
FNDA:0,(anonymous_111)
FNDA:0,(anonymous_112)
FNDA:0,(anonymous_113)
FNDA:0,(anonymous_114)
FNDA:0,(anonymous_115)
FNDA:0,(anonymous_116)
FNDA:0,(anonymous_117)
FNDA:0,(anonymous_118)
FNDA:0,(anonymous_119)
FNDA:0,(anonymous_120)
FNDA:0,(anonymous_121)
FNDA:0,(anonymous_122)
FNDA:0,(anonymous_123)
FNDA:0,(anonymous_124)
FNDA:0,(anonymous_125)
FNDA:0,(anonymous_126)
FNDA:0,(anonymous_127)
FNDA:0,(anonymous_128)
FNDA:0,(anonymous_129)
FNDA:0,(anonymous_130)
FNDA:0,(anonymous_131)
FNDA:0,(anonymous_132)
FNDA:0,(anonymous_133)
FNDA:0,(anonymous_134)
FNDA:0,(anonymous_135)
FNDA:0,(anonymous_136)
FNDA:0,(anonymous_137)
FNDA:0,(anonymous_138)
FNDA:0,(anonymous_139)
FNDA:0,(anonymous_140)
FNDA:0,(anonymous_141)
DA:1,1
DA:2,1
DA:19,1
DA:20,0
DA:22,1
DA:23,1
DA:24,1
DA:26,1
DA:33,1
DA:35,1
DA:36,1
DA:37,1
DA:38,1
DA:40,1
DA:91,1
DA:92,3
DA:93,3
DA:94,3
DA:95,3
DA:109,3
DA:116,1
DA:117,50
DA:118,50
DA:119,50
DA:120,50
DA:122,50
DA:124,50
DA:125,50
DA:126,50
DA:127,50
DA:128,50
DA:129,50
DA:130,50
DA:132,50
DA:134,50
DA:137,50
DA:138,9
DA:141,50
DA:142,50
DA:143,50
DA:144,50
DA:146,50
DA:147,50
DA:148,50
DA:151,50
DA:152,50
DA:155,50
DA:156,50
DA:157,50
DA:160,50
DA:161,9
DA:162,9
DA:168,50
DA:169,50
DA:171,50
DA:172,0
DA:173,0
DA:180,50
DA:181,0
DA:186,0
DA:187,0
DA:192,50
DA:193,50
DA:194,50
DA:195,50
DA:197,50
DA:198,9
DA:199,0
DA:200,0
DA:201,0
DA:216,50
DA:217,9
DA:218,0
DA:219,0
DA:220,0
DA:235,50
DA:236,0
DA:237,0
DA:238,0
DA:240,0
DA:252,0
DA:256,50
DA:257,0
DA:258,0
DA:259,0
DA:261,0
DA:273,0
DA:277,50
DA:278,0
DA:279,0
DA:280,0
DA:282,0
DA:286,50
DA:287,0
DA:288,0
DA:289,0
DA:291,0
DA:295,50
DA:296,0
DA:297,0
DA:301,50
DA:302,50
DA:303,50
DA:304,50
DA:307,50
DA:308,50
DA:309,50
DA:311,50
DA:312,9
DA:326,50
DA:327,9
DA:341,50
DA:342,9
DA:357,50
DA:358,50
DA:359,50
DA:360,50
DA:362,50
DA:363,50
DA:366,50
DA:368,50
DA:369,9
DA:370,9
DA:374,50
DA:375,9
DA:376,9
DA:380,50
DA:381,9
DA:382,9
DA:387,9
DA:390,9
DA:391,9
DA:392,6
DA:393,6
DA:394,6
DA:395,6
DA:396,6
DA:398,6
DA:402,0
DA:406,50
DA:407,18
DA:408,9
DA:412,50
DA:413,27
DA:414,9
DA:418,50
DA:419,27
DA:421,27
DA:422,3
DA:423,3
DA:424,3
DA:425,3
DA:428,3
DA:429,3
DA:430,3
DA:431,6
DA:432,3
DA:433,3
DA:434,3
DA:435,3
DA:438,3
DA:441,3
DA:442,0
DA:443,0
DA:444,0
DA:445,0
DA:446,0
DA:447,0
DA:448,0
DA:451,0
DA:455,3
DA:456,3
DA:457,3
DA:458,3
DA:462,0
DA:463,0
DA:467,27
DA:468,27
DA:469,18
DA:473,50
DA:476,50
DA:477,27
DA:480,50
DA:481,18
DA:484,50
DA:485,18
DA:486,18
DA:489,50
DA:490,18
DA:491,9
DA:494,50
DA:495,2
DA:497,0
DA:500,2
DA:501,2
DA:502,2
DA:503,2
DA:504,2
DA:506,0
DA:507,0
DA:510,0
DA:514,50
DA:515,0
DA:516,0
DA:517,0
DA:518,0
DA:520,0
DA:521,0
DA:522,0
DA:524,0
DA:527,0
DA:528,0
DA:532,50
DA:533,2
DA:535,2
DA:536,2
DA:538,2
DA:539,2
DA:540,1
DA:544,1
DA:546,1
DA:550,1
DA:553,0
DA:556,2
DA:557,2
DA:558,0
DA:560,2
DA:563,0
DA:565,2
DA:566,2
DA:569,50
DA:570,1
DA:571,1
DA:572,1
DA:573,1
DA:576,1
DA:577,1
DA:578,0
DA:580,1
DA:583,0
DA:585,1
DA:586,1
DA:590,50
DA:591,0
DA:592,0
DA:593,0
DA:594,0
DA:595,0
DA:597,0
DA:602,50
DA:603,0
DA:604,0
DA:605,0
DA:611,0
DA:617,0
DA:622,50
DA:623,0
DA:630,0
DA:631,0
DA:632,0
DA:642,0
DA:643,0
DA:644,0
DA:646,0
DA:648,0
DA:655,0
DA:670,50
DA:671,0
DA:674,0
DA:690,0
DA:698,0
DA:719,0
DA:735,0
DA:737,0
DA:766,0
DA:768,0
DA:795,0
DA:797,0
DA:819,0
DA:821,0
DA:840,50
DA:841,50
DA:842,0
DA:844,0
DA:864,0
DA:893,0
DA:919,50
DA:920,0
DA:932,0
DA:941,50
DA:942,0
DA:945,50
DA:973,0
DA:984,0
DA:985,0
DA:986,0
DA:988,0
DA:989,0
DA:990,0
DA:1023,18
DA:1025,0
DA:1055,0
DA:1056,0
DA:1057,0
DA:1061,0
DA:1064,0
DA:1067,0
DA:1079,0
DA:1112,0
DA:1121,0
DA:1122,0
DA:1123,0
DA:1124,0
DA:1125,0
DA:1126,0
DA:1138,3
DA:1139,3
DA:1140,3
DA:1142,3
DA:1157,3
DA:1158,3
DA:1161,3
DA:1162,3
DA:1164,3
DA:1165,3
DA:1167,3
DA:1168,2
DA:1169,0
DA:1171,2
DA:1174,1
DA:1175,1
DA:1214,0
DA:1215,0
DA:1232,2
DA:1236,0
DA:1238,0
DA:1239,0
DA:1243,0
DA:1261,0
DA:1274,0
DA:1288,0
DA:1291,0
DA:1292,0
DA:1315,0
DA:1318,0
DA:1321,0
DA:1324,0
DA:1327,0
DA:1333,0
DA:1348,0
DA:1361,0
DA:1375,0
DA:1379,0
DA:1381,0
DA:1382,0
DA:1387,0
DA:1388,0
DA:1423,0
DA:1424,0
DA:1433,0
DA:1441,0
DA:1454,0
DA:1455,0
DA:1468,0
DA:1492,0
DA:1504,0
DA:1513,0
DA:1525,0
DA:1526,0
DA:1527,0
DA:1535,0
DA:1547,1
LF:372
LH:207
BRDA:19,0,0,0
BRDA:19,1,0,1
BRDA:19,1,1,0
BRDA:187,2,0,0
BRDA:198,3,0,0
BRDA:198,4,0,9
BRDA:198,4,1,2
BRDA:217,5,0,0
BRDA:217,6,0,9
BRDA:217,6,1,2
BRDA:236,7,0,0
BRDA:257,8,0,0
BRDA:279,9,0,0
BRDA:279,9,1,0
BRDA:279,10,0,0
BRDA:279,10,1,0
BRDA:288,11,0,0
BRDA:288,11,1,0
BRDA:288,12,0,0
BRDA:288,12,1,0
BRDA:301,13,0,9
BRDA:301,13,1,41
BRDA:301,14,0,50
BRDA:301,14,1,9
BRDA:302,15,0,9
BRDA:302,15,1,41
BRDA:302,16,0,50
BRDA:302,16,1,9
BRDA:303,17,0,9
BRDA:303,17,1,41
BRDA:303,18,0,50
BRDA:303,18,1,9
BRDA:304,19,0,9
BRDA:304,19,1,41
BRDA:304,20,0,50
BRDA:304,20,1,9
BRDA:314,21,0,2
BRDA:314,21,1,7
BRDA:314,22,0,9
BRDA:314,22,1,2
BRDA:319,23,0,2
BRDA:319,23,1,7
BRDA:319,24,0,9
BRDA:319,24,1,2
BRDA:329,25,0,2
BRDA:329,25,1,7
BRDA:329,26,0,9
BRDA:329,26,1,2
BRDA:334,27,0,2
BRDA:334,27,1,7
BRDA:334,28,0,9
BRDA:334,28,1,2
BRDA:344,29,0,9
BRDA:344,29,1,0
BRDA:349,30,0,9
BRDA:349,30,1,0
BRDA:369,31,0,9
BRDA:375,32,0,9
BRDA:375,33,0,9
BRDA:375,33,1,9
BRDA:391,34,0,6
BRDA:396,35,0,6
BRDA:407,36,0,9
BRDA:407,37,0,18
BRDA:407,37,1,9
BRDA:413,38,0,18
BRDA:413,39,0,27
BRDA:413,39,1,18
BRDA:419,40,0,0
BRDA:419,41,0,27
BRDA:419,41,1,27
BRDA:423,42,0,3
BRDA:423,42,1,0
BRDA:423,43,0,3
BRDA:423,43,1,3
BRDA:430,44,0,6
BRDA:430,44,1,6
BRDA:431,45,0,3
BRDA:431,46,0,6
BRDA:431,46,1,6
BRDA:433,47,0,3
BRDA:433,48,0,3
BRDA:433,48,1,3
BRDA:441,49,0,0
BRDA:443,50,0,0
BRDA:443,50,1,0
BRDA:444,51,0,0
BRDA:444,52,0,0
BRDA:444,52,1,0
BRDA:446,53,0,0
BRDA:446,54,0,0
BRDA:446,54,1,0
BRDA:455,55,0,3
BRDA:457,56,0,3
BRDA:481,57,0,18
BRDA:481,57,1,9
BRDA:485,58,0,0
BRDA:490,59,0,9
BRDA:490,60,0,18
BRDA:490,60,1,9
BRDA:495,61,0,0
BRDA:501,62,0,2
BRDA:501,62,1,0
BRDA:503,63,0,2
BRDA:503,63,1,0
BRDA:515,64,0,0
BRDA:515,65,0,0
BRDA:515,65,1,0
BRDA:520,66,0,0
BRDA:520,66,1,0
BRDA:521,67,0,0
BRDA:521,67,1,0
BRDA:533,68,0,0
BRDA:533,69,0,2
BRDA:533,69,1,2
BRDA:539,70,0,1
BRDA:539,70,1,1
BRDA:542,71,0,1
BRDA:542,71,1,0
BRDA:544,72,0,1
BRDA:544,72,1,0
BRDA:556,73,0,2
BRDA:556,73,1,0
BRDA:557,74,0,0
BRDA:557,74,1,2
BRDA:570,75,0,0
BRDA:576,76,0,1
BRDA:576,76,1,0
BRDA:577,77,0,0
BRDA:577,77,1,1
BRDA:603,78,0,0
BRDA:608,79,0,0
BRDA:608,79,1,0
BRDA:609,80,0,0
BRDA:609,80,1,0
BRDA:630,81,0,0
BRDA:636,82,0,0
BRDA:636,82,1,0
BRDA:637,83,0,0
BRDA:637,83,1,0
BRDA:643,84,0,0
BRDA:687,85,0,0
BRDA:687,85,1,0
BRDA:701,86,0,0
BRDA:701,86,1,0
BRDA:702,87,0,0
BRDA:702,87,1,0
BRDA:704,88,0,0
BRDA:704,88,1,0
BRDA:716,89,0,0
BRDA:716,89,1,0
BRDA:741,90,0,0
BRDA:741,90,1,0
BRDA:750,91,0,0
BRDA:750,91,1,0
BRDA:751,92,0,0
BRDA:751,92,1,0
BRDA:754,93,0,0
BRDA:754,93,1,0
BRDA:774,94,0,0
BRDA:774,94,1,0
BRDA:775,95,0,0
BRDA:775,95,1,0
BRDA:780,96,0,0
BRDA:780,96,1,0
BRDA:802,97,0,0
BRDA:802,97,1,0
BRDA:803,98,0,0
BRDA:803,98,1,0
BRDA:807,99,0,0
BRDA:807,99,1,0
BRDA:826,100,0,0
BRDA:826,100,1,0
BRDA:827,101,0,0
BRDA:827,101,1,0
BRDA:831,102,0,0
BRDA:831,102,1,0
BRDA:841,103,0,50
BRDA:841,104,0,50
BRDA:841,104,1,0
BRDA:842,105,0,0
BRDA:842,105,1,0
BRDA:851,106,0,0
BRDA:851,106,1,0
BRDA:859,107,0,0
BRDA:859,107,1,0
BRDA:880,108,0,0
BRDA:880,108,1,0
BRDA:890,109,0,0
BRDA:890,109,1,0
BRDA:919,110,0,0
BRDA:927,111,0,0
BRDA:927,111,1,0
BRDA:941,112,0,0
BRDA:947,113,0,50
BRDA:947,113,1,0
BRDA:986,114,0,0
BRDA:1001,115,0,50
BRDA:1001,115,1,9
BRDA:1011,116,0,9
BRDA:1011,116,1,0
BRDA:1011,117,0,9
BRDA:1011,117,1,9
BRDA:1012,118,0,9
BRDA:1012,118,1,0
BRDA:1012,119,0,9
BRDA:1012,119,1,9
BRDA:1016,120,0,0
BRDA:1016,120,1,9
BRDA:1026,121,0,18
BRDA:1026,121,1,7
BRDA:1028,122,0,7
BRDA:1028,122,1,11
BRDA:1042,123,0,9
BRDA:1042,123,1,0
BRDA:1056,124,0,0
BRDA:1056,125,0,0
BRDA:1056,125,1,0
BRDA:1096,126,0,50
BRDA:1096,126,1,0
BRDA:1097,127,0,50
BRDA:1097,127,1,0
BRDA:1101,128,0,50
BRDA:1101,128,1,9
BRDA:1115,129,0,50
BRDA:1115,129,1,41
BRDA:1121,130,0,0
BRDA:1121,130,1,0
BRDA:1121,131,0,0
BRDA:1121,131,1,0
BRDA:1124,132,0,0
BRDA:1124,133,0,0
BRDA:1124,133,1,0
BRDA:1133,134,0,50
BRDA:1133,134,1,3
BRDA:1133,134,2,3
BRDA:1161,135,0,3
BRDA:1161,136,0,3
BRDA:1161,136,1,3
BRDA:1167,137,0,2
BRDA:1167,137,1,1
BRDA:1168,138,0,0
BRDA:1168,138,1,2
BRDA:1190,139,0,50
BRDA:1190,139,1,9
BRDA:1200,140,0,9
BRDA:1200,140,1,0
BRDA:1200,141,0,9
BRDA:1200,141,1,9
BRDA:1201,142,0,9
BRDA:1201,142,1,0
BRDA:1201,143,0,9
BRDA:1201,143,1,9
BRDA:1205,144,0,1
BRDA:1205,144,1,8
BRDA:1205,145,0,9
BRDA:1205,145,1,1
BRDA:1205,145,2,1
BRDA:1209,146,0,1
BRDA:1209,146,1,1
BRDA:1210,147,0,1
BRDA:1210,147,1,1
BRDA:1211,148,0,1
BRDA:1211,148,1,0
BRDA:1232,149,0,8
BRDA:1232,149,1,0
BRDA:1243,150,0,0
BRDA:1243,150,1,0
BRDA:1246,151,0,0
BRDA:1246,151,1,0
BRDA:1260,152,0,50
BRDA:1260,152,1,41
BRDA:1260,152,2,0
BRDA:1276,153,0,0
BRDA:1276,153,1,0
BRDA:1294,154,0,0
BRDA:1294,154,1,0
BRDA:1296,155,0,0
BRDA:1296,155,1,0
BRDA:1310,156,0,0
BRDA:1310,156,1,0
BRDA:1313,157,0,0
BRDA:1313,157,1,0
BRDA:1347,158,0,50
BRDA:1347,158,1,41
BRDA:1347,158,2,0
BRDA:1375,159,0,0
BRDA:1375,159,1,0
BRDA:1387,160,0,0
BRDA:1387,160,1,0
BRDA:1392,161,0,0
BRDA:1392,161,1,0
BRDA:1405,162,0,50
BRDA:1405,162,1,41
BRDA:1405,162,2,41
BRDA:1414,163,0,41
BRDA:1414,163,1,7
BRDA:1414,163,2,7
BRDA:1418,164,0,7
BRDA:1418,164,1,3
BRDA:1419,165,0,7
BRDA:1419,165,1,7
BRDA:1420,166,0,7
BRDA:1420,166,1,4
BRDA:1432,167,0,50
BRDA:1432,167,1,41
BRDA:1432,167,2,0
BRDA:1432,167,3,0
BRDA:1445,168,0,0
BRDA:1445,168,1,0
BRDA:1445,168,2,0
BRDA:1449,169,0,0
BRDA:1449,169,1,0
BRDA:1450,170,0,0
BRDA:1450,170,1,0
BRDA:1451,171,0,0
BRDA:1451,171,1,0
BRDA:1475,172,0,50
BRDA:1475,172,1,0
BRDA:1481,173,0,0
BRDA:1481,173,1,50
BRDA:1510,174,0,50
BRDA:1510,174,1,0
BRDA:1665,175,0,0
BRDA:1665,175,1,1
BRF:325
BRH:156
end_of_record
TN:
SF:modules\wireless-sync\src\index.ts
FN:7,(anonymous_0)
FN:11,(anonymous_1)
FN:15,(anonymous_2)
FN:19,(anonymous_3)
FN:23,(anonymous_4)
FN:27,(anonymous_5)
FN:31,(anonymous_6)
FN:35,(anonymous_7)
FN:39,(anonymous_8)
FN:43,(anonymous_9)
FN:47,(anonymous_10)
FN:55,(anonymous_11)
FN:59,(anonymous_12)
FN:63,(anonymous_13)
FNF:14
FNH:0
FNDA:0,(anonymous_0)
FNDA:0,(anonymous_1)
FNDA:0,(anonymous_2)
FNDA:0,(anonymous_3)
FNDA:0,(anonymous_4)
FNDA:0,(anonymous_5)
FNDA:0,(anonymous_6)
FNDA:0,(anonymous_7)
FNDA:0,(anonymous_8)
FNDA:0,(anonymous_9)
FNDA:0,(anonymous_10)
FNDA:0,(anonymous_11)
FNDA:0,(anonymous_12)
FNDA:0,(anonymous_13)
DA:1,2
DA:4,0
DA:6,0
DA:8,0
DA:12,0
DA:16,0
DA:20,0
DA:24,0
DA:28,0
DA:32,0
DA:36,0
DA:40,0
DA:44,0
DA:48,0
DA:52,0
DA:54,0
DA:56,0
DA:60,0
DA:64,0
LF:19
LH:1
BRF:0
BRH:0
end_of_record
TN:
SF:src\api\connector.ts
FN:26,cleanJsonResponse
FN:39,withTimeout
FN:41,(anonymous_2)
FN:42,(anonymous_3)
FN:46,(anonymous_4)
FN:49,retryWithFailover
FN:64,(anonymous_6)
FN:73,runPass2Inference
FN:112,(anonymous_8)
FN:114,(anonymous_9)
FN:134,(anonymous_10)
FN:153,(anonymous_11)
FN:199,executeNetworkInference
FN:278,executeCloudInference
FN:358,mockLocalInference
FNF:15
FNH:12
FNDA:11,cleanJsonResponse
FNDA:8,withTimeout
FNDA:8,(anonymous_2)
FNDA:0,(anonymous_3)
FNDA:8,(anonymous_4)
FNDA:8,retryWithFailover
FNDA:0,(anonymous_6)
FNDA:9,runPass2Inference
FNDA:1,(anonymous_8)
FNDA:1,(anonymous_9)
FNDA:6,(anonymous_10)
FNDA:1,(anonymous_11)
FNDA:6,executeNetworkInference
FNDA:1,executeCloudInference
FNDA:0,mockLocalInference
DA:1,3
DA:2,3
DA:3,3
DA:26,3
DA:27,11
DA:29,11
DA:30,2
DA:31,2
DA:33,11
DA:41,8
DA:42,8
DA:43,0
DA:46,8
DA:54,8
DA:55,8
DA:56,8
DA:57,8
DA:59,0
DA:60,0
DA:61,0
DA:63,0
DA:64,0
DA:67,0
DA:73,3
DA:78,9
DA:79,1
DA:81,8
DA:82,1
DA:83,1
DA:84,0
DA:88,8
DA:90,8
DA:91,8
DA:92,8
DA:94,8
DA:95,8
DA:98,8
DA:100,8
DA:101,8
DA:102,0
DA:103,0
DA:105,8
DA:107,8
DA:108,8
DA:109,1
DA:110,1
DA:112,1
DA:113,1
DA:115,1
DA:116,1
DA:117,1
DA:118,0
DA:120,1
DA:126,1
DA:129,7
DA:130,6
DA:131,0
DA:134,6
DA:135,6
DA:141,6
DA:144,1
DA:145,1
DA:146,1
DA:147,0
DA:149,1
DA:150,0
DA:153,1
DA:154,1
DA:160,1
DA:163,0
DA:165,0
DA:166,0
DA:169,0
DA:170,0
DA:171,0
DA:172,0
DA:173,0
DA:174,0
DA:175,0
DA:177,0
DA:178,0
DA:180,0
DA:181,0
DA:182,0
DA:183,0
DA:185,0
DA:186,0
DA:189,0
DA:190,0
DA:204,6
DA:205,6
DA:207,6
DA:213,6
DA:218,6
DA:219,1
DA:220,0
DA:228,1
DA:239,5
DA:249,6
DA:255,6
DA:256,0
DA:259,6
DA:260,6
DA:262,6
DA:263,1
DA:264,0
DA:266,1
DA:269,5
DA:272,6
DA:284,1
DA:285,1
DA:288,1
DA:290,1
DA:291,1
DA:292,1
DA:293,1
DA:302,0
DA:303,0
DA:304,0
DA:305,0
DA:306,0
DA:313,0
DA:314,0
DA:315,0
DA:316,0
DA:331,1
DA:337,1
DA:338,0
DA:341,1
DA:342,1
DA:344,1
DA:345,1
DA:346,0
DA:347,0
DA:348,0
DA:349,0
DA:352,1
DA:359,0
LF:138
LH:86
BRDA:29,0,0,2
BRDA:51,1,0,0
BRDA:52,2,0,0
BRDA:60,3,0,0
BRDA:78,4,0,1
BRDA:78,5,0,9
BRDA:78,5,1,7
BRDA:81,6,0,1
BRDA:82,7,0,1
BRDA:82,7,1,0
BRDA:82,7,2,0
BRDA:83,8,0,0
BRDA:83,9,0,1
BRDA:83,9,1,1
BRDA:101,10,0,0
BRDA:108,11,0,1
BRDA:109,12,0,1
BRDA:109,12,1,1
BRDA:117,13,0,0
BRDA:117,14,0,1
BRDA:117,14,1,1
BRDA:118,15,0,0
BRDA:118,15,1,0
BRDA:129,16,0,6
BRDA:130,17,0,0
BRDA:144,18,0,1
BRDA:146,19,0,0
BRDA:146,20,0,1
BRDA:146,20,1,0
BRDA:147,21,0,0
BRDA:147,21,1,0
BRDA:149,22,0,0
BRDA:149,23,0,1
BRDA:149,23,1,1
BRDA:169,24,0,0
BRDA:169,24,1,0
BRDA:170,25,0,0
BRDA:170,25,1,0
BRDA:173,26,0,0
BRDA:173,26,1,0
BRDA:173,27,0,0
BRDA:173,27,1,0
BRDA:180,28,0,0
BRDA:180,28,1,0
BRDA:181,29,0,0
BRDA:181,29,1,0
BRDA:181,30,0,0
BRDA:181,30,1,0
BRDA:204,31,0,6
BRDA:204,31,1,6
BRDA:204,31,2,6
BRDA:207,32,0,1
BRDA:207,32,1,5
BRDA:208,33,0,0
BRDA:208,33,1,1
BRDA:209,34,0,0
BRDA:209,34,1,0
BRDA:210,35,0,0
BRDA:210,35,1,1
BRDA:218,36,0,1
BRDA:218,36,1,5
BRDA:219,37,0,0
BRDA:219,37,1,1
BRDA:221,38,0,0
BRDA:221,38,1,0
BRDA:229,39,0,1
BRDA:229,39,1,0
BRDA:240,40,0,5
BRDA:240,40,1,5
BRDA:255,41,0,0
BRDA:262,42,0,1
BRDA:262,42,1,5
BRDA:263,43,0,0
BRDA:263,43,1,1
BRDA:264,44,0,0
BRDA:264,44,1,0
BRDA:266,45,0,1
BRDA:266,45,1,0
BRDA:269,46,0,5
BRDA:269,46,1,0
BRDA:290,47,0,1
BRDA:290,47,1,0
BRDA:294,48,0,1
BRDA:294,48,1,0
BRDA:302,49,0,0
BRDA:302,49,1,0
BRDA:307,50,0,0
BRDA:307,50,1,0
BRDA:313,51,0,0
BRDA:314,52,0,0
BRDA:314,52,1,0
BRDA:337,53,0,0
BRDA:344,54,0,1
BRDA:344,54,1,0
BRDA:345,55,0,1
BRDA:345,55,1,0
BRDA:346,56,0,0
BRDA:346,56,1,0
BRDA:347,57,0,0
BRDA:347,57,1,0
BRDA:348,58,0,0
BRDA:349,59,0,0
BRDA:349,59,1,0
BRF:103
BRH:40
end_of_record
TN:
SF:src\api\keystore.ts
FN:19,deriveKey
FN:27,(anonymous_1)
FN:68,(anonymous_2)
FN:118,(anonymous_3)
FN:140,(anonymous_4)
FNF:5
FNH:5
FNDA:12,deriveKey
FNDA:6,(anonymous_1)
FNDA:11,(anonymous_2)
FNDA:1,(anonymous_3)
FNDA:7,(anonymous_4)
DA:2,4
DA:3,4
DA:6,4
DA:7,4
DA:8,4
DA:9,4
DA:12,4
DA:13,4
DA:16,4
DA:20,12
DA:23,4
DA:28,6
DA:29,6
DA:30,6
DA:32,6
DA:33,6
DA:35,6
DA:36,6
DA:39,6
DA:42,6
DA:43,6
DA:44,0
DA:45,0
DA:46,0
DA:47,0
DA:51,6
DA:52,6
DA:53,6
DA:54,6
DA:55,6
DA:56,0
DA:58,6
DA:70,11
DA:71,5
DA:72,5
DA:73,0
DA:74,0
DA:75,0
DA:76,0
DA:77,0
DA:78,0
DA:82,5
DA:83,5
DA:84,5
DA:85,5
DA:86,5
DA:87,1
DA:88,1
DA:94,11
DA:95,11
DA:96,5
DA:99,6
DA:100,6
DA:101,6
DA:102,6
DA:103,6
DA:105,6
DA:106,6
DA:108,6
DA:110,0
DA:111,0
DA:119,1
DA:120,1
DA:121,1
DA:122,0
DA:123,0
DA:124,0
DA:125,0
DA:128,1
DA:129,1
DA:130,1
DA:131,1
DA:132,1
DA:141,7
DA:142,7
DA:143,7
DA:144,0
DA:145,0
DA:146,0
DA:147,0
DA:150,7
DA:151,7
DA:152,7
DA:153,7
DA:154,7
DA:155,4
LF:86
LH:65
BRDA:2,0,0,4
BRDA:2,0,1,4
BRDA:2,0,2,0
BRDA:3,1,0,4
BRDA:3,1,1,0
BRDA:44,2,0,0
BRDA:44,3,0,0
BRDA:44,3,1,0
BRDA:55,4,0,0
BRDA:70,5,0,5
BRDA:73,6,0,0
BRDA:73,7,0,0
BRDA:73,7,1,0
BRDA:76,8,0,0
BRDA:86,9,0,1
BRDA:95,10,0,5
BRDA:122,11,0,0
BRDA:122,12,0,0
BRDA:122,12,1,0
BRDA:144,13,0,0
BRDA:144,14,0,0
BRDA:144,14,1,0
BRDA:154,15,0,4
BRF:23
BRH:7
end_of_record
TN:
SF:src\api\prompts.ts
FN:31,buildPass2UserPrompt
FNF:1
FNH:0
FNDA:0,buildPass2UserPrompt
DA:1,3
DA:31,3
DA:32,0
LF:3
LH:2
BRF:0
BRH:0
end_of_record
TN:
SF:src\components\BlockCell.tsx
FN:59,getHighlightSegments
FN:90,(anonymous_11)
FN:140,BlockCell
FN:173,(anonymous_13)
FN:187,(anonymous_14)
FN:201,(anonymous_15)
FN:225,(anonymous_16)
FN:239,(anonymous_17)
FN:266,(anonymous_18)
FN:270,(anonymous_19)
FN:312,(anonymous_20)
FN:340,(anonymous_21)
FN:352,(anonymous_22)
FN:365,(anonymous_23)
FN:367,(anonymous_24)
FN:384,(anonymous_25)
FN:400,(anonymous_26)
FN:416,(anonymous_27)
FNF:18
FNH:0
FNDA:0,getHighlightSegments
FNDA:0,(anonymous_11)
FNDA:0,BlockCell
FNDA:0,(anonymous_13)
FNDA:0,(anonymous_14)
FNDA:0,(anonymous_15)
FNDA:0,(anonymous_16)
FNDA:0,(anonymous_17)
FNDA:0,(anonymous_18)
FNDA:0,(anonymous_19)
FNDA:0,(anonymous_20)
FNDA:0,(anonymous_21)
FNDA:0,(anonymous_22)
FNDA:0,(anonymous_23)
FNDA:0,(anonymous_24)
FNDA:0,(anonymous_25)
FNDA:0,(anonymous_26)
FNDA:0,(anonymous_27)
DA:1,3
DA:2,3
DA:3,3
DA:60,0
DA:61,0
DA:70,0
DA:72,0
DA:73,0
DA:74,0
DA:75,0
DA:76,0
DA:82,0
DA:86,0
DA:87,0
DA:90,0
DA:92,0
DA:93,0
DA:94,0
DA:95,0
DA:97,0
DA:98,0
DA:99,0
DA:100,0
DA:103,0
DA:108,0
DA:109,0
DA:110,0
DA:111,0
DA:112,0
DA:117,0
DA:123,0
DA:126,0
DA:127,0
DA:133,0
DA:140,3
DA:142,0
DA:143,0
DA:144,0
DA:145,0
DA:146,0
DA:147,0
DA:148,0
DA:150,0
DA:151,0
DA:152,0
DA:153,0
DA:157,0
DA:158,0
DA:160,0
DA:173,0
DA:174,0
DA:176,0
DA:178,0
DA:179,0
DA:187,0
DA:194,0
DA:201,0
DA:207,0
DA:213,0
DA:214,0
DA:215,0
DA:216,0
DA:217,0
DA:218,0
DA:219,0
DA:222,0
DA:223,0
DA:226,0
DA:227,0
DA:239,0
DA:245,0
DA:256,0
DA:270,0
DA:276,0
DA:277,0
DA:278,0
DA:300,0
DA:312,0
DA:319,0
DA:338,0
DA:341,0
DA:352,0
DA:362,0
DA:366,0
DA:368,0
DA:384,0
DA:396,0
DA:400,0
DA:401,0
DA:402,0
DA:406,0
DA:417,0
DA:428,3
LF:93
LH:5
BRDA:60,0,0,0
BRDA:60,1,0,0
BRDA:60,1,1,0
BRDA:73,2,0,0
BRDA:79,3,0,0
BRDA:79,3,1,0
BRDA:86,4,0,0
BRDA:94,5,0,0
BRDA:94,5,1,0
BRDA:98,6,0,0
BRDA:98,6,1,0
BRDA:99,7,0,0
BRDA:111,8,0,0
BRDA:126,9,0,0
BRDA:140,10,0,0
BRDA:142,11,0,0
BRDA:142,11,1,0
BRDA:143,12,0,0
BRDA:143,12,1,0
BRDA:144,13,0,0
BRDA:144,13,1,0
BRDA:145,14,0,0
BRDA:145,14,1,0
BRDA:146,15,0,0
BRDA:146,15,1,0
BRDA:147,16,0,0
BRDA:147,16,1,0
BRDA:148,17,0,0
BRDA:148,17,1,0
BRDA:150,18,0,0
BRDA:150,18,1,0
BRDA:151,19,0,0
BRDA:151,19,1,0
BRDA:152,20,0,0
BRDA:152,20,1,0
BRDA:174,21,0,0
BRDA:176,22,0,0
BRDA:176,22,1,0
BRDA:176,22,2,0
BRDA:176,22,3,0
BRDA:176,22,4,0
BRDA:176,22,5,0
BRDA:176,22,6,0
BRDA:176,22,7,0
BRDA:176,22,8,0
BRDA:176,22,9,0
BRDA:178,23,0,0
BRDA:178,23,1,0
BRDA:178,24,0,0
BRDA:178,24,1,0
BRDA:213,25,0,0
BRDA:214,26,0,0
BRDA:215,27,0,0
BRDA:216,28,0,0
BRDA:216,28,1,0
BRDA:222,29,0,0
BRDA:222,29,1,0
BRDA:226,30,0,0
BRDA:233,31,0,0
BRDA:233,31,1,0
BRDA:239,32,0,0
BRDA:239,32,1,0
BRDA:239,33,0,0
BRDA:239,33,1,0
BRDA:276,34,0,0
BRDA:276,34,1,0
BRDA:285,35,0,0
BRDA:285,35,1,0
BRDA:290,36,0,0
BRDA:290,36,1,0
BRDA:327,37,0,0
BRDA:327,37,1,0
BRDA:343,38,0,0
BRDA:343,38,1,0
BRDA:374,39,0,0
BRDA:374,39,1,0
BRDA:379,40,0,0
BRDA:379,40,1,0
BRDA:380,41,0,0
BRDA:380,41,1,0
BRDA:401,42,0,0
BRDA:408,43,0,0
BRDA:408,43,1,0
BRDA:409,44,0,0
BRDA:409,44,1,0
BRDA:414,45,0,0
BRDA:414,45,1,0
BRDA:418,46,0,0
BRDA:418,46,1,0
BRF:89
BRH:0
end_of_record
TN:
SF:src\components\FlashListReader.tsx
FN:41,useFlashListReader
FN:45,(anonymous_10)
FN:46,(anonymous_11)
FN:49,(anonymous_12)
FN:54,(anonymous_13)
FN:92,FlashListReader
FN:97,(anonymous_15)
FN:104,(anonymous_16)
FN:105,(anonymous_17)
FN:117,(anonymous_18)
FN:142,(anonymous_19)
FN:147,(anonymous_20)
FNF:12
FNH:0
FNDA:0,useFlashListReader
FNDA:0,(anonymous_10)
FNDA:0,(anonymous_11)
FNDA:0,(anonymous_12)
FNDA:0,(anonymous_13)
FNDA:0,FlashListReader
FNDA:0,(anonymous_15)
FNDA:0,(anonymous_16)
FNDA:0,(anonymous_17)
FNDA:0,(anonymous_18)
FNDA:0,(anonymous_19)
FNDA:0,(anonymous_20)
DA:1,1
DA:2,1
DA:3,1
DA:4,1
DA:6,1
DA:41,1
DA:42,0
DA:43,0
DA:45,0
DA:46,0
DA:47,0
DA:49,0
DA:52,0
DA:54,0
DA:59,0
DA:61,0
DA:69,0
DA:70,0
DA:71,0
DA:72,0
DA:75,0
DA:80,0
DA:92,1
DA:93,0
DA:94,0
DA:95,0
DA:97,0
DA:98,0
DA:99,0
DA:104,0
DA:105,0
DA:106,0
DA:117,0
DA:118,0
DA:119,0
DA:124,0
DA:125,0
DA:129,0
DA:143,0
DA:147,0
DA:161,1
LF:41
LH:8
BRDA:59,0,0,0
BRDA:69,1,0,0
BRDA:93,2,0,0
BRDA:93,3,0,0
BRDA:98,4,0,0
BRDA:124,5,0,0
BRDA:130,6,0,0
BRDA:130,6,1,0
BRDA:131,7,0,0
BRDA:131,7,1,0
BRDA:143,8,0,0
BRDA:143,8,1,0
BRDA:150,9,0,0
BRDA:150,9,1,0
BRF:14
BRH:0
end_of_record
TN:
SF:src\components\HorizontalReflowReader.tsx
FN:25,sliceXhtmlContent
FN:49,getRelativeAnnotationsForSegment
FN:54,(anonymous_11)
FN:57,(anonymous_12)
FN:121,HorizontalReflowReader
FN:141,(anonymous_14)
FN:146,(anonymous_15)
FN:153,(anonymous_16)
FN:163,(anonymous_17)
FN:173,(anonymous_18)
FN:179,(anonymous_19)
FN:180,(anonymous_20)
FN:204,(anonymous_21)
FN:226,(anonymous_22)
FNF:14
FNH:4
FNDA:1,sliceXhtmlContent
FNDA:2,getRelativeAnnotationsForSegment
FNDA:4,(anonymous_11)
FNDA:4,(anonymous_12)
FNDA:0,HorizontalReflowReader
FNDA:0,(anonymous_14)
FNDA:0,(anonymous_15)
FNDA:0,(anonymous_16)
FNDA:0,(anonymous_17)
FNDA:0,(anonymous_18)
FNDA:0,(anonymous_19)
FNDA:0,(anonymous_20)
FNDA:0,(anonymous_21)
FNDA:0,(anonymous_22)
DA:1,1
DA:2,1
DA:3,1
DA:5,1
DA:6,1
DA:25,1
DA:26,1
DA:27,1
DA:29,1
DA:40,1
DA:49,1
DA:54,4
DA:55,2
DA:57,2
DA:58,4
DA:59,4
DA:60,4
DA:61,4
DA:62,4
DA:63,4
DA:68,4
DA:69,0
DA:72,4
DA:73,4
DA:74,4
DA:77,4
DA:78,4
DA:81,1
DA:82,1
DA:89,1
DA:90,1
DA:91,1
DA:92,1
DA:93,1
DA:99,0
DA:106,1
DA:113,0
DA:121,1
DA:134,0
DA:138,0
DA:141,0
DA:142,0
DA:143,0
DA:146,0
DA:147,0
DA:148,0
DA:149,0
DA:153,0
DA:154,0
DA:155,0
DA:156,0
DA:157,0
DA:163,0
DA:164,0
DA:165,0
DA:166,0
DA:168,0
DA:169,0
DA:173,0
DA:174,0
DA:180,0
DA:181,0
DA:184,0
DA:189,0
DA:191,0
DA:204,0
DA:205,0
DA:206,0
DA:207,0
DA:208,0
DA:209,0
DA:213,0
DA:226,0
DA:243,1
LF:74
LH:36
BRDA:59,0,0,4
BRDA:62,1,0,4
BRDA:68,2,0,0
BRDA:68,3,0,4
BRDA:68,3,1,0
BRDA:72,4,0,4
BRDA:73,5,0,4
BRDA:73,5,1,0
BRDA:78,6,0,3
BRDA:82,7,0,1
BRDA:82,7,1,0
BRDA:90,8,0,1
BRDA:90,8,1,0
BRDA:124,9,0,0
BRDA:130,10,0,0
BRDA:142,11,0,0
BRDA:142,12,0,0
BRDA:142,12,1,0
BRDA:148,13,0,0
BRDA:148,14,0,0
BRDA:148,14,1,0
BRDA:154,15,0,0
BRDA:154,16,0,0
BRDA:154,16,1,0
BRDA:156,17,0,0
BRDA:164,18,0,0
BRDA:165,19,0,0
BRDA:165,20,0,0
BRDA:165,20,1,0
BRDA:168,21,0,0
BRDA:168,22,0,0
BRDA:168,22,1,0
BRDA:181,23,0,0
BRDA:184,24,0,0
BRDA:184,24,1,0
BRDA:206,25,0,0
BRDA:206,25,1,0
BRDA:207,26,0,0
BRDA:215,27,0,0
BRDA:215,27,1,0
BRDA:232,28,0,0
BRDA:232,28,1,0
BRF:42
BRH:8
end_of_record
TN:
SF:src\components\PaginationBar.tsx
FN:15,PaginationBar
FN:33,(anonymous_2)
FN:34,(anonymous_3)
FN:42,StickyPaginationBar
FNF:4
FNH:3
FNDA:3,PaginationBar
FNDA:1,(anonymous_2)
FNDA:1,(anonymous_3)
FNDA:0,StickyPaginationBar
DA:1,1
DA:2,1
DA:15,1
DA:21,3
DA:29,3
DA:33,1
DA:34,1
DA:42,1
DA:43,0
DA:44,0
DA:46,0
DA:88,1
LF:12
LH:9
BRDA:22,0,0,2
BRDA:22,0,1,1
BRDA:24,1,0,2
BRDA:24,1,1,1
BRDA:33,2,0,1
BRDA:33,2,1,1
BRDA:34,3,0,1
BRDA:34,3,1,1
BRDA:49,4,0,0
BRDA:49,4,1,0
BRDA:56,5,0,0
BRDA:56,5,1,0
BRDA:56,6,0,0
BRDA:56,6,1,0
BRDA:71,7,0,0
BRDA:71,7,1,0
BRDA:78,8,0,0
BRDA:78,8,1,0
BRDA:78,9,0,0
BRDA:78,9,1,0
BRF:20
BRH:8
end_of_record
TN:
SF:src\database\backup.ts
FN:17,createBetterSqlite3Adapter
FN:19,(anonymous_1)
FN:20,(anonymous_2)
FN:21,(anonymous_3)
FN:34,(anonymous_4)
FN:59,createExpoSqliteAdapter
FN:61,(anonymous_6)
FN:62,(anonymous_7)
FN:63,(anonymous_8)
FN:76,(anonymous_9)
FN:101,getDatabaseAdapter
FN:155,exportDocumentNotesBackup
FN:176,(anonymous_12)
FN:185,(anonymous_13)
FN:231,importDocumentNotesBackup
FN:293,(anonymous_15)
FN:299,(anonymous_16)
FN:304,(anonymous_17)
FN:385,(anonymous_18)
FNF:19
FNH:14
FNDA:37,createBetterSqlite3Adapter
FNDA:36,(anonymous_1)
FNDA:69,(anonymous_2)
FNDA:24,(anonymous_3)
FNDA:14,(anonymous_4)
FNDA:0,createExpoSqliteAdapter
FNDA:0,(anonymous_6)
FNDA:0,(anonymous_7)
FNDA:0,(anonymous_8)
FNDA:0,(anonymous_9)
FNDA:37,getDatabaseAdapter
FNDA:4,exportDocumentNotesBackup
FNDA:4,(anonymous_12)
FNDA:1,(anonymous_13)
FNDA:9,importDocumentNotesBackup
FNDA:1,(anonymous_15)
FNDA:2,(anonymous_16)
FNDA:7,(anonymous_17)
FNDA:1,(anonymous_18)
DA:1,9
DA:2,9
DA:3,9
DA:4,9
DA:17,9
DA:18,37
DA:19,36
DA:20,69
DA:22,24
DA:23,0
DA:24,0
DA:25,0
DA:26,0
DA:27,0
DA:28,0
DA:31,24
DA:35,14
DA:36,0
DA:38,14
DA:39,14
DA:40,14
DA:41,14
DA:42,0
DA:43,0
DA:46,0
DA:47,0
DA:48,0
DA:50,0
DA:59,9
DA:60,0
DA:61,0
DA:62,0
DA:64,0
DA:65,0
DA:66,0
DA:67,0
DA:68,0
DA:69,0
DA:70,0
DA:73,0
DA:77,0
DA:78,0
DA:80,0
DA:81,0
DA:82,0
DA:83,0
DA:84,0
DA:85,0
DA:88,0
DA:89,0
DA:90,0
DA:92,0
DA:101,9
DA:102,37
DA:103,37
DA:104,0
DA:105,0
DA:107,0
DA:155,9
DA:161,4
DA:163,4
DA:167,4
DA:168,0
DA:171,4
DA:176,4
DA:177,4
DA:178,4
DA:179,4
DA:185,4
DA:188,4
DA:202,4
DA:214,4
DA:215,3
DA:220,3
DA:221,3
DA:222,3
DA:225,4
DA:231,9
DA:232,9
DA:233,9
DA:236,9
DA:237,3
DA:242,3
DA:243,3
DA:244,1
DA:257,8
DA:258,8
DA:261,8
DA:262,2
DA:266,2
DA:267,1
DA:272,8
DA:273,1
DA:284,7
DA:285,7
DA:286,7
DA:287,7
DA:288,7
DA:292,7
DA:293,7
DA:294,1
DA:295,1
DA:299,2
DA:301,1
DA:304,7
DA:305,7
DA:306,8
DA:308,8
DA:309,8
DA:310,2
DA:311,2
DA:312,2
DA:314,0
DA:315,0
DA:316,0
DA:319,2
DA:320,2
DA:321,2
DA:322,1
DA:323,1
DA:329,7
DA:330,7
DA:332,7
DA:334,7
DA:337,7
DA:338,7
DA:339,5
DA:340,5
DA:344,7
DA:346,6
DA:352,6
DA:353,6
DA:354,6
DA:360,6
DA:361,5
DA:362,5
DA:363,5
DA:365,5
DA:366,5
DA:367,5
DA:374,7
DA:376,2
DA:377,2
DA:378,2
DA:379,2
DA:385,2
DA:388,2
DA:389,1
DA:392,2
DA:394,2
DA:395,1
DA:396,1
DA:397,1
DA:398,1
DA:400,1
DA:401,1
DA:406,0
DA:407,0
DA:411,7
DA:430,7
DA:431,0
DA:432,0
DA:433,0
DA:434,0
DA:435,0
DA:436,0
DA:441,7
DA:445,7
LF:168
LH:117
BRDA:19,0,0,0
BRDA:20,1,0,0
BRDA:21,2,0,1
BRDA:22,3,0,0
BRDA:22,3,1,24
BRDA:27,4,0,0
BRDA:27,5,0,0
BRDA:27,5,1,0
BRDA:35,6,0,0
BRDA:41,7,0,0
BRDA:46,8,0,0
BRDA:61,9,0,0
BRDA:62,10,0,0
BRDA:62,11,0,0
BRDA:62,11,1,0
BRDA:63,12,0,0
BRDA:64,13,0,0
BRDA:64,13,1,0
BRDA:69,14,0,0
BRDA:69,15,0,0
BRDA:69,15,1,0
BRDA:77,16,0,0
BRDA:83,17,0,0
BRDA:88,18,0,0
BRDA:102,19,0,37
BRDA:102,19,1,0
BRDA:102,20,0,37
BRDA:102,20,1,37
BRDA:104,21,0,0
BRDA:104,21,1,0
BRDA:104,22,0,0
BRDA:104,22,1,0
BRDA:104,22,2,0
BRDA:167,23,0,0
BRDA:178,24,0,4
BRDA:191,25,0,4
BRDA:191,25,1,0
BRDA:214,26,0,3
BRDA:214,27,0,4
BRDA:214,27,1,3
BRDA:236,28,0,3
BRDA:236,29,0,9
BRDA:236,29,1,3
BRDA:243,30,0,1
BRDA:261,31,0,2
BRDA:266,32,0,1
BRDA:272,33,0,1
BRDA:294,34,0,1
BRDA:309,35,0,2
BRDA:310,36,0,2
BRDA:310,36,1,2
BRDA:312,37,0,0
BRDA:312,37,1,2
BRDA:312,38,0,2
BRDA:312,38,1,0
BRDA:312,38,2,0
BRDA:312,38,3,0
BRDA:314,39,0,0
BRDA:314,39,1,0
BRDA:314,40,0,0
BRDA:314,40,1,0
BRDA:315,41,0,0
BRDA:315,41,1,0
BRDA:315,42,0,0
BRDA:315,42,1,0
BRDA:321,43,0,1
BRDA:332,44,0,7
BRDA:332,44,1,0
BRDA:338,45,0,5
BRDA:344,46,0,6
BRDA:353,47,0,6
BRDA:360,48,0,5
BRDA:362,49,0,5
BRDA:374,50,0,2
BRDA:378,51,0,2
BRDA:388,52,0,1
BRDA:394,53,0,1
BRDA:394,53,1,1
BRDA:394,54,0,2
BRDA:394,54,1,1
BRDA:423,55,0,7
BRDA:423,55,1,6
BRDA:423,55,2,5
BRDA:430,56,0,0
BRDA:430,57,0,7
BRDA:430,57,1,7
BRDA:430,57,2,0
BRDA:433,58,0,0
BRF:88
BRH:42
end_of_record
TN:
SF:src\database\bleSync.ts
FN:6,computeChecksum
FN:25,(anonymous_2)
FN:72,(anonymous_3)
FN:115,(anonymous_4)
FN:116,(anonymous_5)
FN:146,(anonymous_6)
FN:154,(anonymous_7)
FN:179,(anonymous_8)
FN:185,(anonymous_9)
FN:199,(anonymous_10)
FNF:10
FNH:10
FNDA:13,computeChecksum
FNDA:3,(anonymous_2)
FNDA:6,(anonymous_3)
FNDA:3,(anonymous_4)
FNDA:5,(anonymous_5)
FNDA:2,(anonymous_6)
FNDA:1,(anonymous_7)
FNDA:1,(anonymous_8)
FNDA:2,(anonymous_9)
FNDA:1,(anonymous_10)
DA:1,1
DA:2,1
DA:3,1
DA:4,1
DA:7,13
DA:8,13
DA:9,5137
DA:11,13
DA:14,1
DA:15,3
DA:27,3
DA:30,3
DA:33,3
DA:36,3
DA:39,3
DA:40,3
DA:41,3
DA:43,3
DA:44,7
DA:45,7
DA:46,7
DA:48,7
DA:49,7
DA:51,7
DA:52,0
DA:60,7
DA:61,7
DA:64,3
DA:74,6
DA:75,6
DA:76,0
DA:79,6
DA:80,6
DA:81,6
DA:82,6
DA:83,6
DA:86,6
DA:87,6
DA:88,1
DA:91,5
DA:92,0
DA:101,5
DA:102,2
DA:108,5
DA:109,5
DA:112,5
DA:114,2
DA:115,3
DA:116,5
DA:120,2
DA:123,2
DA:125,2
DA:132,3
DA:134,3
DA:147,2
DA:148,2
DA:161,1
DA:162,1
DA:164,1
DA:165,2
DA:166,2
DA:167,0
DA:169,2
DA:170,0
DA:173,1
DA:185,1
DA:186,2
DA:187,2
DA:188,2
DA:189,2
DA:190,1
DA:191,1
DA:194,0
DA:198,1
DA:199,1
LF:75
LH:69
BRDA:51,0,0,0
BRDA:75,1,0,0
BRDA:87,2,0,1
BRDA:91,3,0,0
BRDA:101,4,0,2
BRDA:112,5,0,2
BRDA:162,6,0,0
BRDA:166,7,0,0
BRDA:169,8,0,0
BRDA:189,9,0,1
BRF:10
BRH:4
end_of_record
TN:
SF:src\database\layoutCache.ts
FN:15,estimateBlockHeight
FN:62,getOrCacheBlockHeight
FNF:2
FNH:2
FNDA:6,estimateBlockHeight
FNDA:2,getOrCacheBlockHeight
DA:1,1
DA:15,1
DA:16,6
DA:19,6
DA:25,2
DA:29,4
DA:30,1
DA:31,1
DA:35,3
DA:36,1
DA:37,1
DA:41,2
DA:42,1
DA:46,1
DA:47,0
DA:51,1
DA:52,1
DA:53,1
DA:55,1
DA:56,1
DA:62,1
DA:63,2
DA:65,2
DA:67,2
DA:72,2
DA:73,1
DA:76,0
DA:80,1
DA:82,1
DA:84,1
DA:89,0
DA:92,1
LF:32
LH:29
BRDA:16,0,0,6
BRDA:16,0,1,0
BRDA:19,1,0,2
BRDA:20,2,0,6
BRDA:20,2,1,4
BRDA:20,2,2,4
BRDA:20,2,3,4
BRDA:29,3,0,1
BRDA:29,4,0,4
BRDA:29,4,1,3
BRDA:29,4,2,3
BRDA:35,5,0,1
BRDA:35,6,0,3
BRDA:35,6,1,2
BRDA:36,7,0,1
BRDA:36,7,1,0
BRDA:41,8,0,1
BRDA:41,9,0,2
BRDA:41,9,1,2
BRDA:41,9,2,1
BRDA:46,10,0,0
BRDA:46,11,0,1
BRDA:46,11,1,1
BRDA:46,11,2,1
BRDA:53,12,0,0
BRDA:72,13,0,1
BRDA:72,14,0,2
BRDA:72,14,1,1
BRF:28
BRH:24
end_of_record
TN:
SF:src\database\p2pSync.ts
FN:28,compileSyncDelta
FN:53,(anonymous_1)
FN:62,(anonymous_2)
FN:114,applySyncDelta
FN:155,(anonymous_4)
FN:161,(anonymous_5)
FN:166,(anonymous_6)
FN:236,(anonymous_7)
FN:339,(anonymous_8)
FN:345,(anonymous_9)
FN:350,(anonymous_10)
FN:358,(anonymous_11)
FN:360,(anonymous_12)
FN:365,(anonymous_13)
FN:384,(anonymous_14)
FN:389,(anonymous_15)
FNF:16
FNH:13
FNDA:5,compileSyncDelta
FNDA:5,(anonymous_1)
FNDA:2,(anonymous_2)
FNDA:7,applySyncDelta
FNDA:0,(anonymous_4)
FNDA:0,(anonymous_5)
FNDA:7,(anonymous_6)
FNDA:1,(anonymous_7)
FNDA:1,(anonymous_8)
FNDA:1,(anonymous_9)
FNDA:1,(anonymous_10)
FNDA:1,(anonymous_11)
FNDA:1,(anonymous_12)
FNDA:1,(anonymous_13)
FNDA:1,(anonymous_14)
FNDA:0,(anonymous_15)
DA:1,2
DA:2,2
DA:3,2
DA:28,2
DA:34,5
DA:37,5
DA:41,5
DA:42,0
DA:46,5
DA:53,5
DA:54,5
DA:55,5
DA:56,5
DA:62,5
DA:65,5
DA:80,5
DA:86,5
DA:94,5
DA:114,2
DA:115,7
DA:116,7
DA:119,7
DA:120,7
DA:123,7
DA:124,1
DA:128,1
DA:129,1
DA:133,7
DA:134,0
DA:145,7
DA:146,7
DA:147,7
DA:148,7
DA:149,7
DA:150,7
DA:151,7
DA:154,7
DA:155,7
DA:156,0
DA:157,0
DA:161,0
DA:163,0
DA:166,7
DA:168,7
DA:169,8
DA:170,8
DA:171,8
DA:172,2
DA:173,2
DA:174,2
DA:176,0
DA:177,0
DA:178,0
DA:181,2
DA:182,2
DA:183,2
DA:184,1
DA:185,1
DA:191,7
DA:192,7
DA:194,7
DA:195,6
DA:196,6
DA:197,6
DA:198,4
DA:199,4
DA:203,6
DA:205,5
DA:206,5
DA:207,5
DA:213,5
DA:214,5
DA:215,5
DA:216,5
DA:217,5
DA:218,5
DA:219,5
DA:226,6
DA:227,1
DA:228,1
DA:229,1
DA:230,1
DA:236,1
DA:239,1
DA:240,0
DA:243,1
DA:244,1
DA:245,1
DA:246,1
DA:247,1
DA:248,1
DA:250,0
DA:251,0
DA:255,1
DA:256,1
DA:260,7
DA:279,7
DA:280,1
DA:281,1
DA:282,1
DA:283,1
DA:284,1
DA:285,1
DA:290,7
DA:294,7
DA:295,1
DA:296,1
DA:297,0
DA:301,0
DA:306,7
DA:308,1
DA:309,1
DA:310,1
DA:314,1
DA:319,7
DA:334,2
DA:340,1
DA:341,1
DA:342,1
DA:349,1
DA:350,1
DA:353,1
DA:354,1
DA:355,1
DA:359,1
DA:360,1
DA:361,1
DA:362,1
DA:370,1
DA:371,0
DA:375,1
DA:379,1
DA:384,1
DA:389,0
DA:394,1
DA:396,1
LF:136
LH:120
BRDA:32,0,0,0
BRDA:41,1,0,0
BRDA:55,2,0,5
BRDA:68,3,0,5
BRDA:68,3,1,2
BRDA:123,4,0,1
BRDA:128,5,0,1
BRDA:133,6,0,0
BRDA:156,7,0,0
BRDA:171,8,0,2
BRDA:172,9,0,2
BRDA:172,9,1,2
BRDA:174,10,0,0
BRDA:174,10,1,2
BRDA:174,11,0,2
BRDA:174,11,1,2
BRDA:174,11,2,0
BRDA:174,11,3,0
BRDA:176,12,0,0
BRDA:176,12,1,0
BRDA:176,13,0,0
BRDA:176,13,1,0
BRDA:177,14,0,0
BRDA:177,14,1,0
BRDA:177,15,0,0
BRDA:177,15,1,0
BRDA:183,16,0,1
BRDA:194,17,0,6
BRDA:194,17,1,1
BRDA:197,18,0,4
BRDA:203,19,0,5
BRDA:206,20,0,5
BRDA:213,21,0,5
BRDA:215,22,0,5
BRDA:226,23,0,1
BRDA:229,24,0,1
BRDA:239,25,0,0
BRDA:244,26,0,1
BRDA:244,26,1,0
BRDA:244,27,0,1
BRDA:244,27,1,1
BRDA:272,28,0,7
BRDA:272,28,1,5
BRDA:272,28,2,0
BRDA:279,29,0,1
BRDA:279,30,0,7
BRDA:279,30,1,7
BRDA:279,30,2,1
BRDA:282,31,0,1
BRDA:296,32,0,0
BRDA:309,33,0,1
BRDA:353,34,0,1
BRDA:353,34,1,0
BRDA:370,35,0,0
BRF:54
BRH:33
end_of_record
TN:
SF:src\database\pagination.ts
FN:41,estimateDynamicBlockHeight
FN:109,getOrCacheDynamicBlockHeight
FN:147,evictLayoutHeightCache
FN:160,paginateBlocks
FNF:4
FNH:4
FNDA:12,estimateDynamicBlockHeight
FNDA:4,getOrCacheDynamicBlockHeight
FNDA:1,evictLayoutHeightCache
FNDA:3,paginateBlocks
DA:1,1
DA:2,1
DA:41,1
DA:46,12
DA:47,12
DA:48,12
DA:49,12
DA:52,12
DA:53,4
DA:54,4
DA:55,4
DA:59,8
DA:60,0
DA:61,0
DA:62,0
DA:63,0
DA:64,0
DA:67,0
DA:69,0
DA:73,8
DA:74,0
DA:75,0
DA:76,0
DA:77,0
DA:78,0
DA:81,0
DA:85,8
DA:86,0
DA:90,8
DA:91,0
DA:95,8
DA:96,8
DA:97,8
DA:99,8
DA:100,8
DA:101,8
DA:103,8
DA:109,1
DA:115,4
DA:117,4
DA:118,4
DA:123,4
DA:124,1
DA:130,3
DA:132,3
DA:133,3
DA:141,3
DA:147,1
DA:148,1
DA:149,1
DA:150,1
DA:160,1
DA:166,3
DA:167,3
DA:168,3
DA:169,3
DA:171,3
DA:173,3
DA:174,4
DA:175,4
DA:176,4
DA:178,4
DA:182,4
DA:183,0
DA:186,4
DA:187,4
DA:189,4
DA:190,10
DA:191,0
DA:192,0
DA:198,0
DA:199,0
DA:201,0
DA:202,0
DA:206,0
DA:207,0
DA:209,0
DA:215,0
DA:219,0
DA:220,0
DA:221,0
DA:224,0
DA:227,10
DA:228,10
DA:230,10
DA:231,4
DA:237,4
DA:238,4
DA:240,6
DA:241,0
DA:245,0
DA:246,0
DA:248,6
DA:249,6
DA:250,6
DA:252,6
DA:253,0
DA:255,6
DA:256,6
DA:258,6
DA:259,6
DA:260,0
DA:261,0
DA:265,6
DA:272,6
DA:276,6
DA:277,6
DA:279,6
DA:280,6
DA:281,6
DA:287,3
DA:288,3
DA:294,3
LF:113
LH:77
BRDA:46,0,0,12
BRDA:46,0,1,0
BRDA:52,1,0,4
BRDA:59,2,0,0
BRDA:63,3,0,0
BRDA:64,4,0,0
BRDA:64,4,1,0
BRDA:73,5,0,0
BRDA:77,6,0,0
BRDA:78,7,0,0
BRDA:78,7,1,0
BRDA:85,8,0,0
BRDA:90,9,0,0
BRDA:97,10,0,0
BRDA:123,11,0,1
BRDA:123,12,0,4
BRDA:123,12,1,1
BRDA:178,13,0,0
BRDA:178,13,1,4
BRDA:182,14,0,0
BRDA:182,15,0,4
BRDA:182,15,1,0
BRDA:182,15,2,0
BRDA:189,16,0,14
BRDA:189,16,1,4
BRDA:189,16,2,0
BRDA:190,17,0,0
BRDA:191,18,0,0
BRDA:191,18,1,0
BRDA:201,19,0,0
BRDA:201,19,1,0
BRDA:230,20,0,4
BRDA:230,20,1,6
BRDA:240,21,0,0
BRDA:240,21,1,6
BRDA:252,22,0,0
BRDA:252,22,1,6
BRDA:258,23,0,6
BRDA:258,23,1,0
BRDA:258,24,0,6
BRDA:258,24,1,6
BRDA:260,25,0,0
BRDA:260,26,0,0
BRDA:260,26,1,0
BRDA:287,27,0,3
BRF:45
BRH:17
end_of_record
TN:
SF:src\database\schema.ts
FN:26,(anonymous_9)
FN:29,(anonymous_10)
FN:32,(anonymous_11)
FN:36,(anonymous_12)
FN:49,(anonymous_13)
FN:53,(anonymous_14)
FN:184,(anonymous_15)
FN:188,(anonymous_16)
FN:193,(anonymous_17)
FN:226,(anonymous_18)
FN:233,(anonymous_19)
FN:237,(anonymous_20)
FN:252,(anonymous_21)
FN:415,setupDatabase
FNF:14
FNH:0
FNDA:0,(anonymous_9)
FNDA:0,(anonymous_10)
FNDA:0,(anonymous_11)
FNDA:0,(anonymous_12)
FNDA:0,(anonymous_13)
FNDA:0,(anonymous_14)
FNDA:0,(anonymous_15)
FNDA:0,(anonymous_16)
FNDA:0,(anonymous_17)
FNDA:0,(anonymous_18)
FNDA:0,(anonymous_19)
FNDA:0,(anonymous_20)
FNDA:0,(anonymous_21)
FNDA:0,setupDatabase
DA:1,12
DA:2,12
DA:5,12
DA:7,12
DA:8,0
DA:9,0
DA:25,0
DA:27,0
DA:30,0
DA:33,0
DA:34,0
DA:35,0
DA:36,0
DA:37,0
DA:42,0
DA:43,0
DA:45,0
DA:47,0
DA:48,0
DA:49,0
DA:51,0
DA:54,0
DA:55,0
DA:57,0
DA:58,0
DA:67,0
DA:68,0
DA:84,0
DA:85,0
DA:107,0
DA:108,0
DA:109,0
DA:110,0
DA:141,0
DA:172,0
DA:173,0
DA:176,0
DA:180,0
DA:181,0
DA:182,0
DA:184,0
DA:185,0
DA:186,0
DA:188,0
DA:189,0
DA:190,0
DA:191,0
DA:192,0
DA:194,0
DA:195,0
DA:197,0
DA:201,0
DA:202,0
DA:203,0
DA:204,0
DA:207,0
DA:208,0
DA:209,0
DA:210,0
DA:211,0
DA:212,0
DA:214,0
DA:215,0
DA:216,0
DA:217,0
DA:218,0
DA:222,0
DA:225,0
DA:227,0
DA:228,0
DA:230,0
DA:234,0
DA:235,0
DA:238,0
DA:239,0
DA:240,0
DA:241,0
DA:242,0
DA:243,0
DA:244,0
DA:245,0
DA:250,0
DA:253,0
DA:254,0
DA:255,0
DA:256,0
DA:257,0
DA:258,0
DA:260,0
DA:261,0
DA:266,12
DA:269,12
DA:274,12
DA:415,12
DA:416,0
LF:95
LH:8
BRDA:7,0,0,0
BRDA:7,0,1,12
BRDA:8,1,0,0
BRDA:8,1,1,0
BRDA:32,2,0,0
BRDA:34,3,0,0
BRDA:34,3,1,0
BRDA:34,4,0,0
BRDA:34,4,1,0
BRDA:42,5,0,0
BRDA:42,5,1,0
BRDA:47,6,0,0
BRDA:53,7,0,0
BRDA:57,8,0,0
BRDA:67,9,0,0
BRDA:84,10,0,0
BRDA:107,11,0,0
BRDA:108,12,0,0
BRDA:108,12,1,0
BRDA:109,13,0,0
BRDA:172,14,0,0
BRDA:185,15,0,0
BRDA:186,16,0,0
BRDA:194,17,0,0
BRDA:203,18,0,0
BRDA:214,19,0,0
BRDA:214,19,1,0
BRDA:227,20,0,0
BRDA:227,20,1,0
BRDA:237,21,0,0
BRDA:244,22,0,0
BRDA:244,23,0,0
BRDA:244,23,1,0
BRDA:252,24,0,0
BRF:34
BRH:1
end_of_record
TN:
SF:src\database\search.ts
FN:15,toFloat32Array
FN:41,fetchKeywordCandidates
FN:60,(anonymous_2)
FN:64,(anonymous_3)
FN:70,(anonymous_4)
FN:79,(anonymous_5)
FN:86,fetchSemanticCandidates
FN:106,(anonymous_7)
FN:111,(anonymous_8)
FN:123,(anonymous_9)
FN:128,(anonymous_10)
FN:129,(anonymous_11)
FN:132,(anonymous_12)
FN:137,(anonymous_13)
FN:144,applyReciprocalRankFusion
FN:153,(anonymous_15)
FN:154,(anonymous_16)
FN:159,(anonymous_17)
FN:160,(anonymous_18)
FN:160,(anonymous_19)
FN:196,(anonymous_20)
FN:200,searchHybrid
FNF:22
FNH:19
FNDA:6,toFloat32Array
FNDA:2,fetchKeywordCandidates
FNDA:0,(anonymous_2)
FNDA:2,(anonymous_3)
FNDA:2,(anonymous_4)
FNDA:2,(anonymous_5)
FNDA:2,fetchSemanticCandidates
FNDA:6,(anonymous_7)
FNDA:0,(anonymous_8)
FNDA:6,(anonymous_9)
FNDA:6,(anonymous_10)
FNDA:1,(anonymous_11)
FNDA:3,(anonymous_12)
FNDA:3,(anonymous_13)
FNDA:2,applyReciprocalRankFusion
FNDA:2,(anonymous_15)
FNDA:3,(anonymous_16)
FNDA:3,(anonymous_17)
FNDA:5,(anonymous_18)
FNDA:0,(anonymous_19)
FNDA:1,(anonymous_20)
FNDA:2,searchHybrid
DA:1,1
DA:2,1
DA:3,1
DA:4,1
DA:16,6
DA:17,6
DA:18,6
DA:20,6
DA:21,6
DA:23,0
DA:24,0
DA:41,1
DA:42,2
DA:49,2
DA:50,2
DA:51,2
DA:53,0
DA:54,0
DA:56,0
DA:60,2
DA:62,2
DA:63,2
DA:64,2
DA:65,2
DA:66,2
DA:69,2
DA:70,2
DA:71,2
DA:72,2
DA:73,0
DA:75,2
DA:78,2
DA:79,2
DA:80,2
DA:83,2
DA:86,1
DA:87,2
DA:94,2
DA:95,2
DA:96,2
DA:98,0
DA:101,2
DA:102,2
DA:103,2
DA:104,2
DA:105,2
DA:106,6
DA:107,2
DA:109,0
DA:110,0
DA:111,0
DA:112,0
DA:113,0
DA:114,0
DA:116,0
DA:122,2
DA:123,6
DA:128,6
DA:129,1
DA:131,2
DA:132,2
DA:133,3
DA:136,2
DA:137,2
DA:138,3
DA:141,2
DA:144,1
DA:149,2
DA:150,2
DA:152,2
DA:153,2
DA:154,3
DA:157,2
DA:159,2
DA:160,5
DA:161,3
DA:163,3
DA:164,3
DA:166,3
DA:167,3
DA:169,3
DA:170,3
DA:171,2
DA:173,3
DA:174,3
DA:177,3
DA:178,0
DA:186,3
DA:195,2
DA:196,1
DA:200,1
DA:207,2
DA:209,2
DA:210,2
DA:211,0
DA:214,2
DA:215,2
DA:217,2
LF:98
LH:82
BRDA:17,0,0,6
BRDA:17,0,1,6
BRDA:18,1,0,6
BRDA:18,1,1,0
BRDA:20,2,0,6
BRDA:20,2,1,0
BRDA:65,3,0,2
BRDA:66,4,0,2
BRDA:72,5,0,0
BRDA:103,6,0,2
BRDA:126,7,0,6
BRDA:126,7,1,0
BRDA:160,8,0,3
BRDA:160,8,1,0
BRDA:161,9,0,0
BRDA:163,10,0,3
BRDA:163,10,1,1
BRDA:164,11,0,3
BRDA:164,11,1,0
BRDA:170,12,0,2
BRDA:173,13,0,3
BRDA:177,14,0,0
BRDA:182,15,0,0
BRDA:182,15,1,0
BRDA:182,16,0,0
BRDA:182,16,1,0
BRDA:204,17,0,0
BRDA:205,18,0,0
BRDA:210,19,0,0
BRF:29
BRH:14
end_of_record
TN:
SF:src\database\vectorCache.ts
FN:18,(anonymous_0)
FN:24,(anonymous_1)
FN:38,(anonymous_2)
FN:67,(anonymous_3)
FN:108,(anonymous_4)
FN:113,(anonymous_5)
FN:117,(anonymous_6)
FN:121,(anonymous_7)
FNF:8
FNH:8
FNDA:10,(anonymous_0)
FNDA:1,(anonymous_1)
FNDA:11,(anonymous_2)
FNDA:31,(anonymous_3)
FNDA:2,(anonymous_4)
FNDA:10,(anonymous_5)
FNDA:4,(anonymous_6)
FNDA:31,(anonymous_7)
DA:1,1
DA:2,1
DA:12,1
DA:15,10
DA:19,10
DA:20,10
DA:21,10
DA:25,1
DA:26,1
DA:27,1
DA:30,1
DA:31,1
DA:33,0
DA:34,0
DA:39,11
DA:40,11
DA:42,6
DA:43,6
DA:44,6
DA:47,5
DA:48,1
DA:49,1
DA:50,1
DA:54,1
DA:55,1
DA:56,1
DA:57,1
DA:60,0
DA:64,4
DA:68,31
DA:71,31
DA:72,31
DA:74,31
DA:75,2
DA:76,2
DA:77,2
DA:78,2
DA:79,2
DA:80,2
DA:82,2
DA:87,0
DA:92,31
DA:95,31
DA:96,5
DA:97,5
DA:98,5
DA:99,5
DA:100,5
DA:101,5
DA:102,5
DA:109,2
DA:110,2
DA:114,10
DA:118,4
DA:122,31
DA:123,31
DA:124,31
DA:126,31
DA:129,31
DA:134,12
DA:135,12
DA:136,12
DA:137,12
DA:138,12
DA:139,12
DA:140,12
DA:146,0
DA:150,1
LF:68
LH:63
BRDA:18,0,0,0
BRDA:26,1,0,1
BRDA:26,1,1,1
BRDA:27,2,0,1
BRDA:27,2,1,0
BRDA:30,3,0,1
BRDA:30,3,1,0
BRDA:40,4,0,6
BRDA:47,5,0,1
BRDA:54,6,0,1
BRDA:54,7,0,1
BRDA:54,7,1,1
BRDA:68,8,0,2
BRDA:68,8,1,29
BRDA:74,9,0,2
BRDA:79,10,0,2
BRDA:95,11,0,5
BRDA:100,12,0,5
BRDA:124,13,0,0
BRDA:129,14,0,12
BRDA:130,15,0,31
BRDA:130,15,1,25
BRDA:138,16,0,12
BRF:23
BRH:19
end_of_record
TN:
SF:src\database\worker.ts
FN:19,transformLLMOutputToMultiFormat
FN:32,(anonymous_1)
FN:102,processDocumentJob
FN:149,(anonymous_3)
FN:175,(anonymous_4)
FN:206,(anonymous_5)
FN:211,(anonymous_6)
FN:219,(anonymous_7)
FN:230,(anonymous_8)
FN:243,(anonymous_9)
FN:378,(anonymous_10)
FN:390,(anonymous_11)
FN:422,(anonymous_12)
FN:430,(anonymous_13)
FN:438,(anonymous_14)
FN:449,(anonymous_15)
FN:462,(anonymous_16)
FNF:17
FNH:17
FNDA:5,transformLLMOutputToMultiFormat
FNDA:6,(anonymous_1)
FNDA:11,processDocumentJob
FNDA:19,(anonymous_3)
FNDA:15,(anonymous_4)
FNDA:4,(anonymous_5)
FNDA:10,(anonymous_6)
FNDA:19,(anonymous_7)
FNDA:15,(anonymous_8)
FNDA:2,(anonymous_9)
FNDA:8,(anonymous_10)
FNDA:9,(anonymous_11)
FNDA:6,(anonymous_12)
FNDA:3,(anonymous_13)
FNDA:8,(anonymous_14)
FNDA:9,(anonymous_15)
FNDA:2,(anonymous_16)
DA:2,2
DA:3,2
DA:5,2
DA:6,2
DA:26,5
DA:27,5
DA:29,5
DA:30,5
DA:32,5
DA:33,6
DA:34,6
DA:36,6
DA:37,2
DA:38,2
DA:40,2
DA:48,2
DA:49,2
DA:52,6
DA:53,6
DA:54,4
DA:55,2
DA:56,2
DA:68,0
DA:74,6
DA:84,5
DA:102,2
DA:108,11
DA:111,11
DA:113,11
DA:114,2
DA:115,0
DA:116,0
DA:118,2
DA:122,11
DA:123,2
DA:129,9
DA:136,11
DA:137,11
DA:139,11
DA:140,4
DA:141,4
DA:142,4
DA:143,4
DA:145,4
DA:146,4
DA:149,4
DA:150,19
DA:151,19
DA:152,0
DA:164,19
DA:165,19
DA:167,19
DA:168,19
DA:169,19
DA:170,19
DA:173,19
DA:174,19
DA:175,19
DA:176,15
DA:177,15
DA:178,15
DA:183,19
DA:184,19
DA:186,19
DA:187,19
DA:188,2
DA:189,2
DA:190,2
DA:194,19
DA:206,4
DA:208,4
DA:211,4
DA:212,10
DA:219,4
DA:220,19
DA:225,19
DA:230,19
DA:231,15
DA:232,15
DA:237,15
DA:243,19
DA:244,2
DA:245,2
DA:253,4
DA:254,4
DA:260,4
DA:267,4
DA:268,4
DA:270,0
DA:275,0
DA:279,7
DA:281,7
DA:283,7
DA:284,5
DA:287,5
DA:288,5
DA:291,5
DA:294,5
DA:295,5
DA:297,5
DA:304,5
DA:306,2
DA:309,7
DA:312,7
DA:313,8
DA:314,1
DA:315,1
DA:318,7
DA:319,7
DA:323,7
DA:324,7
DA:325,7
DA:326,7
DA:328,0
DA:337,0
DA:348,7
DA:349,1
DA:350,1
DA:351,1
DA:352,1
DA:354,0
DA:355,0
DA:358,6
DA:367,6
DA:368,6
DA:370,1
DA:371,1
DA:374,5
DA:378,6
DA:379,8
DA:380,8
DA:382,8
DA:383,8
DA:384,8
DA:385,8
DA:388,8
DA:389,8
DA:390,8
DA:391,9
DA:392,9
DA:393,9
DA:398,8
DA:399,8
DA:401,8
DA:402,8
DA:403,2
DA:404,2
DA:405,2
DA:409,8
DA:422,6
DA:424,6
DA:430,6
DA:431,3
DA:438,6
DA:439,8
DA:444,8
DA:449,8
DA:450,9
DA:451,9
DA:456,9
DA:462,8
DA:463,2
DA:464,2
DA:472,6
DA:479,6
DA:483,6
DA:484,6
DA:491,6
DA:495,6
DA:501,6
DA:503,1
DA:508,1
LF:172
LH:162
BRDA:36,0,0,2
BRDA:37,1,0,2
BRDA:37,1,1,1
BRDA:37,2,0,0
BRDA:37,2,1,2
BRDA:53,3,0,4
BRDA:53,3,1,2
BRDA:54,4,0,0
BRDA:54,4,1,4
BRDA:55,5,0,2
BRDA:55,5,1,0
BRDA:57,6,0,1
BRDA:57,6,1,1
BRDA:58,7,0,1
BRDA:58,7,1,1
BRDA:80,8,0,6
BRDA:80,8,1,0
BRDA:91,9,0,5
BRDA:91,9,1,0
BRDA:113,10,0,2
BRDA:114,11,0,0
BRDA:122,12,0,2
BRDA:122,12,1,9
BRDA:137,13,0,11
BRDA:137,13,1,0
BRDA:139,14,0,4
BRDA:145,15,0,4
BRDA:145,15,1,0
BRDA:146,16,0,4
BRDA:146,16,1,0
BRDA:151,17,0,0
BRDA:151,18,0,19
BRDA:151,18,1,19
BRDA:156,19,0,0
BRDA:156,19,1,0
BRDA:169,20,0,19
BRDA:174,21,0,19
BRDA:177,22,0,15
BRDA:186,23,0,19
BRDA:186,23,1,0
BRDA:188,24,0,2
BRDA:188,24,1,0
BRDA:188,24,2,0
BRDA:189,25,0,2
BRDA:283,26,0,5
BRDA:283,26,1,2
BRDA:291,27,0,0
BRDA:291,27,1,5
BRDA:313,28,0,1
BRDA:325,29,0,7
BRDA:325,29,1,0
BRDA:325,30,0,7
BRDA:325,30,1,7
BRDA:325,30,2,7
BRDA:348,31,0,1
BRDA:348,31,1,6
BRDA:349,32,0,1
BRDA:349,32,1,1
BRDA:374,33,0,5
BRDA:374,33,1,2
BRDA:384,34,0,8
BRDA:389,35,0,8
BRDA:392,36,0,9
BRDA:403,37,0,2
BRDA:403,37,1,1
BRDA:403,37,2,0
BRDA:404,38,0,2
BRF:67
BRH:49
end_of_record
TN:
SF:src\hooks\useDatabaseSync.tsx
FN:34,(anonymous_9)
FN:40,(anonymous_10)
FN:55,(anonymous_11)
FN:70,(anonymous_12)
FN:81,(anonymous_13)
FNF:5
FNH:5
FNDA:21,(anonymous_9)
FNDA:5,(anonymous_10)
FNDA:2,(anonymous_11)
FNDA:4,(anonymous_12)
FNDA:21,(anonymous_13)
DA:1,1
DA:2,1
DA:32,1
DA:34,1
DA:35,21
DA:36,21
DA:37,21
DA:38,21
DA:40,21
DA:41,5
DA:42,5
DA:43,5
DA:44,4
DA:45,4
DA:46,4
DA:48,1
DA:49,1
DA:50,1
DA:51,1
DA:55,21
DA:56,2
DA:57,2
DA:58,2
DA:62,1
DA:64,1
DA:65,1
DA:66,1
DA:70,21
DA:71,4
DA:74,21
DA:81,1
DA:82,21
DA:83,20
DA:84,19
LF:34
LH:34
BRDA:49,0,0,1
BRDA:49,0,1,0
BRDA:65,1,0,1
BRDA:65,1,1,0
BRDA:83,2,0,1
BRF:5
BRH:3
end_of_record
TN:
SF:src\native\RustParserBridge.ts
FN:81,(anonymous_0)
FN:109,(anonymous_1)
FN:128,(anonymous_2)
FN:645,(anonymous_3)
FN:667,(anonymous_4)
FN:699,(anonymous_5)
FN:720,(anonymous_6)
FN:781,(anonymous_7)
FN:800,(anonymous_8)
FN:809,(anonymous_9)
FN:827,(anonymous_10)
FN:840,(anonymous_11)
FNF:12
FNH:12
FNDA:11,(anonymous_0)
FNDA:10,(anonymous_1)
FNDA:10,(anonymous_2)
FNDA:3,(anonymous_3)
FNDA:2,(anonymous_4)
FNDA:1,(anonymous_5)
FNDA:1,(anonymous_6)
FNDA:4,(anonymous_7)
FNDA:2,(anonymous_8)
FNDA:11,(anonymous_9)
FNDA:3,(anonymous_10)
FNDA:9,(anonymous_11)
DA:1,13
DA:2,0
DA:3,0
DA:9,13
DA:11,13
DA:12,13
DA:13,13
DA:14,7
DA:80,13
DA:83,11
DA:84,1
DA:86,10
DA:90,11
DA:91,11
DA:92,11
DA:93,11
DA:94,0
DA:95,0
DA:97,11
DA:98,0
DA:99,0
DA:101,11
DA:102,0
DA:106,11
DA:111,10
DA:112,0
DA:113,0
DA:118,0
DA:119,0
DA:122,0
DA:127,10
DA:128,10
DA:130,10
DA:132,10
DA:134,2
DA:135,2
DA:136,2
DA:137,2
DA:138,2
DA:139,2
DA:140,2
DA:145,2
DA:146,0
DA:149,2
DA:150,2
DA:151,2
DA:152,2
DA:154,2
DA:155,2
DA:163,2
DA:164,2
DA:166,2
DA:167,2
DA:168,2
DA:170,2
DA:171,2
DA:173,2
DA:174,2
DA:175,12
DA:177,12
DA:178,0
DA:179,0
DA:184,0
DA:185,0
DA:193,0
DA:194,0
DA:196,0
DA:198,0
DA:201,12
DA:202,0
DA:203,0
DA:206,12
DA:208,9
DA:209,3
DA:210,3
DA:211,3
DA:212,3
DA:213,3
DA:215,3
DA:216,3
DA:217,3
DA:218,1
DA:219,1
DA:221,2
DA:224,3
DA:232,3
DA:233,3
DA:235,3
DA:240,3
DA:241,3
DA:249,3
DA:253,6
DA:254,1
DA:255,1
DA:259,1
DA:260,1
DA:268,1
DA:271,5
DA:272,0
DA:273,0
DA:274,0
DA:275,0
DA:276,0
DA:277,0
DA:278,0
DA:280,0
DA:289,0
DA:295,0
DA:296,0
DA:304,0
DA:308,5
DA:309,2
DA:310,2
DA:315,2
DA:316,2
DA:324,2
DA:327,3
DA:331,3
DA:332,3
DA:342,2
DA:355,8
DA:357,1
DA:358,1
DA:359,1
DA:360,1
DA:361,1
DA:362,1
DA:363,1
DA:368,1
DA:369,0
DA:372,1
DA:373,1
DA:374,1
DA:375,1
DA:377,1
DA:378,1
DA:386,1
DA:387,1
DA:388,1
DA:389,1
DA:391,1
DA:393,1
DA:394,4
DA:395,4
DA:396,4
DA:397,4
DA:398,4
DA:399,4
DA:401,4
DA:402,1
DA:403,1
DA:404,1
DA:405,1
DA:412,1
DA:414,1
DA:419,1
DA:420,1
DA:428,3
DA:429,1
DA:430,1
DA:434,1
DA:435,1
DA:443,2
DA:444,1
DA:445,1
DA:449,1
DA:450,1
DA:458,1
DA:459,1
DA:460,1
DA:469,1
DA:470,1
DA:478,0
DA:479,0
DA:480,0
DA:481,0
DA:482,0
DA:484,0
DA:485,0
DA:486,0
DA:488,0
DA:497,0
DA:503,0
DA:504,0
DA:515,1
DA:516,0
DA:520,0
DA:521,0
DA:531,1
DA:544,7
DA:546,1
DA:547,1
DA:548,1
DA:549,1
DA:551,1
DA:557,1
DA:558,3
DA:559,3
DA:560,3
DA:568,3
DA:573,3
DA:574,3
DA:583,3
DA:587,3
DA:588,3
DA:598,1
DA:611,6
DA:642,6
DA:646,3
DA:647,1
DA:651,2
DA:652,0
DA:653,0
DA:658,0
DA:659,0
DA:662,0
DA:666,2
DA:667,2
DA:670,2
DA:696,2
DA:700,1
DA:701,0
DA:704,1
DA:705,0
DA:706,0
DA:711,0
DA:712,0
DA:715,0
DA:719,1
DA:720,1
DA:722,1
DA:723,1
DA:724,1
DA:726,1
DA:727,1
DA:729,1
DA:730,1
DA:731,1
DA:733,1
DA:734,1
DA:741,1
DA:743,1
DA:756,1
DA:768,1
DA:782,4
DA:783,1
DA:787,3
DA:797,3
DA:801,2
DA:802,1
DA:805,1
DA:806,1
DA:810,11
DA:811,0
DA:815,11
DA:816,11
DA:817,11
DA:818,11
DA:819,2319
DA:820,2319
DA:821,2319
DA:823,11
DA:824,11
DA:828,3
DA:829,0
DA:830,0
DA:831,0
DA:832,0
DA:833,0
DA:834,0
DA:836,0
DA:840,9
LF:272
LH:202
BRDA:1,0,0,0
BRDA:1,1,0,13
BRDA:1,1,1,13
BRDA:83,2,0,1
BRDA:83,2,1,10
BRDA:83,3,0,11
BRDA:83,3,1,1
BRDA:93,4,0,0
BRDA:93,5,0,11
BRDA:93,5,1,7
BRDA:97,6,0,0
BRDA:97,7,0,11
BRDA:97,7,1,7
BRDA:101,8,0,0
BRDA:111,9,0,0
BRDA:118,10,0,0
BRDA:132,11,0,2
BRDA:132,12,0,10
BRDA:132,12,1,8
BRDA:136,13,0,2
BRDA:139,14,0,2
BRDA:145,15,0,0
BRDA:149,16,0,2
BRDA:149,16,1,0
BRDA:177,17,0,0
BRDA:178,18,0,0
BRDA:178,18,1,0
BRDA:201,19,0,0
BRDA:206,20,0,3
BRDA:208,21,0,3
BRDA:209,22,0,3
BRDA:209,22,1,0
BRDA:211,23,0,3
BRDA:217,24,0,1
BRDA:253,25,0,1
BRDA:271,26,0,0
BRDA:271,27,0,5
BRDA:271,27,1,0
BRDA:273,28,0,0
BRDA:292,29,0,0
BRDA:292,29,1,0
BRDA:308,30,0,2
BRDA:308,31,0,5
BRDA:308,31,1,3
BRDA:355,32,0,1
BRDA:355,33,0,8
BRDA:355,33,1,7
BRDA:359,34,0,1
BRDA:362,35,0,1
BRDA:368,36,0,0
BRDA:372,37,0,1
BRDA:372,37,1,0
BRDA:401,38,0,1
BRDA:401,38,1,3
BRDA:401,39,0,4
BRDA:401,39,1,1
BRDA:428,40,0,1
BRDA:428,40,1,2
BRDA:443,41,0,1
BRDA:443,41,1,1
BRDA:458,42,0,1
BRDA:458,42,1,0
BRDA:478,43,0,0
BRDA:481,44,0,0
BRDA:481,44,1,0
BRDA:482,45,0,0
BRDA:482,45,1,0
BRDA:500,46,0,0
BRDA:500,46,1,0
BRDA:515,47,0,0
BRDA:544,48,0,1
BRDA:546,49,0,1
BRDA:546,49,1,0
BRDA:612,50,0,6
BRDA:612,50,1,0
BRDA:646,51,0,1
BRDA:646,52,0,3
BRDA:646,52,1,2
BRDA:651,53,0,0
BRDA:658,54,0,0
BRDA:700,55,0,0
BRDA:700,56,0,1
BRDA:700,56,1,0
BRDA:704,57,0,0
BRDA:711,58,0,0
BRDA:775,59,0,1
BRDA:775,59,1,0
BRDA:782,60,0,1
BRDA:782,61,0,4
BRDA:782,61,1,2
BRDA:801,62,0,1
BRDA:801,63,0,2
BRDA:801,63,1,2
BRDA:810,64,0,0
BRDA:810,65,0,11
BRDA:810,65,1,0
BRDA:824,66,0,11
BRDA:824,66,1,0
BRDA:828,67,0,0
BRDA:828,68,0,3
BRDA:828,68,1,0
BRDA:830,69,0,0
BRF:102
BRH:58
end_of_record
TN:
SF:src\native\WirelessSyncBridge.ts
FN:41,(anonymous_0)
FN:45,(anonymous_1)
FN:49,(anonymous_2)
FN:51,(anonymous_3)
FN:55,(anonymous_4)
FN:56,(anonymous_5)
FN:57,(anonymous_6)
FN:64,(anonymous_7)
FN:65,(anonymous_8)
FN:69,(anonymous_9)
FN:73,(anonymous_10)
FN:77,(anonymous_11)
FN:79,(anonymous_12)
FN:83,(anonymous_13)
FN:84,(anonymous_14)
FN:85,(anonymous_15)
FN:92,(anonymous_16)
FN:93,(anonymous_17)
FN:97,(anonymous_18)
FN:101,(anonymous_19)
FN:105,(anonymous_20)
FN:124,(anonymous_21)
FN:127,(anonymous_22)
FN:136,(anonymous_23)
FN:139,(anonymous_24)
FN:148,(anonymous_25)
FN:151,(anonymous_26)
FN:163,(anonymous_27)
FN:164,(anonymous_28)
FN:167,(anonymous_29)
FN:168,(anonymous_30)
FN:171,(anonymous_31)
FN:172,(anonymous_32)
FNF:33
FNH:19
FNDA:0,(anonymous_0)
FNDA:0,(anonymous_1)
FNDA:2,(anonymous_2)
FNDA:1,(anonymous_3)
FNDA:1,(anonymous_4)
FNDA:2,(anonymous_5)
FNDA:2,(anonymous_6)
FNDA:1,(anonymous_7)
FNDA:1,(anonymous_8)
FNDA:0,(anonymous_9)
FNDA:0,(anonymous_10)
FNDA:2,(anonymous_11)
FNDA:1,(anonymous_12)
FNDA:1,(anonymous_13)
FNDA:1,(anonymous_14)
FNDA:1,(anonymous_15)
FNDA:1,(anonymous_16)
FNDA:1,(anonymous_17)
FNDA:0,(anonymous_18)
FNDA:0,(anonymous_19)
FNDA:0,(anonymous_20)
FNDA:1,(anonymous_21)
FNDA:1,(anonymous_22)
FNDA:3,(anonymous_23)
FNDA:1,(anonymous_24)
FNDA:2,(anonymous_25)
FNDA:0,(anonymous_26)
FNDA:0,(anonymous_27)
FNDA:0,(anonymous_28)
FNDA:0,(anonymous_29)
FNDA:0,(anonymous_30)
FNDA:0,(anonymous_31)
FNDA:0,(anonymous_32)
DA:2,2
DA:7,2
DA:16,2
DA:17,2
DA:18,2
DA:21,2
DA:22,2
DA:25,2
DA:28,2
DA:29,2
DA:31,2
DA:33,2
DA:34,0
DA:35,0
DA:41,2
DA:45,2
DA:49,2
DA:51,2
DA:52,2
DA:55,2
DA:56,1
DA:57,2
DA:61,2
DA:64,2
DA:65,1
DA:66,1
DA:69,2
DA:73,2
DA:77,2
DA:79,2
DA:80,2
DA:83,2
DA:84,1
DA:85,1
DA:89,2
DA:92,2
DA:93,1
DA:94,1
DA:97,2
DA:98,0
DA:101,2
DA:105,2
DA:107,0
DA:111,2
DA:125,1
DA:126,1
DA:128,1
DA:129,1
DA:130,1
DA:137,3
DA:138,3
DA:140,1
DA:141,1
DA:142,1
DA:149,2
DA:150,2
DA:152,0
DA:153,0
DA:154,0
DA:162,2
DA:163,0
DA:164,0
DA:167,0
DA:168,0
DA:171,0
DA:172,0
DA:176,2
DA:178,2
DA:179,2
DA:180,2
LF:70
LH:57
BRDA:112,0,0,2
BRDA:112,0,1,2
BRDA:113,1,0,2
BRDA:113,1,1,2
BRDA:114,2,0,2
BRDA:114,2,1,2
BRDA:115,3,0,2
BRDA:115,3,1,2
BRDA:116,4,0,2
BRDA:116,4,1,2
BRDA:117,5,0,2
BRDA:117,5,1,2
BRDA:118,6,0,2
BRDA:118,6,1,2
BRDA:119,7,0,2
BRDA:119,7,1,2
BRDA:120,8,0,2
BRDA:120,8,1,2
BRDA:121,9,0,2
BRDA:121,9,1,2
BRDA:122,10,0,2
BRDA:122,10,1,2
BRDA:129,11,0,1
BRDA:141,12,0,1
BRDA:153,13,0,0
BRDA:162,14,0,0
BRF:26
BRH:24
end_of_record
TN:
SF:src\utils\anchoring.ts
FN:23,fuzzyReAnchor
FNF:1
FNH:1
FNDA:6,fuzzyReAnchor
DA:23,10
DA:28,6
DA:30,6
DA:31,6
DA:33,6
DA:34,6
DA:36,6
DA:37,10
DA:40,10
DA:41,10
DA:42,4
DA:45,4
DA:46,4
DA:49,4
DA:50,3
DA:51,3
DA:52,3
DA:56,4
DA:57,3
DA:58,3
DA:59,3
DA:64,4
DA:65,2
DA:66,2
DA:67,2
DA:70,4
DA:71,4
DA:72,4
DA:80,4
DA:84,10
DA:85,6
DA:86,6
DA:87,0
DA:89,0
DA:90,0
DA:92,0
DA:93,0
DA:94,0
DA:95,0
DA:98,0
DA:99,0
DA:100,0
DA:101,0
DA:105,0
DA:106,0
DA:107,0
DA:108,0
DA:111,0
DA:112,0
DA:113,0
DA:121,0
DA:127,6
DA:128,2
DA:129,4
DA:131,4
DA:132,4
DA:133,4
DA:134,1
DA:135,1
DA:137,1
DA:139,1
DA:140,1
DA:141,1
DA:153,6
LF:64
LH:45
BRDA:28,0,0,0
BRDA:28,1,0,6
BRDA:28,1,1,6
BRDA:49,2,0,3
BRDA:51,3,0,3
BRDA:51,4,0,3
BRDA:51,4,1,3
BRDA:51,4,2,0
BRDA:56,5,0,3
BRDA:58,6,0,3
BRDA:58,7,0,3
BRDA:58,7,1,3
BRDA:58,7,2,0
BRDA:64,8,0,2
BRDA:64,9,0,4
BRDA:64,9,1,2
BRDA:70,10,0,4
BRDA:84,11,0,6
BRDA:92,12,0,0
BRDA:94,13,0,0
BRDA:94,14,0,0
BRDA:94,14,1,0
BRDA:94,14,2,0
BRDA:98,15,0,0
BRDA:100,16,0,0
BRDA:100,17,0,0
BRDA:100,17,1,0
BRDA:100,17,2,0
BRDA:105,18,0,0
BRDA:105,19,0,0
BRDA:105,19,1,0
BRDA:111,20,0,0
BRDA:127,21,0,2
BRDA:127,22,0,6
BRDA:127,22,1,4
BRDA:131,23,0,4
BRDA:133,24,0,1
BRDA:133,25,0,4
BRDA:133,25,1,4
BRDA:139,26,0,1
BRF:40
BRH:23
end_of_record
TN:
SF:src\utils\ast.ts
FN:6,getPlainTextFromAST
FN:24,(anonymous_1)
FN:26,(anonymous_2)
FN:33,(anonymous_3)
FNF:4
FNH:4
FNDA:224,getPlainTextFromAST
FNDA:2,(anonymous_1)
FNDA:4,(anonymous_2)
FNDA:4,(anonymous_3)
DA:6,3
DA:7,224
DA:8,223
DA:9,71
DA:10,71
DA:11,71
DA:13,0
DA:16,152
DA:17,73
DA:19,79
DA:20,79
DA:21,73
DA:23,79
DA:24,2
DA:25,2
DA:26,2
DA:27,4
DA:32,79
DA:33,4
DA:34,4
DA:37,79
LF:21
LH:20
BRDA:7,0,0,1
BRDA:8,1,0,71
BRDA:16,2,0,73
BRDA:17,3,0,73
BRDA:17,3,1,0
BRDA:20,4,0,73
BRDA:23,5,0,2
BRDA:25,6,0,2
BRDA:32,7,0,4
BRF:9
BRH:8
end_of_record
TN:
SF:src\utils\crypto.ts
FN:12,generateAuthorKeyPair
FN:34,signPayload
FN:46,verifyPayload
FNF:3
FNH:3
FNDA:8,generateAuthorKeyPair
FNDA:6,signPayload
FNDA:11,verifyPayload
DA:3,10
DA:4,10
DA:6,10
DA:12,10
DA:13,8
DA:25,8
DA:34,10
DA:35,6
DA:36,6
DA:37,6
DA:39,6
DA:40,6
DA:46,10
DA:47,11
DA:48,11
DA:49,11
DA:50,11
DA:52,11
DA:53,11
DA:55,0
DA:56,0
LF:21
LH:19
BRF:0
BRH:0
end_of_record
TN:
SF:src\utils\embeddings.ts
FN:8,generateEmbedding
FN:20,(anonymous_1)
FN:52,(anonymous_2)
FN:60,(anonymous_3)
FN:71,cosineSimilarity
FN:77,(anonymous_5)
FN:87,djb2Hash
FNF:7
FNH:7
FNDA:36,generateEmbedding
FNDA:205,(anonymous_1)
FNDA:13824,(anonymous_2)
FNDA:13824,(anonymous_3)
FNDA:2,cosineSimilarity
FNDA:768,(anonymous_5)
FNDA:615,djb2Hash
DA:8,3
DA:10,36
DA:11,0
DA:12,0
DA:13,0
DA:17,36
DA:20,205
DA:23,36
DA:26,36
DA:27,0
DA:28,0
DA:29,0
DA:33,36
DA:35,205
DA:36,615
DA:37,615
DA:38,615
DA:39,615
DA:42,615
DA:45,615
DA:46,615
DA:47,615
DA:52,13824
DA:54,36
DA:55,0
DA:56,0
DA:57,0
DA:60,13824
DA:71,3
DA:72,2
DA:73,0
DA:77,768
DA:88,615
DA:89,615
DA:91,615
DA:92,4545
DA:93,4545
DA:94,4545
DA:97,615
LF:39
LH:29
BRDA:8,0,0,36
BRDA:10,1,0,0
BRDA:10,2,0,36
BRDA:10,2,1,36
BRDA:26,3,0,0
BRDA:42,4,0,316
BRDA:42,4,1,299
BRDA:54,5,0,0
BRDA:72,6,0,0
BRF:9
BRH:5
end_of_record
TN:
SF:src\utils\layout.ts
FN:4,isTabletWidth
FN:11,getScrollAction
FNF:2
FNH:2
FNDA:54,isTabletWidth
FNDA:5,getScrollAction
DA:4,2
DA:5,54
DA:11,2
DA:18,5
DA:20,5
DA:21,1
DA:22,4
DA:23,1
DA:26,3
LF:9
LH:9
BRDA:20,0,0,1
BRDA:20,0,1,4
BRDA:20,1,0,5
BRDA:20,1,1,2
BRDA:22,2,0,1
BRDA:22,3,0,4
BRDA:22,3,1,2
BRF:7
BRH:7
end_of_record
TN:
SF:src\utils\localAssetResolver.ts
FN:6,resolveLocalAssetUri
FN:22,resolveLocalAssetsInHtml
FNF:2
FNH:2
FNDA:4,resolveLocalAssetUri
FNDA:2,resolveLocalAssetsInHtml
DA:1,1
DA:6,1
DA:7,4
DA:8,3
DA:10,1
DA:11,1
DA:14,1
DA:15,1
DA:22,1
DA:23,2
DA:24,1
DA:25,1
DA:26,1
LF:13
LH:13
BRDA:7,0,0,1
BRDA:8,1,0,2
BRDA:10,2,0,1
BRDA:10,2,1,0
BRDA:11,3,0,1
BRDA:11,3,1,0
BRDA:23,4,0,1
BRDA:24,5,0,1
BRDA:24,5,1,0
BRDA:25,6,0,1
BRDA:25,6,1,0
BRF:11
BRH:7
end_of_record
TN:
SF:src\utils\logger.ts
FN:3,logDebug
FNF:1
FNH:0
FNDA:0,logDebug
DA:1,10
DA:3,10
DA:4,0
DA:5,0
DA:6,0
DA:7,0
LF:6
LH:2
BRDA:4,0,0,0
BRDA:6,1,0,0
BRDA:6,1,1,0
BRF:3
BRH:0
end_of_record
TN:
SF:src\utils\merging.ts
FN:23,mergeOverlappingHighlights
FN:29,(anonymous_1)
FN:34,(anonymous_2)
FN:44,(anonymous_3)
FN:51,(anonymous_4)
FN:52,(anonymous_5)
FN:63,computeLineLCS
FN:68,(anonymous_7)
FN:100,computeLCS
FN:126,alignTokensWithLCS
FN:147,(anonymous_10)
FN:170,mergeThreeWay
FNF:12
FNH:12
FNDA:4,mergeOverlappingHighlights
FNDA:6,(anonymous_1)
FNDA:13,(anonymous_2)
FNDA:20,(anonymous_3)
FNDA:8,(anonymous_4)
FNDA:8,(anonymous_5)
FNDA:15,computeLineLCS
FNDA:101,(anonymous_7)
FNDA:5,computeLCS
FNDA:12,alignTokensWithLCS
FNDA:80,(anonymous_10)
FNDA:9,mergeThreeWay
DA:1,10
DA:23,10
DA:24,4
DA:27,3
DA:28,3
DA:29,3
DA:30,6
DA:31,6
DA:34,13
DA:35,3
DA:38,3
DA:39,10
DA:40,10
DA:43,10
DA:44,20
DA:47,10
DA:48,6
DA:51,8
DA:52,8
DA:57,3
DA:63,10
DA:64,15
DA:65,15
DA:66,15
DA:68,101
DA:70,15
DA:71,86
DA:72,711
DA:73,72
DA:75,639
DA:80,15
DA:81,15
DA:82,15
DA:83,100
DA:84,69
DA:85,69
DA:86,69
DA:87,31
DA:88,17
DA:90,14
DA:94,15
DA:100,10
DA:101,5
DA:102,3
DA:103,3
DA:104,3
DA:106,3
DA:107,0
DA:115,3
DA:127,12
DA:128,12
DA:129,12
DA:131,12
DA:132,12
DA:133,60
DA:134,60
DA:135,60
DA:136,60
DA:137,60
DA:138,60
DA:139,60
DA:140,60
DA:141,60
DA:145,12
DA:147,80
DA:148,12
DA:149,12
DA:150,76
DA:151,60
DA:153,16
DA:157,12
DA:158,12
DA:159,68
DA:162,12
DA:170,10
DA:176,9
DA:177,1
DA:179,8
DA:180,1
DA:182,7
DA:183,0
DA:187,7
DA:188,1
DA:195,6
DA:196,6
DA:197,6
DA:198,6
DA:200,6
DA:201,6
DA:203,6
DA:204,6
DA:206,6
DA:207,6
DA:209,6
DA:210,40
DA:211,40
DA:213,40
DA:214,40
DA:216,40
DA:217,29
DA:218,11
DA:219,4
DA:220,7
DA:221,3
DA:223,4
DA:224,4
DA:227,40
DA:228,34
DA:229,34
DA:231,34
DA:232,28
DA:233,6
DA:241,6
DA:242,0
DA:250,6
LF:115
LH:112
BRDA:24,0,0,1
BRDA:44,1,0,20
BRDA:44,1,1,11
BRDA:47,2,0,6
BRDA:72,3,0,72
BRDA:72,3,1,639
BRDA:82,4,0,115
BRDA:82,4,1,100
BRDA:83,5,0,69
BRDA:83,5,1,31
BRDA:87,6,0,17
BRDA:87,6,1,14
BRDA:101,7,0,2
BRDA:101,8,0,5
BRDA:101,8,1,4
BRDA:106,9,0,0
BRDA:134,10,0,67
BRDA:134,10,1,67
BRDA:135,11,0,73
BRDA:135,11,1,73
BRDA:136,12,0,60
BRDA:136,13,0,60
BRDA:136,13,1,60
BRDA:150,14,0,60
BRDA:150,14,1,16
BRDA:176,15,0,1
BRDA:179,16,0,1
BRDA:182,17,0,0
BRDA:187,18,0,1
BRDA:195,19,0,0
BRDA:195,19,1,6
BRDA:195,20,0,6
BRDA:195,20,1,6
BRDA:195,20,2,6
BRDA:216,21,0,29
BRDA:216,21,1,11
BRDA:217,22,0,0
BRDA:218,23,0,4
BRDA:218,23,1,7
BRDA:219,24,0,4
BRDA:220,25,0,3
BRDA:220,25,1,4
BRDA:221,26,0,3
BRDA:227,27,0,34
BRDA:231,28,0,28
BRDA:231,28,1,6
BRDA:231,29,0,34
BRDA:231,29,1,31
BRDA:233,30,0,2
BRDA:233,30,1,4
BRDA:233,31,0,6
BRDA:233,31,1,3
BRDA:241,32,0,0
BRDA:245,33,0,0
BRDA:245,33,1,0
BRDA:245,34,0,0
BRDA:245,34,1,0
BRDA:245,35,0,0
BRDA:245,35,1,0
BRDA:245,36,0,0
BRDA:245,36,1,0
BRF:61
BRH:48
end_of_record
TN:
SF:src\utils\modelDownloader.ts
FN:23,(anonymous_9)
FN:42,(anonymous_10)
FN:51,(anonymous_11)
FN:67,(anonymous_12)
FN:99,(anonymous_13)
FNF:5
FNH:4
FNDA:4,(anonymous_9)
FNDA:2,(anonymous_10)
FNDA:2,(anonymous_11)
FNDA:0,(anonymous_12)
FNDA:2,(anonymous_13)
DA:1,1
DA:3,1
DA:4,1
DA:5,1
DA:6,1
DA:19,1
DA:24,4
DA:25,4
DA:26,4
DA:27,2
DA:28,2
DA:31,2
DA:32,2
DA:34,0
DA:35,0
DA:43,2
DA:44,2
DA:53,2
DA:54,2
DA:55,0
DA:59,2
DA:60,2
DA:61,1
DA:62,1
DA:65,1
DA:67,1
DA:68,0
DA:69,0
DA:70,0
DA:74,1
DA:81,1
DA:82,1
DA:83,1
DA:84,0
DA:87,1
DA:88,1
DA:89,1
DA:91,0
DA:92,0
DA:100,2
DA:101,2
DA:102,2
DA:103,1
DA:104,1
DA:107,0
LF:45
LH:35
BRDA:26,0,0,2
BRDA:44,1,0,1
BRDA:44,1,1,1
BRDA:54,2,0,0
BRDA:60,3,0,1
BRDA:61,4,0,1
BRDA:69,5,0,0
BRDA:83,6,0,0
BRDA:83,7,0,1
BRDA:83,7,1,1
BRDA:88,8,0,1
BRDA:92,9,0,0
BRDA:92,9,1,0
BRDA:102,10,0,1
BRF:14
BRH:9
end_of_record
TN:
SF:src\utils\packer.ts
FN:22,compressLZW
FN:72,decompressLZW
FN:124,scanForLocalAssets
FN:128,(anonymous_3)
FN:149,packNotesBackup
FN:204,unpackNotesBackup
FNF:6
FNH:6
FNDA:9,compressLZW
FNDA:8,decompressLZW
FNDA:2,scanForLocalAssets
FNDA:2,(anonymous_3)
FNDA:2,packNotesBackup
FNDA:2,unpackNotesBackup
DA:1,2
DA:2,2
DA:3,2
DA:6,2
DA:7,2
DA:8,2
DA:22,2
DA:23,9
DA:24,8
DA:25,8
DA:26,2048
DA:29,8
DA:30,8
DA:31,8
DA:33,8
DA:34,4707
DA:35,4707
DA:36,4707
DA:37,1575
DA:39,3132
DA:40,3132
DA:41,3132
DA:43,3132
DA:47,8
DA:48,8
DA:52,8
DA:53,8
DA:54,3140
DA:57,8
DA:58,0
DA:66,8
DA:72,2
DA:73,8
DA:74,7
DA:75,7
DA:76,7
DA:77,2788
DA:80,7
DA:81,7
DA:82,1792
DA:85,7
DA:86,7
DA:87,7
DA:89,7
DA:90,2781
DA:91,2781
DA:92,2781
DA:93,2766
DA:94,15
DA:95,15
DA:97,0
DA:100,2781
DA:102,2781
DA:103,2781
DA:106,2781
DA:109,7
DA:110,0
DA:118,7
DA:125,2
DA:126,2
DA:128,2
DA:129,2
DA:131,2
DA:132,2
DA:135,2
DA:137,2
DA:138,0
DA:143,2
DA:149,2
DA:156,2
DA:159,2
DA:160,2
DA:162,2
DA:163,0
DA:164,0
DA:165,0
DA:166,0
DA:167,0
DA:168,0
DA:169,0
DA:172,0
DA:175,0
DA:180,2
DA:181,2
DA:186,2
DA:187,2
DA:189,2
DA:190,0
DA:198,2
DA:204,2
DA:209,2
DA:210,2
DA:211,2
DA:213,2
DA:214,0
DA:224,2
DA:225,2
DA:230,2
DA:231,2
DA:232,1
DA:243,1
DA:244,0
DA:246,0
DA:247,0
DA:250,0
DA:251,0
DA:252,0
DA:253,0
DA:257,0
DA:263,1
LF:110
LH:87
BRDA:23,0,0,1
BRDA:36,1,0,1575
BRDA:36,1,1,3132
BRDA:40,2,0,3132
BRDA:47,3,0,8
BRDA:57,4,0,0
BRDA:73,5,0,1
BRDA:92,6,0,2766
BRDA:92,6,1,15
BRDA:94,7,0,15
BRDA:94,7,1,0
BRDA:102,8,0,2781
BRDA:109,9,0,0
BRDA:129,10,0,2
BRDA:135,11,0,2
BRDA:162,12,0,0
BRDA:162,12,1,2
BRDA:162,13,0,2
BRDA:162,13,1,0
BRDA:168,14,0,0
BRDA:189,15,0,0
BRDA:213,16,0,0
BRDA:224,17,0,2
BRDA:224,18,0,2
BRDA:224,18,1,2
BRDA:231,19,0,1
BRDA:243,20,0,0
BRDA:243,21,0,1
BRDA:243,21,1,0
BRF:29
BRH:19
end_of_record
TN:
SF:src\utils\sharing.ts
FN:7,isSharingAvailable
FN:21,exportNotesShareSheet
FN:44,importNotesFromUri
FNF:3
FNH:3
FNDA:2,isSharingAvailable
FNDA:1,exportNotesShareSheet
FNDA:1,importNotesFromUri
DA:1,1
DA:2,1
DA:7,1
DA:8,2
DA:9,2
DA:10,0
DA:12,2
DA:14,0
DA:21,1
DA:22,1
DA:23,1
DA:24,1
DA:26,1
DA:30,1
DA:31,1
DA:38,1
DA:44,1
DA:45,1
DA:48,1
LF:19
LH:17
BRDA:9,0,0,0
BRDA:9,1,0,2
BRDA:9,1,1,2
BRDA:21,2,0,0
BRDA:23,3,0,1
BRDA:23,3,1,0
BRDA:30,4,0,1
BRF:7
BRH:4
end_of_record
